[2022-02-18 01:25:27,802][yaml_util1.py 20][INFO]: 加载D:\python_project\pytestdemo\data_file\test_case.yaml文件.....
[2022-02-18 01:25:27,811][yaml_util1.py 23][INFO]: 读到数据 ==>>  {'test': [['获取采收计划', 'get', '/api/v1/harvest_plan/list', {'year': '', 'page': 1, 'size': 15, 'product_name': '', 'sow_start_data': '', 'sow_end_data': '', 'house_type': '01'}, True, 200, '连栋温室']], 'test_01': [['登录平台', 'post', '/api/v1/user/login', {'password': 'lvfulong2021', 'username': 'admin'}, True, 200, 'admin']], 'test_02': [{'name': '登录平台'}, {'requests': {'method': 'post', 'url': 'http://lvfulong-server.fm-dev.gagogroup.cn:30449/api/v1/user/login', 'data': {'password': 'lvfulong2021', 'username': 'admin'}}}], 'test_03': [{'name': '获取采收计划'}, {'requests': {'method': 'get', 'url': 'http://lvfulong-server.fm-dev.gagogroup.cn:30449/api/v1/harvest_plan/list', 'data': {'year': '', 'page': 1, 'size': 15, 'product_name': '', 'sow_start_data': '', 'sow_end_data': '', 'house_type': '01'}}}]}
[2022-02-18 01:51:30,396][yaml_util1.py 52][INFO]: 加载 D:\python_project\pytestdemo\config\setting.ini 文件......
[2022-02-18 01:54:18,308][yaml_util1.py 29][INFO]: 加载D:\python_project\pytestdemo\data_file\test_case.yaml文件.....
[2022-02-18 01:54:18,317][yaml_util1.py 32][INFO]: 读到数据 ==>>  {'test': [['获取采收计划', 'get', '/api/v1/harvest_plan/list', {'year': '', 'page': 1, 'size': 15, 'product_name': '', 'sow_start_data': '', 'sow_end_data': '', 'house_type': '01'}, True, 200, '连栋温室']], 'test_01': [['登录平台', 'post', '/api/v1/user/login', {'password': 'lvfulong2021', 'username': 'admin'}, True, 200, 'admin']], 'test_02': [{'name': '登录平台'}, {'requests': {'method': 'post', 'url': 'http://lvfulong-server.fm-dev.gagogroup.cn:30449/api/v1/user/login', 'data': {'password': 'lvfulong2021', 'username': 'admin'}}}], 'test_03': [{'name': '获取采收计划'}, {'requests': {'method': 'get', 'url': 'http://lvfulong-server.fm-dev.gagogroup.cn:30449/api/v1/harvest_plan/list', 'data': {'year': '', 'page': 1, 'size': 15, 'product_name': '', 'sow_start_data': '', 'sow_end_data': '', 'house_type': '01'}}}]}
[2022-02-18 01:54:18,652][yaml_util1.py 52][INFO]: 加载 D:\python_project\pytestdemo\config\setting.ini 文件......
[2022-02-18 01:58:08,735][yaml_util1.py 29][INFO]: 加载D:\python_project\pytestdemo\data_file\test_case.yaml文件.....
[2022-02-18 01:58:08,742][yaml_util1.py 32][INFO]: 读到数据 ==>>  {'test': [['获取采收计划', 'get', '/api/v1/harvest_plan/list', {'year': '', 'page': 1, 'size': 15, 'product_name': '', 'sow_start_data': '', 'sow_end_data': '', 'house_type': '01'}, True, 200, '连栋温室']], 'test_01': [['登录平台', 'post', '/api/v1/user/login', {'password': 'lvfulong2021', 'username': 'admin'}, True, 200, 'admin']], 'test_02': [{'name': '登录平台'}, {'requests': {'method': 'post', 'url': 'http://lvfulong-server.fm-dev.gagogroup.cn:30449/api/v1/user/login', 'data': {'password': 'lvfulong2021', 'username': 'admin'}}}], 'test_03': [{'name': '获取采收计划'}, {'requests': {'method': 'get', 'url': 'http://lvfulong-server.fm-dev.gagogroup.cn:30449/api/v1/harvest_plan/list', 'data': {'year': '', 'page': 1, 'size': 15, 'product_name': '', 'sow_start_data': '', 'sow_end_data': '', 'house_type': '01'}}}]}
[2022-02-18 01:58:09,014][yaml_util1.py 52][INFO]: 加载 D:\python_project\pytestdemo\config\setting.ini 文件......
[2022-02-18 01:58:09,060][conftest.py 24][INFO]: ~~~~~~~~~~在所有请求之前执行一次~~~~~~~~~~
[2022-02-18 01:58:09,062][yaml_util1.py 49][INFO]: 重置/extract_token.yaml文件.......
[2022-02-18 01:58:09,064][test_cjw1.py 11][INFO]: *************** 登录平台-开始执行用例 ***************
[2022-02-18 01:58:09,335][test_cjw1.py 23][INFO]: *************** 获取采收计划-开始执行用例 ***************
[2022-02-18 01:58:09,344][conftest.py 28][INFO]: ~~~~~~~~~~在所有请求之后执行一次~~~~~~~~~~
[2022-02-18 02:07:06,144][yaml_util1.py 52][INFO]: 加载 D:\python_project\pytestdemo\config\setting.ini 文件......
[2022-02-18 02:08:38,214][yaml_util1.py 52][INFO]: 加载 D:\python_project\pytestdemo\config\setting.ini 文件......
[2022-02-18 02:09:53,114][yaml_util1.py 52][INFO]: 加载 D:\python_project\pytestdemo\config\setting.ini 文件......
[2022-02-18 02:10:56,608][yaml_util1.py 52][INFO]: 加载 D:\python_project\pytestdemo\config\setting.ini 文件......
[2022-02-18 02:11:51,860][yaml_util1.py 52][INFO]: 加载 D:\python_project\pytestdemo\config\setting.ini 文件......
[2022-02-18 02:15:22,660][yaml_util1.py 52][INFO]: 加载 D:\python_project\pytestdemo\config\setting.ini 文件......
[2022-02-18 02:15:38,327][yaml_util1.py 52][INFO]: 加载 D:\python_project\pytestdemo\config\setting.ini 文件......
[2022-02-18 02:20:08,302][yaml_util1.py 52][INFO]: 加载 D:\python_project\pytestdemo\config\setting.ini 文件......
[2022-02-18 02:21:13,090][yaml_util1.py 52][INFO]: 加载 D:\python_project\pytestdemo\config\setting.ini 文件......
[2022-02-18 02:21:24,070][yaml_util1.py 52][INFO]: 加载 D:\python_project\pytestdemo\config\setting.ini 文件......
[2022-02-18 02:21:46,723][yaml_util1.py 52][INFO]: 加载 D:\python_project\pytestdemo\config\setting.ini 文件......
[2022-02-18 02:22:02,011][yaml_util1.py 52][INFO]: 加载 D:\python_project\pytestdemo\config\setting.ini 文件......
[2022-02-18 02:22:38,038][yaml_util1.py 52][INFO]: 加载 D:\python_project\pytestdemo\config\setting.ini 文件......
[2022-02-18 02:22:46,972][yaml_util1.py 52][INFO]: 加载 D:\python_project\pytestdemo\config\setting.ini 文件......
[2022-02-18 02:22:46,973][all_requests.py 93][INFO]: 接口请求地址 ==>> http://lvfulong-server.fm-dev.gagogroup.cn:30449http://lvfulong-server.fm-dev.gagogroup.cn:30449/api/v1/user/login
[2022-02-18 02:22:46,974][all_requests.py 94][INFO]: 接口请求方式 ==>> post
[2022-02-18 02:22:46,974][all_requests.py 96][INFO]: 接口请求头 ==>> null
[2022-02-18 02:22:46,974][all_requests.py 97][INFO]: 接口请求 params 参数 ==>> null
[2022-02-18 02:22:47,006][all_requests.py 98][INFO]: 接口请求体 data 参数 ==>> {
    "password": "lvfulong2021",
    "username": "admin"
}
[2022-02-18 02:22:47,006][all_requests.py 99][INFO]: 接口请求体 json 参数 ==>> null
[2022-02-18 02:22:47,007][all_requests.py 100][INFO]: 接口上传附件 files 参数 ==>> None
[2022-02-18 02:22:47,007][all_requests.py 101][INFO]: 接口 cookies 参数 ==>> null
[2022-02-18 02:23:34,405][yaml_util1.py 52][INFO]: 加载 D:\python_project\pytestdemo\config\setting.ini 文件......
[2022-02-18 02:23:43,033][yaml_util1.py 52][INFO]: 加载 D:\python_project\pytestdemo\config\setting.ini 文件......
[2022-02-18 02:23:54,766][yaml_util1.py 52][INFO]: 加载 D:\python_project\pytestdemo\config\setting.ini 文件......
[2022-02-18 02:23:54,767][all_requests.py 93][INFO]: 接口请求地址 ==>> http://lvfulong-server.fm-dev.gagogroup.cn:30449http://lvfulong-server.fm-dev.gagogroup.cn:30449/api/v1/user/login
[2022-02-18 02:23:54,767][all_requests.py 94][INFO]: 接口请求方式 ==>> post
[2022-02-18 02:23:54,767][all_requests.py 96][INFO]: 接口请求头 ==>> null
[2022-02-18 02:23:54,768][all_requests.py 97][INFO]: 接口请求 params 参数 ==>> null
[2022-02-18 02:23:54,768][all_requests.py 98][INFO]: 接口请求体 data 参数 ==>> {
    "password": "lvfulong2021",
    "username": "admin"
}
[2022-02-18 02:23:54,768][all_requests.py 99][INFO]: 接口请求体 json 参数 ==>> null
[2022-02-18 02:23:54,768][all_requests.py 100][INFO]: 接口上传附件 files 参数 ==>> None
[2022-02-18 02:23:54,768][all_requests.py 101][INFO]: 接口 cookies 参数 ==>> null
[2022-02-18 02:24:35,432][yaml_util1.py 52][INFO]: 加载 D:\python_project\pytestdemo\config\setting.ini 文件......
[2022-02-18 02:25:50,988][yaml_util1.py 52][INFO]: 加载 D:\python_project\pytestdemo\config\setting.ini 文件......
[2022-02-18 02:27:36,257][yaml_util1.py 52][INFO]: 加载 D:\python_project\pytestdemo\config\setting.ini 文件......
[2022-02-18 02:28:07,385][yaml_util1.py 52][INFO]: 加载 D:\python_project\pytestdemo\config\setting.ini 文件......
