[2022-01-28 22:08:14,500][yaml_util1.py 15][INFO]: 读取文件/testcase/test_case.yaml.....
[2022-01-28 22:08:14,520][all_requests.py 84][INFO]: 接口请求地址 ==>> http://lvfulong-server.fm-dev.gagogroup.cn:30449/api/v1/user/login
[2022-01-28 22:08:14,521][all_requests.py 85][INFO]: 接口请求方式 ==>> post
[2022-01-28 22:08:14,521][all_requests.py 87][INFO]: 接口请求头 ==>> null
[2022-01-28 22:08:14,521][all_requests.py 88][INFO]: 接口请求 params 参数 ==>> null
[2022-01-28 22:08:14,521][all_requests.py 89][INFO]: 接口请求体 data 参数 ==>> {
    "password": "lvfulong2021",
    "username": "admin"
}
[2022-01-28 22:08:14,521][all_requests.py 90][INFO]: 接口请求体 json 参数 ==>> null
[2022-01-28 22:08:14,521][all_requests.py 91][INFO]: 接口上传附件 files 参数 ==>> None
[2022-01-28 22:08:14,522][all_requests.py 92][INFO]: 接口 cookies 参数 ==>> null
[2022-01-28 22:08:14,855][all_requests.py 84][INFO]: 接口请求地址 ==>> http://lvfulong-server.fm-dev.gagogroup.cn:30449/api/v1/harvest_plan/list
[2022-01-28 22:08:14,855][all_requests.py 85][INFO]: 接口请求方式 ==>> get
[2022-01-28 22:08:14,855][all_requests.py 87][INFO]: 接口请求头 ==>> {
    "token": "2bb64b66-528c-4427-903b-c5e7a1586e3a"
}
[2022-01-28 22:08:14,855][all_requests.py 88][INFO]: 接口请求 params 参数 ==>> null
[2022-01-28 22:08:14,855][all_requests.py 89][INFO]: 接口请求体 data 参数 ==>> {
    "year": "",
    "page": 1,
    "size": 15,
    "product_name": "",
    "sow_start_data": "",
    "sow_end_data": "",
    "house_type": "01"
}
[2022-01-28 22:08:14,855][all_requests.py 90][INFO]: 接口请求体 json 参数 ==>> null
[2022-01-28 22:08:14,855][all_requests.py 91][INFO]: 接口上传附件 files 参数 ==>> None
[2022-01-28 22:08:14,855][all_requests.py 92][INFO]: 接口 cookies 参数 ==>> null
[2022-01-28 22:18:55,341][yaml_util1.py 15][INFO]: 读取文件/testcase/test_case.yaml.....
[2022-01-28 22:18:55,349][yaml_util1.py 31][INFO]: 清空extract_token文件.......
[2022-01-28 22:23:14,396][yaml_util1.py 15][INFO]: 读取文件/testcase/test_case.yaml.....
[2022-01-28 22:23:14,405][yaml_util1.py 31][INFO]: 清空extract_token文件.......
[2022-01-28 22:25:29,992][yaml_util1.py 15][INFO]: 读取文件/testcase/test_case.yaml.....
[2022-01-28 22:25:30,001][yaml_util1.py 31][INFO]: 清空extract_token.yaml文件.......
[2022-01-28 22:30:14,726][yaml_util1.py 15][INFO]: 读取文件/testcase/test_case.yaml.....
[2022-01-28 22:30:14,735][yaml_util1.py 31][INFO]: 清空/extract_token.yaml文件.......
[2022-01-28 22:31:38,787][yaml_util1.py 15][INFO]: 读取文件/testcase/test_case.yaml.....
[2022-01-28 22:31:38,796][all_requests.py 84][INFO]: 接口请求地址 ==>> http://lvfulong-server.fm-dev.gagogroup.cn:30449/api/v1/user/login
[2022-01-28 22:31:38,796][all_requests.py 85][INFO]: 接口请求方式 ==>> post
[2022-01-28 22:31:38,796][all_requests.py 87][INFO]: 接口请求头 ==>> null
[2022-01-28 22:31:38,796][all_requests.py 88][INFO]: 接口请求 params 参数 ==>> null
[2022-01-28 22:31:38,796][all_requests.py 89][INFO]: 接口请求体 data 参数 ==>> {
    "password": "lvfulong2021",
    "username": "admin"
}
[2022-01-28 22:31:38,796][all_requests.py 90][INFO]: 接口请求体 json 参数 ==>> null
[2022-01-28 22:31:38,796][all_requests.py 91][INFO]: 接口上传附件 files 参数 ==>> None
[2022-01-28 22:31:38,797][all_requests.py 92][INFO]: 接口 cookies 参数 ==>> null
[2022-01-28 22:31:39,164][all_requests.py 84][INFO]: 接口请求地址 ==>> http://lvfulong-server.fm-dev.gagogroup.cn:30449/api/v1/harvest_plan/list
[2022-01-28 22:31:39,164][all_requests.py 85][INFO]: 接口请求方式 ==>> get
[2022-01-28 22:31:39,164][all_requests.py 87][INFO]: 接口请求头 ==>> null
[2022-01-28 22:31:39,164][all_requests.py 88][INFO]: 接口请求 params 参数 ==>> null
[2022-01-28 22:31:39,164][all_requests.py 89][INFO]: 接口请求体 data 参数 ==>> {
    "year": "",
    "page": 1,
    "size": 15,
    "product_name": "",
    "sow_start_data": "",
    "sow_end_data": "",
    "house_type": "01"
}
[2022-01-28 22:31:39,164][all_requests.py 90][INFO]: 接口请求体 json 参数 ==>> null
[2022-01-28 22:31:39,164][all_requests.py 91][INFO]: 接口上传附件 files 参数 ==>> None
[2022-01-28 22:31:39,165][all_requests.py 92][INFO]: 接口 cookies 参数 ==>> null
[2022-01-28 22:31:49,224][yaml_util1.py 15][INFO]: 读取文件/testcase/test_case.yaml.....
[2022-01-28 22:31:49,234][all_requests.py 84][INFO]: 接口请求地址 ==>> http://lvfulong-server.fm-dev.gagogroup.cn:30449/api/v1/user/login
[2022-01-28 22:31:49,235][all_requests.py 85][INFO]: 接口请求方式 ==>> post
[2022-01-28 22:31:49,235][all_requests.py 87][INFO]: 接口请求头 ==>> null
[2022-01-28 22:31:49,235][all_requests.py 88][INFO]: 接口请求 params 参数 ==>> null
[2022-01-28 22:31:49,235][all_requests.py 89][INFO]: 接口请求体 data 参数 ==>> {
    "password": "lvfulong2021",
    "username": "admin"
}
[2022-01-28 22:31:49,235][all_requests.py 90][INFO]: 接口请求体 json 参数 ==>> null
[2022-01-28 22:31:49,235][all_requests.py 91][INFO]: 接口上传附件 files 参数 ==>> None
[2022-01-28 22:31:49,235][all_requests.py 92][INFO]: 接口 cookies 参数 ==>> null
[2022-01-28 22:31:49,432][all_requests.py 84][INFO]: 接口请求地址 ==>> http://lvfulong-server.fm-dev.gagogroup.cn:30449/api/v1/harvest_plan/list
[2022-01-28 22:31:49,432][all_requests.py 85][INFO]: 接口请求方式 ==>> get
[2022-01-28 22:31:49,432][all_requests.py 87][INFO]: 接口请求头 ==>> {
    "token": "a2f24d0e-4a42-4793-a0ec-bdc579686586"
}
[2022-01-28 22:31:49,432][all_requests.py 88][INFO]: 接口请求 params 参数 ==>> null
[2022-01-28 22:31:49,432][all_requests.py 89][INFO]: 接口请求体 data 参数 ==>> {
    "year": "",
    "page": 1,
    "size": 15,
    "product_name": "",
    "sow_start_data": "",
    "sow_end_data": "",
    "house_type": "01"
}
[2022-01-28 22:31:49,433][all_requests.py 90][INFO]: 接口请求体 json 参数 ==>> null
[2022-01-28 22:31:49,433][all_requests.py 91][INFO]: 接口上传附件 files 参数 ==>> None
[2022-01-28 22:31:49,433][all_requests.py 92][INFO]: 接口 cookies 参数 ==>> null
[2022-01-28 22:34:34,758][yaml_util1.py 15][INFO]: 读取文件/testcase/test_case.yaml.....
[2022-01-28 22:34:34,766][all_requests.py 84][INFO]: 接口请求地址 ==>> http://lvfulong-server.fm-dev.gagogroup.cn:30449/api/v1/user/login
[2022-01-28 22:34:34,766][all_requests.py 85][INFO]: 接口请求方式 ==>> post
[2022-01-28 22:34:34,766][all_requests.py 87][INFO]: 接口请求头 ==>> null
[2022-01-28 22:34:34,767][all_requests.py 88][INFO]: 接口请求 params 参数 ==>> null
[2022-01-28 22:34:34,767][all_requests.py 89][INFO]: 接口请求体 data 参数 ==>> {
    "password": "lvfulong2021",
    "username": "admin"
}
[2022-01-28 22:34:34,767][all_requests.py 90][INFO]: 接口请求体 json 参数 ==>> null
[2022-01-28 22:34:34,767][all_requests.py 91][INFO]: 接口上传附件 files 参数 ==>> None
[2022-01-28 22:34:34,767][all_requests.py 92][INFO]: 接口 cookies 参数 ==>> null
[2022-01-28 22:34:35,050][all_requests.py 84][INFO]: 接口请求地址 ==>> http://lvfulong-server.fm-dev.gagogroup.cn:30449/api/v1/harvest_plan/list
[2022-01-28 22:34:35,050][all_requests.py 85][INFO]: 接口请求方式 ==>> get
[2022-01-28 22:34:35,050][all_requests.py 87][INFO]: 接口请求头 ==>> {
    "token": "ca614a4d-3a66-4bc0-b9a2-e9b7554d693b"
}
[2022-01-28 22:34:35,050][all_requests.py 88][INFO]: 接口请求 params 参数 ==>> null
[2022-01-28 22:34:35,050][all_requests.py 89][INFO]: 接口请求体 data 参数 ==>> {
    "year": "",
    "page": 1,
    "size": 15,
    "product_name": "",
    "sow_start_data": "",
    "sow_end_data": "",
    "house_type": "01"
}
[2022-01-28 22:34:35,051][all_requests.py 90][INFO]: 接口请求体 json 参数 ==>> null
[2022-01-28 22:34:35,051][all_requests.py 91][INFO]: 接口上传附件 files 参数 ==>> None
[2022-01-28 22:34:35,051][all_requests.py 92][INFO]: 接口 cookies 参数 ==>> null
[2022-01-28 22:34:53,581][yaml_util1.py 15][INFO]: 读取文件/testcase/test_case.yaml.....
[2022-01-28 22:34:53,589][yaml_util1.py 31][INFO]: 清空/extract_token.yaml文件.......
[2022-01-28 22:34:53,590][all_requests.py 84][INFO]: 接口请求地址 ==>> http://lvfulong-server.fm-dev.gagogroup.cn:30449/api/v1/user/login
[2022-01-28 22:34:53,590][all_requests.py 85][INFO]: 接口请求方式 ==>> post
[2022-01-28 22:34:53,590][all_requests.py 87][INFO]: 接口请求头 ==>> null
[2022-01-28 22:34:53,590][all_requests.py 88][INFO]: 接口请求 params 参数 ==>> null
[2022-01-28 22:34:53,590][all_requests.py 89][INFO]: 接口请求体 data 参数 ==>> {
    "password": "lvfulong2021",
    "username": "admin"
}
[2022-01-28 22:34:53,590][all_requests.py 90][INFO]: 接口请求体 json 参数 ==>> null
[2022-01-28 22:34:53,591][all_requests.py 91][INFO]: 接口上传附件 files 参数 ==>> None
[2022-01-28 22:34:53,591][all_requests.py 92][INFO]: 接口 cookies 参数 ==>> null
[2022-01-28 22:34:53,861][all_requests.py 84][INFO]: 接口请求地址 ==>> http://lvfulong-server.fm-dev.gagogroup.cn:30449/api/v1/harvest_plan/list
[2022-01-28 22:34:53,861][all_requests.py 85][INFO]: 接口请求方式 ==>> get
[2022-01-28 22:34:53,861][all_requests.py 87][INFO]: 接口请求头 ==>> {
    "token": "9f8d4742-2967-4721-83c3-437fc998fd43"
}
[2022-01-28 22:34:53,861][all_requests.py 88][INFO]: 接口请求 params 参数 ==>> null
[2022-01-28 22:34:53,861][all_requests.py 89][INFO]: 接口请求体 data 参数 ==>> {
    "year": "",
    "page": 1,
    "size": 15,
    "product_name": "",
    "sow_start_data": "",
    "sow_end_data": "",
    "house_type": "01"
}
[2022-01-28 22:34:53,862][all_requests.py 90][INFO]: 接口请求体 json 参数 ==>> null
[2022-01-28 22:34:53,862][all_requests.py 91][INFO]: 接口上传附件 files 参数 ==>> None
[2022-01-28 22:34:53,862][all_requests.py 92][INFO]: 接口 cookies 参数 ==>> null
[2022-01-28 22:36:39,741][yaml_util1.py 15][INFO]: 读取文件/testcase/test_case.yaml.....
[2022-01-28 22:36:39,749][yaml_util1.py 31][INFO]: 重置/extract_token.yaml文件.......
[2022-01-28 22:36:39,750][all_requests.py 84][INFO]: 接口请求地址 ==>> http://lvfulong-server.fm-dev.gagogroup.cn:30449/api/v1/user/login
[2022-01-28 22:36:39,751][all_requests.py 85][INFO]: 接口请求方式 ==>> post
[2022-01-28 22:36:39,751][all_requests.py 87][INFO]: 接口请求头 ==>> null
[2022-01-28 22:36:39,751][all_requests.py 88][INFO]: 接口请求 params 参数 ==>> null
[2022-01-28 22:36:39,751][all_requests.py 89][INFO]: 接口请求体 data 参数 ==>> {
    "password": "lvfulong2021",
    "username": "admin"
}
[2022-01-28 22:36:39,751][all_requests.py 90][INFO]: 接口请求体 json 参数 ==>> null
[2022-01-28 22:36:39,751][all_requests.py 91][INFO]: 接口上传附件 files 参数 ==>> None
[2022-01-28 22:36:39,751][all_requests.py 92][INFO]: 接口 cookies 参数 ==>> null
[2022-01-28 22:36:43,447][test_case1.py 41][INFO]: {"code":200,"data":{"result":{"token":"be8aa54e-ff56-4c46-9e7c-0973c1034def","id":1,"nickname":"admin","isActive":true,"username":"admin","phone":"12345","updated_at":"2020-11-04T03:01:37.538Z","is_deleted":false,"role":{"id":1,"name":"admin","createdAt":null,"updatedAt":"2021-06-23T02:08:45.170Z","web":["/home-new","/home","/house-digital","/system-manage/user","/system-manage","/system-manage/permissions","/system-manage/devices","/system-manage/products","/device-control","/video-intelligent-monitoring","/farming-manage","/farming-manage/plant-standard-management","/farming-manage/recovery-plan","/farming-manage/farming-task-management","/farming-manage/digital-farmland-notes","/pest-disease-monitor","/quality-manage","/farming-origin","/data-analyse","/lot-device-monitoring","/model-explore","/model-explore/crop-growth","/model-explore/environment-analysis","/model-explore/aquatic-vegetables"],"app":["/home","/house-digital","/lot-device-monitoring"],"dataAuthority":"1","isDeleted":false},"departments":[{"id":3,"name":"分组a","parent_id":2,"createdAt":null,"updatedAt":null}]}}}
[2022-01-28 22:36:43,454][all_requests.py 84][INFO]: 接口请求地址 ==>> http://lvfulong-server.fm-dev.gagogroup.cn:30449/api/v1/harvest_plan/list
[2022-01-28 22:36:43,454][all_requests.py 85][INFO]: 接口请求方式 ==>> get
[2022-01-28 22:36:43,454][all_requests.py 87][INFO]: 接口请求头 ==>> {
    "token": "be8aa54e-ff56-4c46-9e7c-0973c1034def"
}
[2022-01-28 22:36:43,454][all_requests.py 88][INFO]: 接口请求 params 参数 ==>> null
[2022-01-28 22:36:43,454][all_requests.py 89][INFO]: 接口请求体 data 参数 ==>> {
    "year": "",
    "page": 1,
    "size": 15,
    "product_name": "",
    "sow_start_data": "",
    "sow_end_data": "",
    "house_type": "01"
}
[2022-01-28 22:36:43,454][all_requests.py 90][INFO]: 接口请求体 json 参数 ==>> null
[2022-01-28 22:36:43,454][all_requests.py 91][INFO]: 接口上传附件 files 参数 ==>> None
[2022-01-28 22:36:43,455][all_requests.py 92][INFO]: 接口 cookies 参数 ==>> null
[2022-01-28 22:36:43,681][test_case1.py 41][INFO]: {"code":200,"data":{"result":{"list":[{"real_yield":0,"harvest_info":[],"serialNum":"CM_CM_SDH_21122202","plantBatch":2,"remarks":null,"yield":500,"harvest_end_date":"2021-12-24","harvest_start_date":"2021-12-23","plant_num":500,"plant_date":"2021-12-23","sow_num":500,"sow_date":"2021-12-22","area":null,"green_house_name":["连栋温室"],"green_house_id":["4"],"id":181,"crop_type":"圣诞红","leader":"测试","product_type":"草莓","product_name":"草莓","image":"https://lvfulong-app-test.gagogroup.cn:31787/uploads/acfc7a57fdd94da7a9b78cf44736bc8d.jpg","plancode":"2021010055"},{"real_yield":0,"harvest_info":[],"serialNum":"CM_CM_SDH_21122201","plantBatch":1,"remarks":null,"yield":111,"harvest_end_date":"2021-12-25T03:36:48.587Z","harvest_start_date":"2021-12-24T03:36:45.801Z","plant_num":111,"plant_date":"2021-12-23T03:36:40.820Z","sow_num":500,"sow_date":"2021-12-22T03:36:32.138Z","area":null,"green_house_name":["连栋温室"],"green_house_id":["4"],"id":180,"crop_type":"圣诞红","leader":"测试","product_type":"草莓","product_name":"草莓","image":"https://lvfulong-app-test.gagogroup.cn:31787/uploads/acfc7a57fdd94da7a9b78cf44736bc8d.jpg","plancode":"2021010054"},{"real_yield":0,"harvest_info":[],"serialNum":"CM_CM_SDH_21122003","plantBatch":3,"remarks":null,"yield":500,"harvest_end_date":"2021-12-23T08:15:41.131Z","harvest_start_date":"2021-12-22T08:15:37.838Z","plant_num":500,"plant_date":"2021-12-21T08:15:29.176Z","sow_num":500,"sow_date":"2021-12-20T08:15:17.727Z","area":null,"green_house_name":["连栋温室"],"green_house_id":["4"],"id":179,"crop_type":"圣诞红","leader":"小陈","product_type":"草莓","product_name":"草莓","image":"https://lvfulong-app-test.gagogroup.cn:31787/uploads/acfc7a57fdd94da7a9b78cf44736bc8d.jpg","plancode":"2021010053"},{"real_yield":0,"harvest_info":[],"serialNum":"CM_CM_SDH_21012202","plantBatch":2,"remarks":null,"yield":500,"harvest_end_date":"2021-12-23","harvest_start_date":"2021-12-22","plant_num":500,"plant_date":"2021-12-21","sow_num":500,"sow_date":"2021-12-20","area":null,"green_house_name":["连栋温室"],"green_house_id":["4"],"id":178,"crop_type":"圣诞红","leader":"小陈","product_type":"草莓","product_name":"草莓","image":"https://lvfulong-app-test.gagogroup.cn:31787/uploads/acfc7a57fdd94da7a9b78cf44736bc8d.jpg","plancode":"2021010052"},{"real_yield":0,"harvest_info":[],"serialNum":"CM_CM_SDH_21121601","plantBatch":1,"remarks":null,"yield":500,"harvest_end_date":"2021-12-19","harvest_start_date":"2021-12-18","plant_num":500,"plant_date":"2021-12-17","sow_num":500,"sow_date":"2021-12-16","area":null,"green_house_name":["连栋温室"],"green_house_id":["4"],"id":177,"crop_type":"圣诞红","leader":"小陈","product_type":"草莓","product_name":"草莓","image":"https://lvfulong-app-test.gagogroup.cn:31787/uploads/acfc7a57fdd94da7a9b78cf44736bc8d.jpg","plancode":"2021010051"},{"real_yield":0,"harvest_info":[],"serialNum":"JD_CD_BJXHYD_2112850","plantBatch":50,"remarks":null,"yield":100,"harvest_end_date":"2021-12-07T07:08:55.922Z","harvest_start_date":"2021-12-07T07:08:54.018Z","plant_num":10,"plant_date":"2021-12-07T07:08:15.422Z","sow_num":100,"sow_date":"2021-12-08T07:08:00.362Z","area":null,"green_house_name":["温室E区9号"],"green_house_id":["33"],"id":176,"crop_type":"北京小黑芸豆","leader":"小文","product_type":"豇豆","product_name":"菜豆","image":"https://lvfulong-app-test.gagogroup.cn:31787/uploads/ef2f68396a9148c79e8642db00a002a6.jpg","plancode":"2021010050"},{"real_yield":0,"harvest_info":[],"serialNum":"J_J_QX_2112710","plantBatch":10,"remarks":null,"yield":100,"harvest_end_date":"2021-12-07T07:07:07.110Z","harvest_start_date":"2021-12-07T07:07:05.181Z","plant_num":100,"plant_date":"2021-12-07T07:06:59.694Z","sow_num":100,"sow_date":"2021-12-07T07:06:52.308Z","area":null,"green_house_name":["连栋温室"],"green_house_id":["4"],"id":175,"crop_type":"千禧","leader":"小花","product_type":"姜","product_name":"姜","image":"https://lvfulong-app-test.gagogroup.cn:31787/uploads/fbec063b7f174e7b82dcc0ec14b1aabf.jpg","plancode":"2021010049"},{"real_yield":0,"harvest_info":[],"serialNum":"CH_BCH_FH6_2112705","plantBatch":5,"remarks":null,"yield":100,"harvest_end_date":"2021-12-07T07:03:59.024Z","harvest_start_date":"2021-12-07T07:03:48.128Z","plant_num":10,"plant_date":"2021-12-07T07:03:36.699Z","sow_num":100,"sow_date":"2021-12-07T07:03:26.587Z","area":null,"green_house_name":["连栋温室"],"green_house_id":["4"],"id":174,"crop_type":"丰华60","leader":"小明","product_type":"菜花","product_name":"白菜花","image":"https://lvfulong-app-test.gagogroup.cn:31787/uploads/041477fc2b4d45a9a6099e2fba6ae62d.jpg","plancode":"2021010048"},{"real_yield":0,"harvest_info":[],"serialNum":"CM_CM_SDH_21012755","plantBatch":55,"remarks":null,"yield":14000,"harvest_end_date":"2021-12-17T00:00:00.000Z","harvest_start_date":"2021-12-16T00:00:00.000Z","plant_num":14000,"plant_date":"2021-12-10T00:00:00.000Z","sow_num":88,"sow_date":"2021-12-07T00:00:00.000Z","area":null,"green_house_name":["连栋温室"],"green_house_id":["4"],"id":173,"crop_type":"圣诞红","leader":"张杰","product_type":"草莓","product_name":"草莓","image":"https://lvfulong-app-test.gagogroup.cn:31787/uploads/acfc7a57fdd94da7a9b78cf44736bc8d.jpg","plancode":"2021010047"},{"real_yield":0,"harvest_info":[],"serialNum":"HG_HG_BJ1_21010210","plantBatch":10,"remarks":null,"yield":500,"harvest_end_date":"2021-10-31T00:00:00.000Z","harvest_start_date":"2021-10-30T00:00:00.000Z","plant_num":500,"plant_date":"2021-10-29T00:00:00.000Z","sow_num":500,"sow_date":"2021-10-28T00:00:00.000Z","area":null,"green_house_name":["连栋温室"],"green_house_id":["4"],"id":172,"crop_type":"北京101","leader":"小陈","product_type":"黄瓜","product_name":"黄瓜","image":"https://lvfulong-app-test.gagogroup.cn:31787/uploads/ccf92aab3c604f8a87433c93d84ee6d0.jpg","plancode":"2021010046"},{"real_yield":0,"harvest_info":[],"serialNum":"CM_CM_SDH_210102undefined","plantBatch":null,"remarks":null,"yield":500,"harvest_end_date":"2021-10-30","harvest_start_date":"2021-10-29","plant_num":500,"plant_date":"2021-10-28","sow_num":500,"sow_date":"2021-10-27","area":null,"green_house_name":["连栋温室"],"green_house_id":["4"],"id":170,"crop_type":"圣诞红","leader":"小陈","product_type":"草莓","product_name":"草莓","image":"https://lvfulong-app-test.gagogroup.cn:31787/uploads/acfc7a57fdd94da7a9b78cf44736bc8d.jpg","plancode":"2021010044"},{"real_yield":0,"harvest_info":[],"serialNum":"J_J_QX_211026undefined","plantBatch":null,"remarks":null,"yield":233,"harvest_end_date":"2021-10-26","harvest_start_date":"2021-10-20","plant_num":33,"plant_date":"2021-10-27","sow_num":14000,"sow_date":"2021-10-26","area":null,"green_house_name":["温室E区7号","温室E区8号","温室E区9号","温室E区10号","温室E区11号","温室E区12号","温室E区13号","温室E区14号","温室E区15号","19号温室","温室E区16号","温室E区20号","温室E区21号","1号温室","2号温室","3号温室","4号温室","连栋温室","17号温室","新1号温室","温室E区2号","温室E区3号","温室E区4号","温室E区5号","温室E区6号","18号温室"],"green_house_id":["31","32","33","34","35","36","37","38","39","5","40","41","42","9","10","11","12","4","7","8","26","27","28","29","30","6"],"id":169,"crop_type":"千禧","leader":"何小花","product_type":"姜","product_name":"姜","image":"https://lvfulong-app-test.gagogroup.cn:31787/uploads/fbec063b7f174e7b82dcc0ec14b1aabf.jpg","plancode":"2021010043"},{"real_yield":0,"harvest_info":[],"serialNum":"J_J_QX_21105undefined","plantBatch":null,"remarks":null,"yield":14000,"harvest_end_date":"2021-10-26","harvest_start_date":"2021-10-19","plant_num":14000,"plant_date":"2021-10-26","sow_num":88,"sow_date":"2021-10-05","area":null,"green_house_name":["连栋温室"],"green_house_id":["4"],"id":168,"crop_type":"千禧","leader":"何小明","product_type":"姜","product_name":"姜","image":"https://lvfulong-app-test.gagogroup.cn:31787/uploads/fbec063b7f174e7b82dcc0ec14b1aabf.jpg","plancode":"2021010042"},{"real_yield":0,"harvest_info":[],"serialNum":"CH_BCH_FH6_21010209","plantBatch":9,"remarks":null,"yield":200,"harvest_end_date":"2021-10-27T06:16:59.963Z","harvest_start_date":"2021-10-26T06:16:57.299Z","plant_num":355,"plant_date":"2021-10-25T06:16:51.989Z","sow_num":499,"sow_date":"2021-10-25T06:16:35.489Z","area":null,"green_house_name":["连栋温室"],"green_house_id":["4"],"id":167,"crop_type":"丰华60","leader":"55","product_type":"菜花","product_name":"白菜花","image":"https://lvfulong-app-test.gagogroup.cn:31787/uploads/041477fc2b4d45a9a6099e2fba6ae62d.jpg","plancode":"2021010041"},{"real_yield":0,"harvest_info":[],"serialNum":"CM_CM_SDH_210102undefined","plantBatch":null,"remarks":null,"yield":233,"harvest_end_date":"2021-10-26","harvest_start_date":"2021-10-27","plant_num":14000,"plant_date":"2021-10-27","sow_num":14000,"sow_date":"2021-10-27","area":null,"green_house_name":["连栋温室"],"green_house_id":["4"],"id":166,"crop_type":"圣诞红","leader":"张杰","product_type":"草莓","product_name":"草莓","image":"https://lvfulong-app-test.gagogroup.cn:31787/uploads/acfc7a57fdd94da7a9b78cf44736bc8d.jpg","plancode":"2021010040"}],"total":44,"current_type_total_num":"2022010056"}}}
[2022-01-28 22:39:38,497][yaml_util1.py 15][INFO]: 读取文件/testcase/test_case.yaml.....
[2022-01-28 22:39:38,504][yaml_util1.py 31][INFO]: 重置/extract_token.yaml文件.......
[2022-01-28 22:39:38,505][all_requests.py 84][INFO]: 接口请求地址 ==>> http://lvfulong-server.fm-dev.gagogroup.cn:30449/api/v1/user/login
[2022-01-28 22:39:38,505][all_requests.py 85][INFO]: 接口请求方式 ==>> post
[2022-01-28 22:39:38,506][all_requests.py 87][INFO]: 接口请求头 ==>> null
[2022-01-28 22:39:38,506][all_requests.py 88][INFO]: 接口请求 params 参数 ==>> null
[2022-01-28 22:39:38,506][all_requests.py 89][INFO]: 接口请求体 data 参数 ==>> {
    "password": "lvfulong2021",
    "username": "admin"
}
[2022-01-28 22:39:38,506][all_requests.py 90][INFO]: 接口请求体 json 参数 ==>> null
[2022-01-28 22:39:38,506][all_requests.py 91][INFO]: 接口上传附件 files 参数 ==>> None
[2022-01-28 22:39:38,506][all_requests.py 92][INFO]: 接口 cookies 参数 ==>> null
[2022-01-28 22:39:43,518][yaml_util1.py 25][INFO]: 将{'token': '2650c2d0-349c-4c1b-a184-2dae43b5315a'}写入......
[2022-01-28 22:39:43,519][test_case1.py 41][INFO]: {"code":200,"data":{"result":{"token":"2650c2d0-349c-4c1b-a184-2dae43b5315a","id":1,"nickname":"admin","isActive":true,"username":"admin","phone":"12345","updated_at":"2020-11-04T03:01:37.538Z","is_deleted":false,"role":{"id":1,"name":"admin","createdAt":null,"updatedAt":"2021-06-23T02:08:45.170Z","web":["/home-new","/home","/house-digital","/system-manage/user","/system-manage","/system-manage/permissions","/system-manage/devices","/system-manage/products","/device-control","/video-intelligent-monitoring","/farming-manage","/farming-manage/plant-standard-management","/farming-manage/recovery-plan","/farming-manage/farming-task-management","/farming-manage/digital-farmland-notes","/pest-disease-monitor","/quality-manage","/farming-origin","/data-analyse","/lot-device-monitoring","/model-explore","/model-explore/crop-growth","/model-explore/environment-analysis","/model-explore/aquatic-vegetables"],"app":["/home","/house-digital","/lot-device-monitoring"],"dataAuthority":"1","isDeleted":false},"departments":[{"id":3,"name":"分组a","parent_id":2,"createdAt":null,"updatedAt":null}]}}}
[2022-01-28 22:39:43,526][all_requests.py 84][INFO]: 接口请求地址 ==>> http://lvfulong-server.fm-dev.gagogroup.cn:30449/api/v1/harvest_plan/list
[2022-01-28 22:39:43,526][all_requests.py 85][INFO]: 接口请求方式 ==>> get
[2022-01-28 22:39:43,527][all_requests.py 87][INFO]: 接口请求头 ==>> {
    "token": "2650c2d0-349c-4c1b-a184-2dae43b5315a"
}
[2022-01-28 22:39:43,527][all_requests.py 88][INFO]: 接口请求 params 参数 ==>> null
[2022-01-28 22:39:43,527][all_requests.py 89][INFO]: 接口请求体 data 参数 ==>> {
    "year": "",
    "page": 1,
    "size": 15,
    "product_name": "",
    "sow_start_data": "",
    "sow_end_data": "",
    "house_type": "01"
}
[2022-01-28 22:39:43,527][all_requests.py 90][INFO]: 接口请求体 json 参数 ==>> null
[2022-01-28 22:39:43,527][all_requests.py 91][INFO]: 接口上传附件 files 参数 ==>> None
[2022-01-28 22:39:43,527][all_requests.py 92][INFO]: 接口 cookies 参数 ==>> null
[2022-01-28 22:39:43,808][yaml_util1.py 25][INFO]: 将没找到内容写入......
[2022-01-28 22:39:43,809][test_case1.py 41][INFO]: {"code":200,"data":{"result":{"list":[{"real_yield":0,"harvest_info":[],"serialNum":"CM_CM_SDH_21122202","plantBatch":2,"remarks":null,"yield":500,"harvest_end_date":"2021-12-24","harvest_start_date":"2021-12-23","plant_num":500,"plant_date":"2021-12-23","sow_num":500,"sow_date":"2021-12-22","area":null,"green_house_name":["连栋温室"],"green_house_id":["4"],"id":181,"crop_type":"圣诞红","leader":"测试","product_type":"草莓","product_name":"草莓","image":"https://lvfulong-app-test.gagogroup.cn:31787/uploads/acfc7a57fdd94da7a9b78cf44736bc8d.jpg","plancode":"2021010055"},{"real_yield":0,"harvest_info":[],"serialNum":"CM_CM_SDH_21122201","plantBatch":1,"remarks":null,"yield":111,"harvest_end_date":"2021-12-25T03:36:48.587Z","harvest_start_date":"2021-12-24T03:36:45.801Z","plant_num":111,"plant_date":"2021-12-23T03:36:40.820Z","sow_num":500,"sow_date":"2021-12-22T03:36:32.138Z","area":null,"green_house_name":["连栋温室"],"green_house_id":["4"],"id":180,"crop_type":"圣诞红","leader":"测试","product_type":"草莓","product_name":"草莓","image":"https://lvfulong-app-test.gagogroup.cn:31787/uploads/acfc7a57fdd94da7a9b78cf44736bc8d.jpg","plancode":"2021010054"},{"real_yield":0,"harvest_info":[],"serialNum":"CM_CM_SDH_21122003","plantBatch":3,"remarks":null,"yield":500,"harvest_end_date":"2021-12-23T08:15:41.131Z","harvest_start_date":"2021-12-22T08:15:37.838Z","plant_num":500,"plant_date":"2021-12-21T08:15:29.176Z","sow_num":500,"sow_date":"2021-12-20T08:15:17.727Z","area":null,"green_house_name":["连栋温室"],"green_house_id":["4"],"id":179,"crop_type":"圣诞红","leader":"小陈","product_type":"草莓","product_name":"草莓","image":"https://lvfulong-app-test.gagogroup.cn:31787/uploads/acfc7a57fdd94da7a9b78cf44736bc8d.jpg","plancode":"2021010053"},{"real_yield":0,"harvest_info":[],"serialNum":"CM_CM_SDH_21012202","plantBatch":2,"remarks":null,"yield":500,"harvest_end_date":"2021-12-23","harvest_start_date":"2021-12-22","plant_num":500,"plant_date":"2021-12-21","sow_num":500,"sow_date":"2021-12-20","area":null,"green_house_name":["连栋温室"],"green_house_id":["4"],"id":178,"crop_type":"圣诞红","leader":"小陈","product_type":"草莓","product_name":"草莓","image":"https://lvfulong-app-test.gagogroup.cn:31787/uploads/acfc7a57fdd94da7a9b78cf44736bc8d.jpg","plancode":"2021010052"},{"real_yield":0,"harvest_info":[],"serialNum":"CM_CM_SDH_21121601","plantBatch":1,"remarks":null,"yield":500,"harvest_end_date":"2021-12-19","harvest_start_date":"2021-12-18","plant_num":500,"plant_date":"2021-12-17","sow_num":500,"sow_date":"2021-12-16","area":null,"green_house_name":["连栋温室"],"green_house_id":["4"],"id":177,"crop_type":"圣诞红","leader":"小陈","product_type":"草莓","product_name":"草莓","image":"https://lvfulong-app-test.gagogroup.cn:31787/uploads/acfc7a57fdd94da7a9b78cf44736bc8d.jpg","plancode":"2021010051"},{"real_yield":0,"harvest_info":[],"serialNum":"JD_CD_BJXHYD_2112850","plantBatch":50,"remarks":null,"yield":100,"harvest_end_date":"2021-12-07T07:08:55.922Z","harvest_start_date":"2021-12-07T07:08:54.018Z","plant_num":10,"plant_date":"2021-12-07T07:08:15.422Z","sow_num":100,"sow_date":"2021-12-08T07:08:00.362Z","area":null,"green_house_name":["温室E区9号"],"green_house_id":["33"],"id":176,"crop_type":"北京小黑芸豆","leader":"小文","product_type":"豇豆","product_name":"菜豆","image":"https://lvfulong-app-test.gagogroup.cn:31787/uploads/ef2f68396a9148c79e8642db00a002a6.jpg","plancode":"2021010050"},{"real_yield":0,"harvest_info":[],"serialNum":"J_J_QX_2112710","plantBatch":10,"remarks":null,"yield":100,"harvest_end_date":"2021-12-07T07:07:07.110Z","harvest_start_date":"2021-12-07T07:07:05.181Z","plant_num":100,"plant_date":"2021-12-07T07:06:59.694Z","sow_num":100,"sow_date":"2021-12-07T07:06:52.308Z","area":null,"green_house_name":["连栋温室"],"green_house_id":["4"],"id":175,"crop_type":"千禧","leader":"小花","product_type":"姜","product_name":"姜","image":"https://lvfulong-app-test.gagogroup.cn:31787/uploads/fbec063b7f174e7b82dcc0ec14b1aabf.jpg","plancode":"2021010049"},{"real_yield":0,"harvest_info":[],"serialNum":"CH_BCH_FH6_2112705","plantBatch":5,"remarks":null,"yield":100,"harvest_end_date":"2021-12-07T07:03:59.024Z","harvest_start_date":"2021-12-07T07:03:48.128Z","plant_num":10,"plant_date":"2021-12-07T07:03:36.699Z","sow_num":100,"sow_date":"2021-12-07T07:03:26.587Z","area":null,"green_house_name":["连栋温室"],"green_house_id":["4"],"id":174,"crop_type":"丰华60","leader":"小明","product_type":"菜花","product_name":"白菜花","image":"https://lvfulong-app-test.gagogroup.cn:31787/uploads/041477fc2b4d45a9a6099e2fba6ae62d.jpg","plancode":"2021010048"},{"real_yield":0,"harvest_info":[],"serialNum":"CM_CM_SDH_21012755","plantBatch":55,"remarks":null,"yield":14000,"harvest_end_date":"2021-12-17T00:00:00.000Z","harvest_start_date":"2021-12-16T00:00:00.000Z","plant_num":14000,"plant_date":"2021-12-10T00:00:00.000Z","sow_num":88,"sow_date":"2021-12-07T00:00:00.000Z","area":null,"green_house_name":["连栋温室"],"green_house_id":["4"],"id":173,"crop_type":"圣诞红","leader":"张杰","product_type":"草莓","product_name":"草莓","image":"https://lvfulong-app-test.gagogroup.cn:31787/uploads/acfc7a57fdd94da7a9b78cf44736bc8d.jpg","plancode":"2021010047"},{"real_yield":0,"harvest_info":[],"serialNum":"HG_HG_BJ1_21010210","plantBatch":10,"remarks":null,"yield":500,"harvest_end_date":"2021-10-31T00:00:00.000Z","harvest_start_date":"2021-10-30T00:00:00.000Z","plant_num":500,"plant_date":"2021-10-29T00:00:00.000Z","sow_num":500,"sow_date":"2021-10-28T00:00:00.000Z","area":null,"green_house_name":["连栋温室"],"green_house_id":["4"],"id":172,"crop_type":"北京101","leader":"小陈","product_type":"黄瓜","product_name":"黄瓜","image":"https://lvfulong-app-test.gagogroup.cn:31787/uploads/ccf92aab3c604f8a87433c93d84ee6d0.jpg","plancode":"2021010046"},{"real_yield":0,"harvest_info":[],"serialNum":"CM_CM_SDH_210102undefined","plantBatch":null,"remarks":null,"yield":500,"harvest_end_date":"2021-10-30","harvest_start_date":"2021-10-29","plant_num":500,"plant_date":"2021-10-28","sow_num":500,"sow_date":"2021-10-27","area":null,"green_house_name":["连栋温室"],"green_house_id":["4"],"id":170,"crop_type":"圣诞红","leader":"小陈","product_type":"草莓","product_name":"草莓","image":"https://lvfulong-app-test.gagogroup.cn:31787/uploads/acfc7a57fdd94da7a9b78cf44736bc8d.jpg","plancode":"2021010044"},{"real_yield":0,"harvest_info":[],"serialNum":"J_J_QX_211026undefined","plantBatch":null,"remarks":null,"yield":233,"harvest_end_date":"2021-10-26","harvest_start_date":"2021-10-20","plant_num":33,"plant_date":"2021-10-27","sow_num":14000,"sow_date":"2021-10-26","area":null,"green_house_name":["温室E区7号","温室E区8号","温室E区9号","温室E区10号","温室E区11号","温室E区12号","温室E区13号","温室E区14号","温室E区15号","19号温室","温室E区16号","温室E区20号","温室E区21号","1号温室","2号温室","3号温室","4号温室","连栋温室","17号温室","新1号温室","温室E区2号","温室E区3号","温室E区4号","温室E区5号","温室E区6号","18号温室"],"green_house_id":["31","32","33","34","35","36","37","38","39","5","40","41","42","9","10","11","12","4","7","8","26","27","28","29","30","6"],"id":169,"crop_type":"千禧","leader":"何小花","product_type":"姜","product_name":"姜","image":"https://lvfulong-app-test.gagogroup.cn:31787/uploads/fbec063b7f174e7b82dcc0ec14b1aabf.jpg","plancode":"2021010043"},{"real_yield":0,"harvest_info":[],"serialNum":"J_J_QX_21105undefined","plantBatch":null,"remarks":null,"yield":14000,"harvest_end_date":"2021-10-26","harvest_start_date":"2021-10-19","plant_num":14000,"plant_date":"2021-10-26","sow_num":88,"sow_date":"2021-10-05","area":null,"green_house_name":["连栋温室"],"green_house_id":["4"],"id":168,"crop_type":"千禧","leader":"何小明","product_type":"姜","product_name":"姜","image":"https://lvfulong-app-test.gagogroup.cn:31787/uploads/fbec063b7f174e7b82dcc0ec14b1aabf.jpg","plancode":"2021010042"},{"real_yield":0,"harvest_info":[],"serialNum":"CH_BCH_FH6_21010209","plantBatch":9,"remarks":null,"yield":200,"harvest_end_date":"2021-10-27T06:16:59.963Z","harvest_start_date":"2021-10-26T06:16:57.299Z","plant_num":355,"plant_date":"2021-10-25T06:16:51.989Z","sow_num":499,"sow_date":"2021-10-25T06:16:35.489Z","area":null,"green_house_name":["连栋温室"],"green_house_id":["4"],"id":167,"crop_type":"丰华60","leader":"55","product_type":"菜花","product_name":"白菜花","image":"https://lvfulong-app-test.gagogroup.cn:31787/uploads/041477fc2b4d45a9a6099e2fba6ae62d.jpg","plancode":"2021010041"},{"real_yield":0,"harvest_info":[],"serialNum":"CM_CM_SDH_210102undefined","plantBatch":null,"remarks":null,"yield":233,"harvest_end_date":"2021-10-26","harvest_start_date":"2021-10-27","plant_num":14000,"plant_date":"2021-10-27","sow_num":14000,"sow_date":"2021-10-27","area":null,"green_house_name":["连栋温室"],"green_house_id":["4"],"id":166,"crop_type":"圣诞红","leader":"张杰","product_type":"草莓","product_name":"草莓","image":"https://lvfulong-app-test.gagogroup.cn:31787/uploads/acfc7a57fdd94da7a9b78cf44736bc8d.jpg","plancode":"2021010040"}],"total":44,"current_type_total_num":"2022010056"}}}
[2022-01-28 22:41:55,267][yaml_util1.py 15][INFO]: 读取文件/testcase/test_case.yaml.....
[2022-01-28 22:41:55,275][yaml_util1.py 31][INFO]: 重置/extract_token.yaml文件.......
[2022-01-28 22:41:55,276][all_requests.py 84][INFO]: 接口请求地址 ==>> http://lvfulong-server.fm-dev.gagogroup.cn:30449/api/v1/user/login
[2022-01-28 22:41:55,276][all_requests.py 85][INFO]: 接口请求方式 ==>> post
[2022-01-28 22:41:55,276][all_requests.py 87][INFO]: 接口请求头 ==>> null
[2022-01-28 22:41:55,277][all_requests.py 88][INFO]: 接口请求 params 参数 ==>> null
[2022-01-28 22:41:55,277][all_requests.py 89][INFO]: 接口请求体 data 参数 ==>> {
    "password": "lvfulong2021",
    "username": "admin"
}
[2022-01-28 22:41:55,277][all_requests.py 90][INFO]: 接口请求体 json 参数 ==>> null
[2022-01-28 22:41:55,277][all_requests.py 91][INFO]: 接口上传附件 files 参数 ==>> None
[2022-01-28 22:41:55,277][all_requests.py 92][INFO]: 接口 cookies 参数 ==>> null
[2022-01-28 22:41:55,607][yaml_util1.py 25][INFO]: 将{'token': '8fd6888b-8d05-48cb-a240-5f84d598cb6c'}写入......
[2022-01-28 22:41:55,608][test_case1.py 41][INFO]: {"code":200,"data":{"result":{"token":"8fd6888b-8d05-48cb-a240-5f84d598cb6c","id":1,"nickname":"admin","isActive":true,"username":"admin","phone":"12345","updated_at":"2020-11-04T03:01:37.538Z","is_deleted":false,"role":{"id":1,"name":"admin","createdAt":null,"updatedAt":"2021-06-23T02:08:45.170Z","web":["/home-new","/home","/house-digital","/system-manage/user","/system-manage","/system-manage/permissions","/system-manage/devices","/system-manage/products","/device-control","/video-intelligent-monitoring","/farming-manage","/farming-manage/plant-standard-management","/farming-manage/recovery-plan","/farming-manage/farming-task-management","/farming-manage/digital-farmland-notes","/pest-disease-monitor","/quality-manage","/farming-origin","/data-analyse","/lot-device-monitoring","/model-explore","/model-explore/crop-growth","/model-explore/environment-analysis","/model-explore/aquatic-vegetables"],"app":["/home","/house-digital","/lot-device-monitoring"],"dataAuthority":"1","isDeleted":false},"departments":[{"id":3,"name":"分组a","parent_id":2,"createdAt":null,"updatedAt":null}]}}}
[2022-01-28 22:41:55,615][all_requests.py 84][INFO]: 接口请求地址 ==>> http://lvfulong-server.fm-dev.gagogroup.cn:30449/api/v1/harvest_plan/list
[2022-01-28 22:41:55,616][all_requests.py 85][INFO]: 接口请求方式 ==>> get
[2022-01-28 22:41:55,616][all_requests.py 87][INFO]: 接口请求头 ==>> {
    "token": "8fd6888b-8d05-48cb-a240-5f84d598cb6c"
}
[2022-01-28 22:41:55,616][all_requests.py 88][INFO]: 接口请求 params 参数 ==>> null
[2022-01-28 22:41:55,616][all_requests.py 89][INFO]: 接口请求体 data 参数 ==>> {
    "year": "",
    "page": 1,
    "size": 15,
    "product_name": "",
    "sow_start_data": "",
    "sow_end_data": "",
    "house_type": "01"
}
[2022-01-28 22:41:55,616][all_requests.py 90][INFO]: 接口请求体 json 参数 ==>> null
[2022-01-28 22:41:55,616][all_requests.py 91][INFO]: 接口上传附件 files 参数 ==>> None
[2022-01-28 22:41:55,616][all_requests.py 92][INFO]: 接口 cookies 参数 ==>> null
[2022-01-28 22:41:55,846][yaml_util1.py 25][INFO]: 将无token....写入......
[2022-01-28 22:41:55,847][test_case1.py 41][INFO]: {"code":200,"data":{"result":{"list":[{"real_yield":0,"harvest_info":[],"serialNum":"CM_CM_SDH_21122202","plantBatch":2,"remarks":null,"yield":500,"harvest_end_date":"2021-12-24","harvest_start_date":"2021-12-23","plant_num":500,"plant_date":"2021-12-23","sow_num":500,"sow_date":"2021-12-22","area":null,"green_house_name":["连栋温室"],"green_house_id":["4"],"id":181,"crop_type":"圣诞红","leader":"测试","product_type":"草莓","product_name":"草莓","image":"https://lvfulong-app-test.gagogroup.cn:31787/uploads/acfc7a57fdd94da7a9b78cf44736bc8d.jpg","plancode":"2021010055"},{"real_yield":0,"harvest_info":[],"serialNum":"CM_CM_SDH_21122201","plantBatch":1,"remarks":null,"yield":111,"harvest_end_date":"2021-12-25T03:36:48.587Z","harvest_start_date":"2021-12-24T03:36:45.801Z","plant_num":111,"plant_date":"2021-12-23T03:36:40.820Z","sow_num":500,"sow_date":"2021-12-22T03:36:32.138Z","area":null,"green_house_name":["连栋温室"],"green_house_id":["4"],"id":180,"crop_type":"圣诞红","leader":"测试","product_type":"草莓","product_name":"草莓","image":"https://lvfulong-app-test.gagogroup.cn:31787/uploads/acfc7a57fdd94da7a9b78cf44736bc8d.jpg","plancode":"2021010054"},{"real_yield":0,"harvest_info":[],"serialNum":"CM_CM_SDH_21122003","plantBatch":3,"remarks":null,"yield":500,"harvest_end_date":"2021-12-23T08:15:41.131Z","harvest_start_date":"2021-12-22T08:15:37.838Z","plant_num":500,"plant_date":"2021-12-21T08:15:29.176Z","sow_num":500,"sow_date":"2021-12-20T08:15:17.727Z","area":null,"green_house_name":["连栋温室"],"green_house_id":["4"],"id":179,"crop_type":"圣诞红","leader":"小陈","product_type":"草莓","product_name":"草莓","image":"https://lvfulong-app-test.gagogroup.cn:31787/uploads/acfc7a57fdd94da7a9b78cf44736bc8d.jpg","plancode":"2021010053"},{"real_yield":0,"harvest_info":[],"serialNum":"CM_CM_SDH_21012202","plantBatch":2,"remarks":null,"yield":500,"harvest_end_date":"2021-12-23","harvest_start_date":"2021-12-22","plant_num":500,"plant_date":"2021-12-21","sow_num":500,"sow_date":"2021-12-20","area":null,"green_house_name":["连栋温室"],"green_house_id":["4"],"id":178,"crop_type":"圣诞红","leader":"小陈","product_type":"草莓","product_name":"草莓","image":"https://lvfulong-app-test.gagogroup.cn:31787/uploads/acfc7a57fdd94da7a9b78cf44736bc8d.jpg","plancode":"2021010052"},{"real_yield":0,"harvest_info":[],"serialNum":"CM_CM_SDH_21121601","plantBatch":1,"remarks":null,"yield":500,"harvest_end_date":"2021-12-19","harvest_start_date":"2021-12-18","plant_num":500,"plant_date":"2021-12-17","sow_num":500,"sow_date":"2021-12-16","area":null,"green_house_name":["连栋温室"],"green_house_id":["4"],"id":177,"crop_type":"圣诞红","leader":"小陈","product_type":"草莓","product_name":"草莓","image":"https://lvfulong-app-test.gagogroup.cn:31787/uploads/acfc7a57fdd94da7a9b78cf44736bc8d.jpg","plancode":"2021010051"},{"real_yield":0,"harvest_info":[],"serialNum":"JD_CD_BJXHYD_2112850","plantBatch":50,"remarks":null,"yield":100,"harvest_end_date":"2021-12-07T07:08:55.922Z","harvest_start_date":"2021-12-07T07:08:54.018Z","plant_num":10,"plant_date":"2021-12-07T07:08:15.422Z","sow_num":100,"sow_date":"2021-12-08T07:08:00.362Z","area":null,"green_house_name":["温室E区9号"],"green_house_id":["33"],"id":176,"crop_type":"北京小黑芸豆","leader":"小文","product_type":"豇豆","product_name":"菜豆","image":"https://lvfulong-app-test.gagogroup.cn:31787/uploads/ef2f68396a9148c79e8642db00a002a6.jpg","plancode":"2021010050"},{"real_yield":0,"harvest_info":[],"serialNum":"J_J_QX_2112710","plantBatch":10,"remarks":null,"yield":100,"harvest_end_date":"2021-12-07T07:07:07.110Z","harvest_start_date":"2021-12-07T07:07:05.181Z","plant_num":100,"plant_date":"2021-12-07T07:06:59.694Z","sow_num":100,"sow_date":"2021-12-07T07:06:52.308Z","area":null,"green_house_name":["连栋温室"],"green_house_id":["4"],"id":175,"crop_type":"千禧","leader":"小花","product_type":"姜","product_name":"姜","image":"https://lvfulong-app-test.gagogroup.cn:31787/uploads/fbec063b7f174e7b82dcc0ec14b1aabf.jpg","plancode":"2021010049"},{"real_yield":0,"harvest_info":[],"serialNum":"CH_BCH_FH6_2112705","plantBatch":5,"remarks":null,"yield":100,"harvest_end_date":"2021-12-07T07:03:59.024Z","harvest_start_date":"2021-12-07T07:03:48.128Z","plant_num":10,"plant_date":"2021-12-07T07:03:36.699Z","sow_num":100,"sow_date":"2021-12-07T07:03:26.587Z","area":null,"green_house_name":["连栋温室"],"green_house_id":["4"],"id":174,"crop_type":"丰华60","leader":"小明","product_type":"菜花","product_name":"白菜花","image":"https://lvfulong-app-test.gagogroup.cn:31787/uploads/041477fc2b4d45a9a6099e2fba6ae62d.jpg","plancode":"2021010048"},{"real_yield":0,"harvest_info":[],"serialNum":"CM_CM_SDH_21012755","plantBatch":55,"remarks":null,"yield":14000,"harvest_end_date":"2021-12-17T00:00:00.000Z","harvest_start_date":"2021-12-16T00:00:00.000Z","plant_num":14000,"plant_date":"2021-12-10T00:00:00.000Z","sow_num":88,"sow_date":"2021-12-07T00:00:00.000Z","area":null,"green_house_name":["连栋温室"],"green_house_id":["4"],"id":173,"crop_type":"圣诞红","leader":"张杰","product_type":"草莓","product_name":"草莓","image":"https://lvfulong-app-test.gagogroup.cn:31787/uploads/acfc7a57fdd94da7a9b78cf44736bc8d.jpg","plancode":"2021010047"},{"real_yield":0,"harvest_info":[],"serialNum":"HG_HG_BJ1_21010210","plantBatch":10,"remarks":null,"yield":500,"harvest_end_date":"2021-10-31T00:00:00.000Z","harvest_start_date":"2021-10-30T00:00:00.000Z","plant_num":500,"plant_date":"2021-10-29T00:00:00.000Z","sow_num":500,"sow_date":"2021-10-28T00:00:00.000Z","area":null,"green_house_name":["连栋温室"],"green_house_id":["4"],"id":172,"crop_type":"北京101","leader":"小陈","product_type":"黄瓜","product_name":"黄瓜","image":"https://lvfulong-app-test.gagogroup.cn:31787/uploads/ccf92aab3c604f8a87433c93d84ee6d0.jpg","plancode":"2021010046"},{"real_yield":0,"harvest_info":[],"serialNum":"CM_CM_SDH_210102undefined","plantBatch":null,"remarks":null,"yield":500,"harvest_end_date":"2021-10-30","harvest_start_date":"2021-10-29","plant_num":500,"plant_date":"2021-10-28","sow_num":500,"sow_date":"2021-10-27","area":null,"green_house_name":["连栋温室"],"green_house_id":["4"],"id":170,"crop_type":"圣诞红","leader":"小陈","product_type":"草莓","product_name":"草莓","image":"https://lvfulong-app-test.gagogroup.cn:31787/uploads/acfc7a57fdd94da7a9b78cf44736bc8d.jpg","plancode":"2021010044"},{"real_yield":0,"harvest_info":[],"serialNum":"J_J_QX_211026undefined","plantBatch":null,"remarks":null,"yield":233,"harvest_end_date":"2021-10-26","harvest_start_date":"2021-10-20","plant_num":33,"plant_date":"2021-10-27","sow_num":14000,"sow_date":"2021-10-26","area":null,"green_house_name":["温室E区7号","温室E区8号","温室E区9号","温室E区10号","温室E区11号","温室E区12号","温室E区13号","温室E区14号","温室E区15号","19号温室","温室E区16号","温室E区20号","温室E区21号","1号温室","2号温室","3号温室","4号温室","连栋温室","17号温室","新1号温室","温室E区2号","温室E区3号","温室E区4号","温室E区5号","温室E区6号","18号温室"],"green_house_id":["31","32","33","34","35","36","37","38","39","5","40","41","42","9","10","11","12","4","7","8","26","27","28","29","30","6"],"id":169,"crop_type":"千禧","leader":"何小花","product_type":"姜","product_name":"姜","image":"https://lvfulong-app-test.gagogroup.cn:31787/uploads/fbec063b7f174e7b82dcc0ec14b1aabf.jpg","plancode":"2021010043"},{"real_yield":0,"harvest_info":[],"serialNum":"J_J_QX_21105undefined","plantBatch":null,"remarks":null,"yield":14000,"harvest_end_date":"2021-10-26","harvest_start_date":"2021-10-19","plant_num":14000,"plant_date":"2021-10-26","sow_num":88,"sow_date":"2021-10-05","area":null,"green_house_name":["连栋温室"],"green_house_id":["4"],"id":168,"crop_type":"千禧","leader":"何小明","product_type":"姜","product_name":"姜","image":"https://lvfulong-app-test.gagogroup.cn:31787/uploads/fbec063b7f174e7b82dcc0ec14b1aabf.jpg","plancode":"2021010042"},{"real_yield":0,"harvest_info":[],"serialNum":"CH_BCH_FH6_21010209","plantBatch":9,"remarks":null,"yield":200,"harvest_end_date":"2021-10-27T06:16:59.963Z","harvest_start_date":"2021-10-26T06:16:57.299Z","plant_num":355,"plant_date":"2021-10-25T06:16:51.989Z","sow_num":499,"sow_date":"2021-10-25T06:16:35.489Z","area":null,"green_house_name":["连栋温室"],"green_house_id":["4"],"id":167,"crop_type":"丰华60","leader":"55","product_type":"菜花","product_name":"白菜花","image":"https://lvfulong-app-test.gagogroup.cn:31787/uploads/041477fc2b4d45a9a6099e2fba6ae62d.jpg","plancode":"2021010041"},{"real_yield":0,"harvest_info":[],"serialNum":"CM_CM_SDH_210102undefined","plantBatch":null,"remarks":null,"yield":233,"harvest_end_date":"2021-10-26","harvest_start_date":"2021-10-27","plant_num":14000,"plant_date":"2021-10-27","sow_num":14000,"sow_date":"2021-10-27","area":null,"green_house_name":["连栋温室"],"green_house_id":["4"],"id":166,"crop_type":"圣诞红","leader":"张杰","product_type":"草莓","product_name":"草莓","image":"https://lvfulong-app-test.gagogroup.cn:31787/uploads/acfc7a57fdd94da7a9b78cf44736bc8d.jpg","plancode":"2021010040"}],"total":44,"current_type_total_num":"2022010056"}}}
[2022-01-28 22:47:02,832][yaml_util1.py 15][INFO]: 读取文件/testcase/test_case.yaml.....
[2022-01-28 22:47:02,840][yaml_util1.py 31][INFO]: 重置/extract_token.yaml文件.......
[2022-01-28 22:47:02,842][all_requests.py 84][INFO]: 接口请求地址 ==>> http://lvfulong-server.fm-dev.gagogroup.cn:30449/api/v1/user/login
[2022-01-28 22:47:02,842][all_requests.py 85][INFO]: 接口请求方式 ==>> post
[2022-01-28 22:47:02,842][all_requests.py 87][INFO]: 接口请求头 ==>> null
[2022-01-28 22:47:02,842][all_requests.py 88][INFO]: 接口请求 params 参数 ==>> null
[2022-01-28 22:47:02,842][all_requests.py 89][INFO]: 接口请求体 data 参数 ==>> {
    "password": "lvfulong2021",
    "username": "admin"
}
[2022-01-28 22:47:02,842][all_requests.py 90][INFO]: 接口请求体 json 参数 ==>> null
[2022-01-28 22:47:02,842][all_requests.py 91][INFO]: 接口上传附件 files 参数 ==>> None
[2022-01-28 22:47:02,843][all_requests.py 92][INFO]: 接口 cookies 参数 ==>> null
[2022-01-28 22:47:03,171][yaml_util1.py 25][INFO]: 将{'token': '854a56b7-a2a2-4817-9306-faa02d0c9830'}写入/extract_token.yaml......
[2022-01-28 22:47:03,172][test_case1.py 41][INFO]: {"code":200,"data":{"result":{"token":"854a56b7-a2a2-4817-9306-faa02d0c9830","id":1,"nickname":"admin","isActive":true,"username":"admin","phone":"12345","updated_at":"2020-11-04T03:01:37.538Z","is_deleted":false,"role":{"id":1,"name":"admin","createdAt":null,"updatedAt":"2021-06-23T02:08:45.170Z","web":["/home-new","/home","/house-digital","/system-manage/user","/system-manage","/system-manage/permissions","/system-manage/devices","/system-manage/products","/device-control","/video-intelligent-monitoring","/farming-manage","/farming-manage/plant-standard-management","/farming-manage/recovery-plan","/farming-manage/farming-task-management","/farming-manage/digital-farmland-notes","/pest-disease-monitor","/quality-manage","/farming-origin","/data-analyse","/lot-device-monitoring","/model-explore","/model-explore/crop-growth","/model-explore/environment-analysis","/model-explore/aquatic-vegetables"],"app":["/home","/house-digital","/lot-device-monitoring"],"dataAuthority":"1","isDeleted":false},"departments":[{"id":3,"name":"分组a","parent_id":2,"createdAt":null,"updatedAt":null}]}}}
[2022-01-28 22:47:03,179][all_requests.py 84][INFO]: 接口请求地址 ==>> http://lvfulong-server.fm-dev.gagogroup.cn:30449/api/v1/harvest_plan/list
[2022-01-28 22:47:03,180][all_requests.py 85][INFO]: 接口请求方式 ==>> get
[2022-01-28 22:47:03,180][all_requests.py 87][INFO]: 接口请求头 ==>> {
    "token": "854a56b7-a2a2-4817-9306-faa02d0c9830"
}
[2022-01-28 22:47:03,180][all_requests.py 88][INFO]: 接口请求 params 参数 ==>> null
[2022-01-28 22:47:03,180][all_requests.py 89][INFO]: 接口请求体 data 参数 ==>> {
    "year": "",
    "page": 1,
    "size": 15,
    "product_name": "",
    "sow_start_data": "",
    "sow_end_data": "",
    "house_type": "01"
}
[2022-01-28 22:47:03,180][all_requests.py 90][INFO]: 接口请求体 json 参数 ==>> null
[2022-01-28 22:47:03,180][all_requests.py 91][INFO]: 接口上传附件 files 参数 ==>> None
[2022-01-28 22:47:03,181][all_requests.py 92][INFO]: 接口 cookies 参数 ==>> null
[2022-01-28 22:47:03,432][yaml_util1.py 25][INFO]: 将无token....写入/extract_token.yaml......
[2022-01-28 22:47:03,433][test_case1.py 41][INFO]: {"code":200,"data":{"result":{"list":[{"real_yield":0,"harvest_info":[],"serialNum":"CM_CM_SDH_21122202","plantBatch":2,"remarks":null,"yield":500,"harvest_end_date":"2021-12-24","harvest_start_date":"2021-12-23","plant_num":500,"plant_date":"2021-12-23","sow_num":500,"sow_date":"2021-12-22","area":null,"green_house_name":["连栋温室"],"green_house_id":["4"],"id":181,"crop_type":"圣诞红","leader":"测试","product_type":"草莓","product_name":"草莓","image":"https://lvfulong-app-test.gagogroup.cn:31787/uploads/acfc7a57fdd94da7a9b78cf44736bc8d.jpg","plancode":"2021010055"},{"real_yield":0,"harvest_info":[],"serialNum":"CM_CM_SDH_21122201","plantBatch":1,"remarks":null,"yield":111,"harvest_end_date":"2021-12-25T03:36:48.587Z","harvest_start_date":"2021-12-24T03:36:45.801Z","plant_num":111,"plant_date":"2021-12-23T03:36:40.820Z","sow_num":500,"sow_date":"2021-12-22T03:36:32.138Z","area":null,"green_house_name":["连栋温室"],"green_house_id":["4"],"id":180,"crop_type":"圣诞红","leader":"测试","product_type":"草莓","product_name":"草莓","image":"https://lvfulong-app-test.gagogroup.cn:31787/uploads/acfc7a57fdd94da7a9b78cf44736bc8d.jpg","plancode":"2021010054"},{"real_yield":0,"harvest_info":[],"serialNum":"CM_CM_SDH_21122003","plantBatch":3,"remarks":null,"yield":500,"harvest_end_date":"2021-12-23T08:15:41.131Z","harvest_start_date":"2021-12-22T08:15:37.838Z","plant_num":500,"plant_date":"2021-12-21T08:15:29.176Z","sow_num":500,"sow_date":"2021-12-20T08:15:17.727Z","area":null,"green_house_name":["连栋温室"],"green_house_id":["4"],"id":179,"crop_type":"圣诞红","leader":"小陈","product_type":"草莓","product_name":"草莓","image":"https://lvfulong-app-test.gagogroup.cn:31787/uploads/acfc7a57fdd94da7a9b78cf44736bc8d.jpg","plancode":"2021010053"},{"real_yield":0,"harvest_info":[],"serialNum":"CM_CM_SDH_21012202","plantBatch":2,"remarks":null,"yield":500,"harvest_end_date":"2021-12-23","harvest_start_date":"2021-12-22","plant_num":500,"plant_date":"2021-12-21","sow_num":500,"sow_date":"2021-12-20","area":null,"green_house_name":["连栋温室"],"green_house_id":["4"],"id":178,"crop_type":"圣诞红","leader":"小陈","product_type":"草莓","product_name":"草莓","image":"https://lvfulong-app-test.gagogroup.cn:31787/uploads/acfc7a57fdd94da7a9b78cf44736bc8d.jpg","plancode":"2021010052"},{"real_yield":0,"harvest_info":[],"serialNum":"CM_CM_SDH_21121601","plantBatch":1,"remarks":null,"yield":500,"harvest_end_date":"2021-12-19","harvest_start_date":"2021-12-18","plant_num":500,"plant_date":"2021-12-17","sow_num":500,"sow_date":"2021-12-16","area":null,"green_house_name":["连栋温室"],"green_house_id":["4"],"id":177,"crop_type":"圣诞红","leader":"小陈","product_type":"草莓","product_name":"草莓","image":"https://lvfulong-app-test.gagogroup.cn:31787/uploads/acfc7a57fdd94da7a9b78cf44736bc8d.jpg","plancode":"2021010051"},{"real_yield":0,"harvest_info":[],"serialNum":"JD_CD_BJXHYD_2112850","plantBatch":50,"remarks":null,"yield":100,"harvest_end_date":"2021-12-07T07:08:55.922Z","harvest_start_date":"2021-12-07T07:08:54.018Z","plant_num":10,"plant_date":"2021-12-07T07:08:15.422Z","sow_num":100,"sow_date":"2021-12-08T07:08:00.362Z","area":null,"green_house_name":["温室E区9号"],"green_house_id":["33"],"id":176,"crop_type":"北京小黑芸豆","leader":"小文","product_type":"豇豆","product_name":"菜豆","image":"https://lvfulong-app-test.gagogroup.cn:31787/uploads/ef2f68396a9148c79e8642db00a002a6.jpg","plancode":"2021010050"},{"real_yield":0,"harvest_info":[],"serialNum":"J_J_QX_2112710","plantBatch":10,"remarks":null,"yield":100,"harvest_end_date":"2021-12-07T07:07:07.110Z","harvest_start_date":"2021-12-07T07:07:05.181Z","plant_num":100,"plant_date":"2021-12-07T07:06:59.694Z","sow_num":100,"sow_date":"2021-12-07T07:06:52.308Z","area":null,"green_house_name":["连栋温室"],"green_house_id":["4"],"id":175,"crop_type":"千禧","leader":"小花","product_type":"姜","product_name":"姜","image":"https://lvfulong-app-test.gagogroup.cn:31787/uploads/fbec063b7f174e7b82dcc0ec14b1aabf.jpg","plancode":"2021010049"},{"real_yield":0,"harvest_info":[],"serialNum":"CH_BCH_FH6_2112705","plantBatch":5,"remarks":null,"yield":100,"harvest_end_date":"2021-12-07T07:03:59.024Z","harvest_start_date":"2021-12-07T07:03:48.128Z","plant_num":10,"plant_date":"2021-12-07T07:03:36.699Z","sow_num":100,"sow_date":"2021-12-07T07:03:26.587Z","area":null,"green_house_name":["连栋温室"],"green_house_id":["4"],"id":174,"crop_type":"丰华60","leader":"小明","product_type":"菜花","product_name":"白菜花","image":"https://lvfulong-app-test.gagogroup.cn:31787/uploads/041477fc2b4d45a9a6099e2fba6ae62d.jpg","plancode":"2021010048"},{"real_yield":0,"harvest_info":[],"serialNum":"CM_CM_SDH_21012755","plantBatch":55,"remarks":null,"yield":14000,"harvest_end_date":"2021-12-17T00:00:00.000Z","harvest_start_date":"2021-12-16T00:00:00.000Z","plant_num":14000,"plant_date":"2021-12-10T00:00:00.000Z","sow_num":88,"sow_date":"2021-12-07T00:00:00.000Z","area":null,"green_house_name":["连栋温室"],"green_house_id":["4"],"id":173,"crop_type":"圣诞红","leader":"张杰","product_type":"草莓","product_name":"草莓","image":"https://lvfulong-app-test.gagogroup.cn:31787/uploads/acfc7a57fdd94da7a9b78cf44736bc8d.jpg","plancode":"2021010047"},{"real_yield":0,"harvest_info":[],"serialNum":"HG_HG_BJ1_21010210","plantBatch":10,"remarks":null,"yield":500,"harvest_end_date":"2021-10-31T00:00:00.000Z","harvest_start_date":"2021-10-30T00:00:00.000Z","plant_num":500,"plant_date":"2021-10-29T00:00:00.000Z","sow_num":500,"sow_date":"2021-10-28T00:00:00.000Z","area":null,"green_house_name":["连栋温室"],"green_house_id":["4"],"id":172,"crop_type":"北京101","leader":"小陈","product_type":"黄瓜","product_name":"黄瓜","image":"https://lvfulong-app-test.gagogroup.cn:31787/uploads/ccf92aab3c604f8a87433c93d84ee6d0.jpg","plancode":"2021010046"},{"real_yield":0,"harvest_info":[],"serialNum":"CM_CM_SDH_210102undefined","plantBatch":null,"remarks":null,"yield":500,"harvest_end_date":"2021-10-30","harvest_start_date":"2021-10-29","plant_num":500,"plant_date":"2021-10-28","sow_num":500,"sow_date":"2021-10-27","area":null,"green_house_name":["连栋温室"],"green_house_id":["4"],"id":170,"crop_type":"圣诞红","leader":"小陈","product_type":"草莓","product_name":"草莓","image":"https://lvfulong-app-test.gagogroup.cn:31787/uploads/acfc7a57fdd94da7a9b78cf44736bc8d.jpg","plancode":"2021010044"},{"real_yield":0,"harvest_info":[],"serialNum":"J_J_QX_211026undefined","plantBatch":null,"remarks":null,"yield":233,"harvest_end_date":"2021-10-26","harvest_start_date":"2021-10-20","plant_num":33,"plant_date":"2021-10-27","sow_num":14000,"sow_date":"2021-10-26","area":null,"green_house_name":["温室E区7号","温室E区8号","温室E区9号","温室E区10号","温室E区11号","温室E区12号","温室E区13号","温室E区14号","温室E区15号","19号温室","温室E区16号","温室E区20号","温室E区21号","1号温室","2号温室","3号温室","4号温室","连栋温室","17号温室","新1号温室","温室E区2号","温室E区3号","温室E区4号","温室E区5号","温室E区6号","18号温室"],"green_house_id":["31","32","33","34","35","36","37","38","39","5","40","41","42","9","10","11","12","4","7","8","26","27","28","29","30","6"],"id":169,"crop_type":"千禧","leader":"何小花","product_type":"姜","product_name":"姜","image":"https://lvfulong-app-test.gagogroup.cn:31787/uploads/fbec063b7f174e7b82dcc0ec14b1aabf.jpg","plancode":"2021010043"},{"real_yield":0,"harvest_info":[],"serialNum":"J_J_QX_21105undefined","plantBatch":null,"remarks":null,"yield":14000,"harvest_end_date":"2021-10-26","harvest_start_date":"2021-10-19","plant_num":14000,"plant_date":"2021-10-26","sow_num":88,"sow_date":"2021-10-05","area":null,"green_house_name":["连栋温室"],"green_house_id":["4"],"id":168,"crop_type":"千禧","leader":"何小明","product_type":"姜","product_name":"姜","image":"https://lvfulong-app-test.gagogroup.cn:31787/uploads/fbec063b7f174e7b82dcc0ec14b1aabf.jpg","plancode":"2021010042"},{"real_yield":0,"harvest_info":[],"serialNum":"CH_BCH_FH6_21010209","plantBatch":9,"remarks":null,"yield":200,"harvest_end_date":"2021-10-27T06:16:59.963Z","harvest_start_date":"2021-10-26T06:16:57.299Z","plant_num":355,"plant_date":"2021-10-25T06:16:51.989Z","sow_num":499,"sow_date":"2021-10-25T06:16:35.489Z","area":null,"green_house_name":["连栋温室"],"green_house_id":["4"],"id":167,"crop_type":"丰华60","leader":"55","product_type":"菜花","product_name":"白菜花","image":"https://lvfulong-app-test.gagogroup.cn:31787/uploads/041477fc2b4d45a9a6099e2fba6ae62d.jpg","plancode":"2021010041"},{"real_yield":0,"harvest_info":[],"serialNum":"CM_CM_SDH_210102undefined","plantBatch":null,"remarks":null,"yield":233,"harvest_end_date":"2021-10-26","harvest_start_date":"2021-10-27","plant_num":14000,"plant_date":"2021-10-27","sow_num":14000,"sow_date":"2021-10-27","area":null,"green_house_name":["连栋温室"],"green_house_id":["4"],"id":166,"crop_type":"圣诞红","leader":"张杰","product_type":"草莓","product_name":"草莓","image":"https://lvfulong-app-test.gagogroup.cn:31787/uploads/acfc7a57fdd94da7a9b78cf44736bc8d.jpg","plancode":"2021010040"}],"total":44,"current_type_total_num":"2022010056"}}}
[2022-01-28 22:48:01,872][yaml_util1.py 15][INFO]: 读取文件/testcase/test_case.yaml.....
[2022-01-28 22:48:01,881][yaml_util1.py 31][INFO]: 重置/extract_token.yaml文件.......
[2022-01-28 22:48:01,882][all_requests.py 84][INFO]: 接口请求地址 ==>> http://lvfulong-server.fm-dev.gagogroup.cn:30449/api/v1/user/login
[2022-01-28 22:48:01,882][all_requests.py 85][INFO]: 接口请求方式 ==>> post
[2022-01-28 22:48:01,882][all_requests.py 87][INFO]: 接口请求头 ==>> null
[2022-01-28 22:48:01,882][all_requests.py 88][INFO]: 接口请求 params 参数 ==>> null
[2022-01-28 22:48:01,882][all_requests.py 89][INFO]: 接口请求体 data 参数 ==>> {
    "password": "lvfulong2021",
    "username": "admin"
}
[2022-01-28 22:48:01,883][all_requests.py 90][INFO]: 接口请求体 json 参数 ==>> null
[2022-01-28 22:48:01,883][all_requests.py 91][INFO]: 接口上传附件 files 参数 ==>> None
[2022-01-28 22:48:01,883][all_requests.py 92][INFO]: 接口 cookies 参数 ==>> null
[2022-01-28 22:48:04,082][yaml_util1.py 25][INFO]: 将{'token': 'f4ff8869-83b4-4dab-8521-dfc14e612ac6'}写入/extract_token.yaml......
[2022-01-28 22:48:04,083][test_case1.py 41][INFO]: {"code":200,"data":{"result":{"token":"f4ff8869-83b4-4dab-8521-dfc14e612ac6","id":1,"nickname":"admin","isActive":true,"username":"admin","phone":"12345","updated_at":"2020-11-04T03:01:37.538Z","is_deleted":false,"role":{"id":1,"name":"admin","createdAt":null,"updatedAt":"2021-06-23T02:08:45.170Z","web":["/home-new","/home","/house-digital","/system-manage/user","/system-manage","/system-manage/permissions","/system-manage/devices","/system-manage/products","/device-control","/video-intelligent-monitoring","/farming-manage","/farming-manage/plant-standard-management","/farming-manage/recovery-plan","/farming-manage/farming-task-management","/farming-manage/digital-farmland-notes","/pest-disease-monitor","/quality-manage","/farming-origin","/data-analyse","/lot-device-monitoring","/model-explore","/model-explore/crop-growth","/model-explore/environment-analysis","/model-explore/aquatic-vegetables"],"app":["/home","/house-digital","/lot-device-monitoring"],"dataAuthority":"1","isDeleted":false},"departments":[{"id":3,"name":"分组a","parent_id":2,"createdAt":null,"updatedAt":null}]}}}
[2022-01-28 22:48:04,090][all_requests.py 84][INFO]: 接口请求地址 ==>> http://lvfulong-server.fm-dev.gagogroup.cn:30449/api/v1/harvest_plan/list
[2022-01-28 22:48:04,090][all_requests.py 85][INFO]: 接口请求方式 ==>> get
[2022-01-28 22:48:04,090][all_requests.py 87][INFO]: 接口请求头 ==>> {
    "token": "f4ff8869-83b4-4dab-8521-dfc14e612ac6"
}
[2022-01-28 22:48:04,090][all_requests.py 88][INFO]: 接口请求 params 参数 ==>> null
[2022-01-28 22:48:04,091][all_requests.py 89][INFO]: 接口请求体 data 参数 ==>> {
    "year": "",
    "page": 1,
    "size": 15,
    "product_name": "",
    "sow_start_data": "",
    "sow_end_data": "",
    "house_type": "01"
}
[2022-01-28 22:48:04,091][all_requests.py 90][INFO]: 接口请求体 json 参数 ==>> null
[2022-01-28 22:48:04,091][all_requests.py 91][INFO]: 接口上传附件 files 参数 ==>> None
[2022-01-28 22:48:04,091][all_requests.py 92][INFO]: 接口 cookies 参数 ==>> null
[2022-01-28 22:48:04,342][test_case1.py 41][INFO]: {"code":200,"data":{"result":{"list":[{"real_yield":0,"harvest_info":[],"serialNum":"CM_CM_SDH_21122202","plantBatch":2,"remarks":null,"yield":500,"harvest_end_date":"2021-12-24","harvest_start_date":"2021-12-23","plant_num":500,"plant_date":"2021-12-23","sow_num":500,"sow_date":"2021-12-22","area":null,"green_house_name":["连栋温室"],"green_house_id":["4"],"id":181,"crop_type":"圣诞红","leader":"测试","product_type":"草莓","product_name":"草莓","image":"https://lvfulong-app-test.gagogroup.cn:31787/uploads/acfc7a57fdd94da7a9b78cf44736bc8d.jpg","plancode":"2021010055"},{"real_yield":0,"harvest_info":[],"serialNum":"CM_CM_SDH_21122201","plantBatch":1,"remarks":null,"yield":111,"harvest_end_date":"2021-12-25T03:36:48.587Z","harvest_start_date":"2021-12-24T03:36:45.801Z","plant_num":111,"plant_date":"2021-12-23T03:36:40.820Z","sow_num":500,"sow_date":"2021-12-22T03:36:32.138Z","area":null,"green_house_name":["连栋温室"],"green_house_id":["4"],"id":180,"crop_type":"圣诞红","leader":"测试","product_type":"草莓","product_name":"草莓","image":"https://lvfulong-app-test.gagogroup.cn:31787/uploads/acfc7a57fdd94da7a9b78cf44736bc8d.jpg","plancode":"2021010054"},{"real_yield":0,"harvest_info":[],"serialNum":"CM_CM_SDH_21122003","plantBatch":3,"remarks":null,"yield":500,"harvest_end_date":"2021-12-23T08:15:41.131Z","harvest_start_date":"2021-12-22T08:15:37.838Z","plant_num":500,"plant_date":"2021-12-21T08:15:29.176Z","sow_num":500,"sow_date":"2021-12-20T08:15:17.727Z","area":null,"green_house_name":["连栋温室"],"green_house_id":["4"],"id":179,"crop_type":"圣诞红","leader":"小陈","product_type":"草莓","product_name":"草莓","image":"https://lvfulong-app-test.gagogroup.cn:31787/uploads/acfc7a57fdd94da7a9b78cf44736bc8d.jpg","plancode":"2021010053"},{"real_yield":0,"harvest_info":[],"serialNum":"CM_CM_SDH_21012202","plantBatch":2,"remarks":null,"yield":500,"harvest_end_date":"2021-12-23","harvest_start_date":"2021-12-22","plant_num":500,"plant_date":"2021-12-21","sow_num":500,"sow_date":"2021-12-20","area":null,"green_house_name":["连栋温室"],"green_house_id":["4"],"id":178,"crop_type":"圣诞红","leader":"小陈","product_type":"草莓","product_name":"草莓","image":"https://lvfulong-app-test.gagogroup.cn:31787/uploads/acfc7a57fdd94da7a9b78cf44736bc8d.jpg","plancode":"2021010052"},{"real_yield":0,"harvest_info":[],"serialNum":"CM_CM_SDH_21121601","plantBatch":1,"remarks":null,"yield":500,"harvest_end_date":"2021-12-19","harvest_start_date":"2021-12-18","plant_num":500,"plant_date":"2021-12-17","sow_num":500,"sow_date":"2021-12-16","area":null,"green_house_name":["连栋温室"],"green_house_id":["4"],"id":177,"crop_type":"圣诞红","leader":"小陈","product_type":"草莓","product_name":"草莓","image":"https://lvfulong-app-test.gagogroup.cn:31787/uploads/acfc7a57fdd94da7a9b78cf44736bc8d.jpg","plancode":"2021010051"},{"real_yield":0,"harvest_info":[],"serialNum":"JD_CD_BJXHYD_2112850","plantBatch":50,"remarks":null,"yield":100,"harvest_end_date":"2021-12-07T07:08:55.922Z","harvest_start_date":"2021-12-07T07:08:54.018Z","plant_num":10,"plant_date":"2021-12-07T07:08:15.422Z","sow_num":100,"sow_date":"2021-12-08T07:08:00.362Z","area":null,"green_house_name":["温室E区9号"],"green_house_id":["33"],"id":176,"crop_type":"北京小黑芸豆","leader":"小文","product_type":"豇豆","product_name":"菜豆","image":"https://lvfulong-app-test.gagogroup.cn:31787/uploads/ef2f68396a9148c79e8642db00a002a6.jpg","plancode":"2021010050"},{"real_yield":0,"harvest_info":[],"serialNum":"J_J_QX_2112710","plantBatch":10,"remarks":null,"yield":100,"harvest_end_date":"2021-12-07T07:07:07.110Z","harvest_start_date":"2021-12-07T07:07:05.181Z","plant_num":100,"plant_date":"2021-12-07T07:06:59.694Z","sow_num":100,"sow_date":"2021-12-07T07:06:52.308Z","area":null,"green_house_name":["连栋温室"],"green_house_id":["4"],"id":175,"crop_type":"千禧","leader":"小花","product_type":"姜","product_name":"姜","image":"https://lvfulong-app-test.gagogroup.cn:31787/uploads/fbec063b7f174e7b82dcc0ec14b1aabf.jpg","plancode":"2021010049"},{"real_yield":0,"harvest_info":[],"serialNum":"CH_BCH_FH6_2112705","plantBatch":5,"remarks":null,"yield":100,"harvest_end_date":"2021-12-07T07:03:59.024Z","harvest_start_date":"2021-12-07T07:03:48.128Z","plant_num":10,"plant_date":"2021-12-07T07:03:36.699Z","sow_num":100,"sow_date":"2021-12-07T07:03:26.587Z","area":null,"green_house_name":["连栋温室"],"green_house_id":["4"],"id":174,"crop_type":"丰华60","leader":"小明","product_type":"菜花","product_name":"白菜花","image":"https://lvfulong-app-test.gagogroup.cn:31787/uploads/041477fc2b4d45a9a6099e2fba6ae62d.jpg","plancode":"2021010048"},{"real_yield":0,"harvest_info":[],"serialNum":"CM_CM_SDH_21012755","plantBatch":55,"remarks":null,"yield":14000,"harvest_end_date":"2021-12-17T00:00:00.000Z","harvest_start_date":"2021-12-16T00:00:00.000Z","plant_num":14000,"plant_date":"2021-12-10T00:00:00.000Z","sow_num":88,"sow_date":"2021-12-07T00:00:00.000Z","area":null,"green_house_name":["连栋温室"],"green_house_id":["4"],"id":173,"crop_type":"圣诞红","leader":"张杰","product_type":"草莓","product_name":"草莓","image":"https://lvfulong-app-test.gagogroup.cn:31787/uploads/acfc7a57fdd94da7a9b78cf44736bc8d.jpg","plancode":"2021010047"},{"real_yield":0,"harvest_info":[],"serialNum":"HG_HG_BJ1_21010210","plantBatch":10,"remarks":null,"yield":500,"harvest_end_date":"2021-10-31T00:00:00.000Z","harvest_start_date":"2021-10-30T00:00:00.000Z","plant_num":500,"plant_date":"2021-10-29T00:00:00.000Z","sow_num":500,"sow_date":"2021-10-28T00:00:00.000Z","area":null,"green_house_name":["连栋温室"],"green_house_id":["4"],"id":172,"crop_type":"北京101","leader":"小陈","product_type":"黄瓜","product_name":"黄瓜","image":"https://lvfulong-app-test.gagogroup.cn:31787/uploads/ccf92aab3c604f8a87433c93d84ee6d0.jpg","plancode":"2021010046"},{"real_yield":0,"harvest_info":[],"serialNum":"CM_CM_SDH_210102undefined","plantBatch":null,"remarks":null,"yield":500,"harvest_end_date":"2021-10-30","harvest_start_date":"2021-10-29","plant_num":500,"plant_date":"2021-10-28","sow_num":500,"sow_date":"2021-10-27","area":null,"green_house_name":["连栋温室"],"green_house_id":["4"],"id":170,"crop_type":"圣诞红","leader":"小陈","product_type":"草莓","product_name":"草莓","image":"https://lvfulong-app-test.gagogroup.cn:31787/uploads/acfc7a57fdd94da7a9b78cf44736bc8d.jpg","plancode":"2021010044"},{"real_yield":0,"harvest_info":[],"serialNum":"J_J_QX_211026undefined","plantBatch":null,"remarks":null,"yield":233,"harvest_end_date":"2021-10-26","harvest_start_date":"2021-10-20","plant_num":33,"plant_date":"2021-10-27","sow_num":14000,"sow_date":"2021-10-26","area":null,"green_house_name":["温室E区7号","温室E区8号","温室E区9号","温室E区10号","温室E区11号","温室E区12号","温室E区13号","温室E区14号","温室E区15号","19号温室","温室E区16号","温室E区20号","温室E区21号","1号温室","2号温室","3号温室","4号温室","连栋温室","17号温室","新1号温室","温室E区2号","温室E区3号","温室E区4号","温室E区5号","温室E区6号","18号温室"],"green_house_id":["31","32","33","34","35","36","37","38","39","5","40","41","42","9","10","11","12","4","7","8","26","27","28","29","30","6"],"id":169,"crop_type":"千禧","leader":"何小花","product_type":"姜","product_name":"姜","image":"https://lvfulong-app-test.gagogroup.cn:31787/uploads/fbec063b7f174e7b82dcc0ec14b1aabf.jpg","plancode":"2021010043"},{"real_yield":0,"harvest_info":[],"serialNum":"J_J_QX_21105undefined","plantBatch":null,"remarks":null,"yield":14000,"harvest_end_date":"2021-10-26","harvest_start_date":"2021-10-19","plant_num":14000,"plant_date":"2021-10-26","sow_num":88,"sow_date":"2021-10-05","area":null,"green_house_name":["连栋温室"],"green_house_id":["4"],"id":168,"crop_type":"千禧","leader":"何小明","product_type":"姜","product_name":"姜","image":"https://lvfulong-app-test.gagogroup.cn:31787/uploads/fbec063b7f174e7b82dcc0ec14b1aabf.jpg","plancode":"2021010042"},{"real_yield":0,"harvest_info":[],"serialNum":"CH_BCH_FH6_21010209","plantBatch":9,"remarks":null,"yield":200,"harvest_end_date":"2021-10-27T06:16:59.963Z","harvest_start_date":"2021-10-26T06:16:57.299Z","plant_num":355,"plant_date":"2021-10-25T06:16:51.989Z","sow_num":499,"sow_date":"2021-10-25T06:16:35.489Z","area":null,"green_house_name":["连栋温室"],"green_house_id":["4"],"id":167,"crop_type":"丰华60","leader":"55","product_type":"菜花","product_name":"白菜花","image":"https://lvfulong-app-test.gagogroup.cn:31787/uploads/041477fc2b4d45a9a6099e2fba6ae62d.jpg","plancode":"2021010041"},{"real_yield":0,"harvest_info":[],"serialNum":"CM_CM_SDH_210102undefined","plantBatch":null,"remarks":null,"yield":233,"harvest_end_date":"2021-10-26","harvest_start_date":"2021-10-27","plant_num":14000,"plant_date":"2021-10-27","sow_num":14000,"sow_date":"2021-10-27","area":null,"green_house_name":["连栋温室"],"green_house_id":["4"],"id":166,"crop_type":"圣诞红","leader":"张杰","product_type":"草莓","product_name":"草莓","image":"https://lvfulong-app-test.gagogroup.cn:31787/uploads/acfc7a57fdd94da7a9b78cf44736bc8d.jpg","plancode":"2021010040"}],"total":44,"current_type_total_num":"2022010056"}}}
