[2022-03-01 01:31:44,898][yaml_util1.py 48][INFO]: 加载 D:\python_project\gago_project\jiangsuzhibao\config\setting.ini 文件......
[2022-03-01 01:31:44,899][yaml_util1.py 25][INFO]: 加载 ==>> D:\python_project\gago_project\jiangsuzhibao\data_file\test_case.yaml文件.....
[2022-03-01 01:31:44,903][yaml_util1.py 28][INFO]: 读到数据 ==>>  {'test_01': [['登录', '用户登录', 'post', '/nybdata/login?user_name=18570666862&pwd=1,True,200', '', True, 200, '登录成功']], 'test_02': [['采收计划管理', '获取采收计划', 'get', '/api/v1/harvest_plan/list', {'year': '', 'page': 1, 'size': 15, 'product_name': '', 'sow_start_data': '', 'sow_end_data': '', 'house_type': '01'}, True, 200, '连栋温室']], 'test_03': [['大屏', '大屏地图上方数据', 'get', '/api/v1/control_pannel/area_count', '', True, 200, 500]], 'test_04': [['大屏', '大屏气象数据', 'get', '/api/v1/control_pannel/weather', '', True, 20, '延庆']]}
[2022-03-01 01:31:44,968][yaml_util1.py 48][INFO]: 加载 D:\python_project\gago_project\jiangsuzhibao\config\setting.ini 文件......
[2022-03-01 01:31:44,975][conftest.py 25][INFO]: ~~~~~~~~~~在所有请求之前执行一次~~~~~~~~~~~
[2022-03-01 01:31:44,976][yaml_util1.py 45][INFO]: 重置 /extract_token.yaml文件.......
[2022-03-01 01:31:44,986][conftest.py 28][INFO]: ~~~~~~~~~~在所有请求之后执行一次~~~~~~~~~~~
[2022-03-01 01:34:52,156][yaml_util1.py 48][INFO]: 加载 D:\python_project\gago_project\jiangsuzhibao\config\setting.ini 文件......
[2022-03-01 01:34:52,157][yaml_util1.py 25][INFO]: 加载 ==>> D:\python_project\gago_project\jiangsuzhibao\data_file\test_case.yaml文件.....
[2022-03-01 01:34:52,161][yaml_util1.py 28][INFO]: 读到数据 ==>>  {'test_01': [['登录', '用户登录', 'post', '/nybdata/login', 'user_name=18570666862&pwd=1', True, 200, '登录成功']], 'test_02': [['采收计划管理', '获取采收计划', 'get', '/api/v1/harvest_plan/list', {'year': '', 'page': 1, 'size': 15, 'product_name': '', 'sow_start_data': '', 'sow_end_data': '', 'house_type': '01'}, True, 200, '连栋温室']], 'test_03': [['大屏', '大屏地图上方数据', 'get', '/api/v1/control_pannel/area_count', '', True, 200, 500]], 'test_04': [['大屏', '大屏气象数据', 'get', '/api/v1/control_pannel/weather', '', True, 20, '延庆']]}
[2022-03-01 01:34:52,226][yaml_util1.py 48][INFO]: 加载 D:\python_project\gago_project\jiangsuzhibao\config\setting.ini 文件......
[2022-03-01 01:34:52,233][conftest.py 25][INFO]: ~~~~~~~~~~在所有请求之前执行一次~~~~~~~~~~~
[2022-03-01 01:34:52,234][yaml_util1.py 45][INFO]: 重置 /extract_token.yaml文件.......
[2022-03-01 01:34:52,244][conftest.py 28][INFO]: ~~~~~~~~~~在所有请求之后执行一次~~~~~~~~~~~
[2022-03-01 01:36:10,729][yaml_util1.py 48][INFO]: 加载 D:\python_project\gago_project\jiangsuzhibao\config\setting.ini 文件......
[2022-03-01 01:36:10,730][yaml_util1.py 25][INFO]: 加载 ==>> D:\python_project\gago_project\jiangsuzhibao\data_file\test_case.yaml文件.....
[2022-03-01 01:36:10,734][yaml_util1.py 28][INFO]: 读到数据 ==>>  {'test_01': [['登录', '用户登录', 'post', '/nybdata/login', 'user_name=18570666862&pwd=1', True, 200, '登录成功']], 'test_02': [['采收计划管理', '获取采收计划', 'get', '/api/v1/harvest_plan/list', {'year': '', 'page': 1, 'size': 15, 'product_name': '', 'sow_start_data': '', 'sow_end_data': '', 'house_type': '01'}, True, 200, '连栋温室']], 'test_03': [['大屏', '大屏地图上方数据', 'get', '/api/v1/control_pannel/area_count', '', True, 200, 500]], 'test_04': [['大屏', '大屏气象数据', 'get', '/api/v1/control_pannel/weather', '', True, 20, '延庆']]}
[2022-03-01 01:36:10,800][yaml_util1.py 48][INFO]: 加载 D:\python_project\gago_project\jiangsuzhibao\config\setting.ini 文件......
[2022-03-01 01:36:10,808][conftest.py 25][INFO]: ~~~~~~~~~~在所有请求之前执行一次~~~~~~~~~~~
[2022-03-01 01:36:10,808][yaml_util1.py 45][INFO]: 重置 /extract_token.yaml文件.......
[2022-03-01 01:36:10,821][conftest.py 28][INFO]: ~~~~~~~~~~在所有请求之后执行一次~~~~~~~~~~~
[2022-03-01 01:39:18,318][yaml_util1.py 48][INFO]: 加载 D:\python_project\gago_project\jiangsuzhibao\config\setting.ini 文件......
[2022-03-01 01:39:18,319][yaml_util1.py 25][INFO]: 加载 ==>> D:\python_project\gago_project\jiangsuzhibao\data_file\test_case.yaml文件.....
[2022-03-01 01:39:18,323][yaml_util1.py 28][INFO]: 读到数据 ==>>  {'test_01': [['登录', '用户登录', 'post', '/nybdata/login', 'user_name=18570666862&pwd=1', True, 200, '登录成功']], 'test_02': [['采收计划管理', '获取采收计划', 'get', '/api/v1/harvest_plan/list', {'year': '', 'page': 1, 'size': 15, 'product_name': '', 'sow_start_data': '', 'sow_end_data': '', 'house_type': '01'}, True, 200, '连栋温室']], 'test_03': [['大屏', '大屏地图上方数据', 'get', '/api/v1/control_pannel/area_count', '', True, 200, 500]], 'test_04': [['大屏', '大屏气象数据', 'get', '/api/v1/control_pannel/weather', '', True, 20, '延庆']]}
[2022-03-01 01:39:18,387][yaml_util1.py 48][INFO]: 加载 D:\python_project\gago_project\jiangsuzhibao\config\setting.ini 文件......
[2022-03-01 01:39:18,396][conftest.py 25][INFO]: ~~~~~~~~~~在所有请求之前执行一次~~~~~~~~~~~
[2022-03-01 01:39:18,396][yaml_util1.py 45][INFO]: 重置 /extract_token.yaml文件.......
[2022-03-01 01:39:18,509][conftest.py 28][INFO]: ~~~~~~~~~~在所有请求之后执行一次~~~~~~~~~~~
[2022-03-01 01:41:11,689][yaml_util1.py 48][INFO]: 加载 D:\python_project\gago_project\jiangsuzhibao\config\setting.ini 文件......
[2022-03-01 01:41:11,691][yaml_util1.py 25][INFO]: 加载 ==>> D:\python_project\gago_project\jiangsuzhibao\data_file\test_case.yaml文件.....
[2022-03-01 01:41:11,697][yaml_util1.py 28][INFO]: 读到数据 ==>>  {'test_01': [['登录', '用户登录', 'post', '/nybdata/login', 'user_name=18570666862&pwd=1', True, 200, '登录成功']], 'test_02': [['采收计划管理', '获取采收计划', 'get', '/api/v1/harvest_plan/list', {'year': '', 'page': 1, 'size': 15, 'product_name': '', 'sow_start_data': '', 'sow_end_data': '', 'house_type': '01'}, True, 200, '连栋温室']], 'test_03': [['大屏', '大屏地图上方数据', 'get', '/api/v1/control_pannel/area_count', '', True, 200, 500]], 'test_04': [['大屏', '大屏气象数据', 'get', '/api/v1/control_pannel/weather', '', True, 20, '延庆']]}
[2022-03-01 01:41:11,797][yaml_util1.py 48][INFO]: 加载 D:\python_project\gago_project\jiangsuzhibao\config\setting.ini 文件......
[2022-03-01 01:41:11,804][conftest.py 25][INFO]: ~~~~~~~~~~在所有请求之前执行一次~~~~~~~~~~~
[2022-03-01 01:41:11,805][yaml_util1.py 45][INFO]: 重置 /extract_token.yaml文件.......
[2022-03-01 01:41:11,808][test_login.py 32][INFO]: *************** 用户登录-开始执行用例 ***************
[2022-03-01 01:41:11,808][all_requests.py 52][INFO]: 接口请求地址 ==>> http://58.242.186.52:7005/nybdata/login
[2022-03-01 01:41:11,808][all_requests.py 53][INFO]: 接口请求方式 ==>> post
[2022-03-01 01:41:11,809][all_requests.py 55][INFO]: 接口请求头 ==>> null
[2022-03-01 01:41:11,809][all_requests.py 56][INFO]: 接口请求 params 参数 ==>> null
[2022-03-01 01:41:11,810][all_requests.py 57][INFO]: 接口请求体 data 参数 ==>> "user_name=18570666862&pwd=1"
[2022-03-01 01:41:11,810][all_requests.py 58][INFO]: 接口请求体 json 参数 ==>> null
[2022-03-01 01:41:11,810][all_requests.py 59][INFO]: 接口上传附件 files 参数 ==>> None
[2022-03-01 01:41:11,810][all_requests.py 60][INFO]: 接口 cookies 参数 ==>> null
[2022-03-01 01:41:11,891][keyword_request.py 49][INFO]: {"timestamp":"2022-02-28T17:40:29.144+0000","status":400,"error":"Bad Request","message":"Required String parameter 'user_name' is not present","path":"/nybdata/login"}
[2022-03-01 01:41:11,891][keyword_request.py 51][INFO]: resulr.data数据为:False
[2022-03-01 01:41:11,891][keyword_request.py 53][INFO]: 用户登录 ==>> 返回状态码为 >> 400
[2022-03-01 01:41:11,891][test_login.py 34][INFO]: 状态码 ==>> 期望结果：200， 实际结果：【 None 】
[2022-03-01 01:41:12,002][conftest.py 28][INFO]: ~~~~~~~~~~在所有请求之后执行一次~~~~~~~~~~~
[2022-03-01 01:43:11,499][yaml_util1.py 48][INFO]: 加载 D:\python_project\gago_project\jiangsuzhibao\config\setting.ini 文件......
[2022-03-01 01:43:11,500][yaml_util1.py 25][INFO]: 加载 ==>> D:\python_project\gago_project\jiangsuzhibao\data_file\test_case.yaml文件.....
[2022-03-01 01:43:11,504][yaml_util1.py 28][INFO]: 读到数据 ==>>  {'test_01': [['登录', '用户登录', 'post', '/nybdata/login?user_name=18570666862&pwd=1', '', True, 200, '登录成功']], 'test_02': [['采收计划管理', '获取采收计划', 'get', '/api/v1/harvest_plan/list', {'year': '', 'page': 1, 'size': 15, 'product_name': '', 'sow_start_data': '', 'sow_end_data': '', 'house_type': '01'}, True, 200, '连栋温室']], 'test_03': [['大屏', '大屏地图上方数据', 'get', '/api/v1/control_pannel/area_count', '', True, 200, 500]], 'test_04': [['大屏', '大屏气象数据', 'get', '/api/v1/control_pannel/weather', '', True, 20, '延庆']]}
[2022-03-01 01:43:11,564][yaml_util1.py 48][INFO]: 加载 D:\python_project\gago_project\jiangsuzhibao\config\setting.ini 文件......
[2022-03-01 01:43:11,572][conftest.py 25][INFO]: ~~~~~~~~~~在所有请求之前执行一次~~~~~~~~~~~
[2022-03-01 01:43:11,572][yaml_util1.py 45][INFO]: 重置 /extract_token.yaml文件.......
[2022-03-01 01:43:11,573][test_login.py 32][INFO]: *************** 用户登录-开始执行用例 ***************
[2022-03-01 01:43:11,574][all_requests.py 52][INFO]: 接口请求地址 ==>> http://58.242.186.52:7005/nybdata/login?user_name=18570666862&pwd=1
[2022-03-01 01:43:11,574][all_requests.py 53][INFO]: 接口请求方式 ==>> post
[2022-03-01 01:43:11,574][all_requests.py 55][INFO]: 接口请求头 ==>> null
[2022-03-01 01:43:11,574][all_requests.py 56][INFO]: 接口请求 params 参数 ==>> null
[2022-03-01 01:43:11,574][all_requests.py 57][INFO]: 接口请求体 data 参数 ==>> ""
[2022-03-01 01:43:11,575][all_requests.py 58][INFO]: 接口请求体 json 参数 ==>> null
[2022-03-01 01:43:11,575][all_requests.py 59][INFO]: 接口上传附件 files 参数 ==>> None
[2022-03-01 01:43:11,575][all_requests.py 60][INFO]: 接口 cookies 参数 ==>> null
[2022-03-01 01:43:11,660][keyword_request.py 49][INFO]: {"success":true,"message":"登录成功","datas":{"token":"9ccUzt/hv0L7POUOSINmpZA5PD4=","login_name":"18570666862","name":"吴亮","phone":"18570666862"}}
[2022-03-01 01:43:11,661][keyword_request.py 51][INFO]: resulr.data数据为:True
[2022-03-01 01:43:11,661][keyword_request.py 53][INFO]: 用户登录 ==>> 返回状态码为 >> 200
[2022-03-01 01:43:11,661][test_login.py 34][INFO]: 状态码 ==>> 期望结果：200， 实际结果：【 None 】
[2022-03-01 01:43:11,661][test_login.py 38][INFO]: except_result数据为：登录成功
[2022-03-01 01:43:11,661][test_login.py 41][INFO]: *************** 用户登录-结束执行用例 ***************
[2022-03-01 01:43:11,669][conftest.py 28][INFO]: ~~~~~~~~~~在所有请求之后执行一次~~~~~~~~~~~
[2022-03-01 01:45:57,753][yaml_util1.py 48][INFO]: 加载 D:\python_project\gago_project\jiangsuzhibao\config\setting.ini 文件......
[2022-03-01 01:45:57,754][yaml_util1.py 25][INFO]: 加载 ==>> D:\python_project\gago_project\jiangsuzhibao\data_file\test_case.yaml文件.....
[2022-03-01 01:45:57,758][yaml_util1.py 28][INFO]: 读到数据 ==>>  {'test_01': [['登录', '用户登录', 'post', '/nybdata/login?user_name=18570666862&pwd=1', '', True, 200, '登录成功']], 'test_02': [['采收计划管理', '获取采收计划', 'get', '/api/v1/harvest_plan/list', {'year': '', 'page': 1, 'size': 15, 'product_name': '', 'sow_start_data': '', 'sow_end_data': '', 'house_type': '01'}, True, 200, '连栋温室']], 'test_03': [['大屏', '大屏地图上方数据', 'get', '/api/v1/control_pannel/area_count', '', True, 200, 500]], 'test_04': [['大屏', '大屏气象数据', 'get', '/api/v1/control_pannel/weather', '', True, 20, '延庆']]}
[2022-03-01 01:45:57,828][yaml_util1.py 48][INFO]: 加载 D:\python_project\gago_project\jiangsuzhibao\config\setting.ini 文件......
[2022-03-01 01:45:57,835][conftest.py 25][INFO]: ~~~~~~~~~~在所有请求之前执行一次~~~~~~~~~~~
[2022-03-01 01:45:57,836][yaml_util1.py 45][INFO]: 重置 /extract_token.yaml文件.......
[2022-03-01 01:45:57,937][conftest.py 28][INFO]: ~~~~~~~~~~在所有请求之后执行一次~~~~~~~~~~~
[2022-03-01 01:52:52,257][yaml_util1.py 48][INFO]: 加载 D:\python_project\gago_project\jiangsuzhibao\config\setting.ini 文件......
[2022-03-01 01:52:52,258][yaml_util1.py 25][INFO]: 加载 ==>> D:\python_project\gago_project\jiangsuzhibao\data_file\test_case.yaml文件.....
[2022-03-01 01:52:52,262][yaml_util1.py 28][INFO]: 读到数据 ==>>  {'test_01': [['登录', '用户登录', 'post', '/nybdata/login?user_name=18570666862&pwd=1', '', True, 200, '登录成功']], 'test_02': [['采收计划管理', '获取采收计划', 'get', '/api/v1/harvest_plan/list', {'year': '', 'page': 1, 'size': 15, 'product_name': '', 'sow_start_data': '', 'sow_end_data': '', 'house_type': '01'}, True, 200, '连栋温室']], 'test_03': [['大屏', '大屏地图上方数据', 'get', '/api/v1/control_pannel/area_count', '', True, 200, 500]], 'test_04': [['大屏', '大屏气象数据', 'get', '/api/v1/control_pannel/weather', '', True, 20, '延庆']]}
[2022-03-01 01:52:52,327][yaml_util1.py 48][INFO]: 加载 D:\python_project\gago_project\jiangsuzhibao\config\setting.ini 文件......
[2022-03-01 01:52:52,335][conftest.py 25][INFO]: ~~~~~~~~~~在所有请求之前执行一次~~~~~~~~~~~
[2022-03-01 01:52:52,335][yaml_util1.py 45][INFO]: 重置 /extract_token.yaml文件.......
[2022-03-01 01:52:52,432][conftest.py 28][INFO]: ~~~~~~~~~~在所有请求之后执行一次~~~~~~~~~~~
[2022-03-01 01:53:12,437][yaml_util1.py 48][INFO]: 加载 D:\python_project\gago_project\jiangsuzhibao\config\setting.ini 文件......
[2022-03-01 01:53:12,438][yaml_util1.py 25][INFO]: 加载 ==>> D:\python_project\gago_project\jiangsuzhibao\data_file\test_case.yaml文件.....
[2022-03-01 01:53:12,442][yaml_util1.py 28][INFO]: 读到数据 ==>>  {'test_01': [['登录', '用户登录', 'post', '/nybdata/login?user_name=18570666862&pwd=1', '', True, 200, '登录成功']], 'test_02': [['采收计划管理', '获取采收计划', 'get', '/api/v1/harvest_plan/list', {'year': '', 'page': 1, 'size': 15, 'product_name': '', 'sow_start_data': '', 'sow_end_data': '', 'house_type': '01'}, True, 200, '连栋温室']], 'test_03': [['大屏', '大屏地图上方数据', 'get', '/api/v1/control_pannel/area_count', '', True, 200, 500]], 'test_04': [['大屏', '大屏气象数据', 'get', '/api/v1/control_pannel/weather', '', True, 20, '延庆']]}
[2022-03-01 01:53:12,510][yaml_util1.py 48][INFO]: 加载 D:\python_project\gago_project\jiangsuzhibao\config\setting.ini 文件......
[2022-03-01 01:53:12,516][conftest.py 25][INFO]: ~~~~~~~~~~在所有请求之前执行一次~~~~~~~~~~~
[2022-03-01 01:53:12,517][yaml_util1.py 45][INFO]: 重置 /extract_token.yaml文件.......
[2022-03-01 01:53:12,519][test_login.py 32][INFO]: *************** 用户登录-开始执行用例 ***************
[2022-03-01 01:53:12,520][all_requests.py 52][INFO]: 接口请求地址 ==>> http://58.242.186.52:7005/nybdata/login?user_name=18570666862&pwd=1
[2022-03-01 01:53:12,520][all_requests.py 53][INFO]: 接口请求方式 ==>> post
[2022-03-01 01:53:12,520][all_requests.py 55][INFO]: 接口请求头 ==>> null
[2022-03-01 01:53:12,520][all_requests.py 56][INFO]: 接口请求 params 参数 ==>> null
[2022-03-01 01:53:12,520][all_requests.py 57][INFO]: 接口请求体 data 参数 ==>> ""
[2022-03-01 01:53:12,520][all_requests.py 58][INFO]: 接口请求体 json 参数 ==>> null
[2022-03-01 01:53:12,520][all_requests.py 59][INFO]: 接口上传附件 files 参数 ==>> None
[2022-03-01 01:53:12,520][all_requests.py 60][INFO]: 接口 cookies 参数 ==>> null
[2022-03-01 01:53:12,606][keyword_request.py 49][INFO]: {"success":true,"message":"登录成功","datas":{"token":"kCPrIrTaCEJSpmuB5GMirBT68js=","login_name":"18570666862","name":"吴亮","phone":"18570666862"}}
[2022-03-01 01:53:12,606][keyword_request.py 51][INFO]: resulr.data数据为:True
[2022-03-01 01:53:12,606][keyword_request.py 53][INFO]: 用户登录 ==>> 返回状态码为 >> 200
[2022-03-01 01:53:12,607][test_login.py 34][INFO]: 状态码 ==>> 期望结果：200， 实际结果：【 None 】
[2022-03-01 01:53:12,607][test_login.py 38][INFO]: except_result数据为：登录成功
[2022-03-01 01:53:12,607][test_login.py 41][INFO]: *************** 用户登录-结束执行用例 ***************
[2022-03-01 01:53:12,618][conftest.py 28][INFO]: ~~~~~~~~~~在所有请求之后执行一次~~~~~~~~~~~
[2022-03-01 01:55:04,032][yaml_util1.py 48][INFO]: 加载 D:\python_project\gago_project\jiangsuzhibao\config\setting.ini 文件......
[2022-03-01 01:55:04,032][yaml_util1.py 25][INFO]: 加载 ==>> D:\python_project\gago_project\jiangsuzhibao\data_file\test_case.yaml文件.....
[2022-03-01 01:55:04,037][yaml_util1.py 28][INFO]: 读到数据 ==>>  {'test_01': [['登录', '用户登录', 'post', '/nybdata/login?user_name=18570666862&pwd=1', '', True, 200, '登录成功']], 'test_02': [['采收计划管理', '获取采收计划', 'get', '/api/v1/harvest_plan/list', {'year': '', 'page': 1, 'size': 15, 'product_name': '', 'sow_start_data': '', 'sow_end_data': '', 'house_type': '01'}, True, 200, '连栋温室']], 'test_03': [['大屏', '大屏地图上方数据', 'get', '/api/v1/control_pannel/area_count', '', True, 200, 500]], 'test_04': [['大屏', '大屏气象数据', 'get', '/api/v1/control_pannel/weather', '', True, 20, '延庆']]}
[2022-03-01 01:55:04,100][yaml_util1.py 48][INFO]: 加载 D:\python_project\gago_project\jiangsuzhibao\config\setting.ini 文件......
[2022-03-01 01:55:04,108][conftest.py 25][INFO]: ~~~~~~~~~~在所有请求之前执行一次~~~~~~~~~~~
[2022-03-01 01:55:04,108][yaml_util1.py 45][INFO]: 重置 /extract_token.yaml文件.......
[2022-03-01 01:55:04,110][test_login.py 32][INFO]: *************** 用户登录-开始执行用例 ***************
[2022-03-01 01:55:04,110][all_requests.py 52][INFO]: 接口请求地址 ==>> http://58.242.186.52:7005/nybdata/login?user_name=18570666862&pwd=1
[2022-03-01 01:55:04,110][all_requests.py 53][INFO]: 接口请求方式 ==>> post
[2022-03-01 01:55:04,110][all_requests.py 55][INFO]: 接口请求头 ==>> null
[2022-03-01 01:55:04,110][all_requests.py 56][INFO]: 接口请求 params 参数 ==>> null
[2022-03-01 01:55:04,110][all_requests.py 57][INFO]: 接口请求体 data 参数 ==>> ""
[2022-03-01 01:55:04,111][all_requests.py 58][INFO]: 接口请求体 json 参数 ==>> null
[2022-03-01 01:55:04,111][all_requests.py 59][INFO]: 接口上传附件 files 参数 ==>> None
[2022-03-01 01:55:04,111][all_requests.py 60][INFO]: 接口 cookies 参数 ==>> null
[2022-03-01 01:55:04,194][yaml_util1.py 36][INFO]: 获取token：{'token': '2U+skrYsQ/VzABly65AoVXSYvMU='}......
[2022-03-01 01:55:04,194][yaml_util1.py 39][INFO]: 已将{'token': '2U+skrYsQ/VzABly65AoVXSYvMU='}写入/extract_token.yaml文件......
[2022-03-01 01:55:04,195][keyword_request.py 49][INFO]: {"success":true,"message":"登录成功","datas":{"token":"2U+skrYsQ/VzABly65AoVXSYvMU=","login_name":"18570666862","name":"吴亮","phone":"18570666862"}}
[2022-03-01 01:55:04,195][keyword_request.py 51][INFO]: resulr.data数据为:True
[2022-03-01 01:55:04,195][keyword_request.py 53][INFO]: 用户登录 ==>> 返回状态码为 >> 200
[2022-03-01 01:55:04,195][test_login.py 34][INFO]: 状态码 ==>> 期望结果：200， 实际结果：【 None 】
[2022-03-01 01:55:04,195][test_login.py 38][INFO]: except_result数据为：登录成功
[2022-03-01 01:55:04,195][test_login.py 41][INFO]: *************** 用户登录-结束执行用例 ***************
[2022-03-01 01:55:04,200][conftest.py 28][INFO]: ~~~~~~~~~~在所有请求之后执行一次~~~~~~~~~~~
