[2022-03-21 18:20:30,718][yaml_util1.py 49][INFO]: 加载 /Users/chenjiawei/Desktop/automation/github_project/jiangsuzhibao/config/setting.ini 文件......
[2022-03-21 18:23:30,637][yaml_util1.py 49][INFO]: 加载 /Users/chenjiawei/Desktop/automation/github_project/jiangsuzhibao/config/setting.ini 文件......
[2022-03-21 18:48:05,905][yaml_util1.py 49][INFO]: 加载 /Users/chenjiawei/Desktop/automation/github_project/jiangsuzhibao/config/setting.ini 文件......
[2022-03-21 18:48:30,442][yaml_util1.py 49][INFO]: 加载 /Users/chenjiawei/Desktop/automation/github_project/jiangsuzhibao/config/setting.ini 文件......
[2022-03-21 18:52:24,321][yaml_util1.py 49][INFO]: 加载 /Users/chenjiawei/Desktop/automation/github_project/jiangsuzhibao/config/setting.ini 文件......
[2022-03-21 18:53:50,975][yaml_util1.py 49][INFO]: 加载 /Users/chenjiawei/Desktop/automation/github_project/jiangsuzhibao/config/setting.ini 文件......
[2022-03-21 19:08:45,533][yaml_util1.py 49][INFO]: 加载 /Users/chenjiawei/Desktop/automation/github_project/jiangsuzhibao/config/setting.ini 文件......
[2022-03-21 19:08:45,534][yaml_util1.py 26][INFO]: 加载 ==>> /Users/chenjiawei/Desktop/automation/github_project/jiangsuzhibao/data_file/test_case.yaml文件.....
[2022-03-21 19:08:45,545][yaml_util1.py 29][INFO]: 读到数据 ==>>  {'test_01': [['登录', '用户登录', 'post', '/api/author/login', {'username': 'sny', 'password': 'sny123'}, True, 200, 'sny']], 'test_02': [['侵染气象分区', '获取小麦：温度，湿度，降水，太阳辐射数据', 'get', '/api/zhibao/v1/disaster/areas/statistics', {'lat': '32.9661343135971', 'lon': '119.463308431282', 'disaster_type': 'chimei', 'feature': ['tave', 'rh', 'apcp', 'ssrd']}, True, 200, '5360']], 'test_03': [['侵染气象分区', '获取水稻：温度，湿度，降水，太阳辐射数据', 'get', '/api/zhibao/v1/disaster/areas/statistics', {'lat': '32.9661343135971', 'lon': '119.463308431282', 'disaster_type': 'daowen', 'feature': ['tave', 'rh', 'apcp', 'ssrd']}, True, 200, 4869]], 'test_04': [['病害风险地图', '获取小麦风险分布、指数', 'get', '/api/zhibao/v1/disaster/history/risk_map/distributed', {'lat': '32.9661343135971', 'lon': '119.463308431282', 'crop_type': 'wheat'}, True, 200, 2138]], 'test_05': [['病害风险地图', '获取水稻风险分布，指数', 'get', '/api/zhibao/v1/disaster/history/risk_map/distributed', {'lat': '32.9661343135971', 'lon': '119.463308431282', 'crop_type': 'rice'}, True, 200, 7251]], 'test_06': [['病害风险地图', '小麦-病害风险最高前十', 'get', '/api/zhibao/v1/disaster/history/risk_map/top_ten', {'crop_type': 'wheat'}, True, 200, '南京市']], 'test_07': [['病害风险地图', '水稻=病害风险最高前十', 'get', '/api/zhibao/v1/disaster/history/risk_map/top_ten', {'crop_type': 'rice'}, True, 200, '盐城市']], 'test_08': [['病害风险地图', '水稻=病害风险最高前十', 'get', '/api/zhibao/v1/disaster/history/risk_map/top_ten', {'crop_type': 'rice'}, True, 200, '盐城市']]}
[2022-03-21 19:08:45,630][yaml_util1.py 49][INFO]: 加载 /Users/chenjiawei/Desktop/automation/github_project/jiangsuzhibao/config/setting.ini 文件......
[2022-03-21 19:08:45,655][conftest.py 25][INFO]: ~~~~~~~~~~在所有请求之前执行一次~~~~~~~~~~~
[2022-03-21 19:08:45,656][yaml_util1.py 46][INFO]: 重置 /extract_token.yaml文件.......
[2022-03-21 19:08:45,657][test_login.py 32][INFO]: *************** 用户登录-开始执行用例 ***************
[2022-03-21 19:08:45,658][yaml_util1.py 22][INFO]: 读到token ==>>  None
[2022-03-21 19:08:45,658][all_requests.py 52][INFO]: 接口请求地址 ==>> https://zbapi.gagogroup.cn/api/author/login
[2022-03-21 19:08:45,658][all_requests.py 53][INFO]: 接口请求方式 ==>> post
[2022-03-21 19:08:45,658][all_requests.py 55][INFO]: 接口请求头 ==>> null
[2022-03-21 19:08:45,658][all_requests.py 56][INFO]: 接口请求 params 参数 ==>> null
[2022-03-21 19:08:45,659][all_requests.py 57][INFO]: 接口请求体 data 参数 ==>> {
    "username": "sny",
    "password": "sny123"
}
[2022-03-21 19:08:45,659][all_requests.py 58][INFO]: 接口请求体 json 参数 ==>> null
[2022-03-21 19:08:45,659][all_requests.py 59][INFO]: 接口上传附件 files 参数 ==>> None
[2022-03-21 19:08:45,659][all_requests.py 60][INFO]: 接口 cookies 参数 ==>> null
[2022-03-21 19:08:46,405][yaml_util1.py 37][INFO]: 获取token：{'token': 'e835428b9997bd17df200c1aa5d4c99c8551a5992daec228c7c8821c9dacfa972dec7ae6e92edec5c254dee3144f33d4'}......
[2022-03-21 19:08:46,406][yaml_util1.py 40][INFO]: 已将{'token': 'e835428b9997bd17df200c1aa5d4c99c8551a5992daec228c7c8821c9dacfa972dec7ae6e92edec5c254dee3144f33d4'}写入/extract_token.yaml文件......
[2022-03-21 19:08:46,406][keyword_request.py 50][INFO]: 请求返回信息 >>> {"data":{"token":"e835428b9997bd17df200c1aa5d4c99c8551a5992daec228c7c8821c9dacfa972dec7ae6e92edec5c254dee3144f33d4","userId":21,"username":"sny","displayName":"苏农云","role":"admin","enterpriseId":1,"dataAuthorityId":3,"departments":[{"departmentId":1,"departmentName":"江苏省","haveUsers":true},{"departmentId":2,"departmentName":"南京市","haveUsers":false},{"departmentId":3,"departmentName":"市辖区","haveUsers":false},{"departmentId":4,"departmentName":"无锡市","haveUsers":false},{"departmentId":5,"departmentName":"市辖区","haveUsers":false},{"departmentId":6,"departmentName":"徐州市","haveUsers":false},{"departmentId":7,"departmentName":"市辖区","haveUsers":false},{"departmentId":8,"departmentName":"常州市","haveUsers":false},{"departmentId":9,"departmentName":"市辖区","haveUsers":false},{"departmentId":10,"departmentName":"苏州市","haveUsers":false},{"departmentId":11,"departmentName":"市辖区","haveUsers":false},{"departmentId":12,"departmentName":"南通市","haveUsers":false},{"departmentId":13,"departmentName":"市辖区","haveUsers":false},{"departmentId":14,"departmentName":"淮安市","haveUsers":false},{"departmentId":15,"departmentName":"市辖区","haveUsers":false},{"departmentId":16,"departmentName":"扬州市","haveUsers":false},{"departmentId":17,"departmentName":"市辖区","haveUsers":false},{"departmentId":18,"departmentName":"镇江市","haveUsers":false},{"departmentId":19,"departmentName":"市辖区","haveUsers":false},{"departmentId":20,"departmentName":"泰州市","haveUsers":false},{"departmentId":21,"departmentName":"市辖区","haveUsers":false},{"departmentId":22,"departmentName":"宿迁市","haveUsers":false},{"departmentId":23,"departmentName":"市辖区","haveUsers":false},{"departmentId":24,"departmentName":"连云港市","haveUsers":false},{"departmentId":25,"departmentName":"市辖区","haveUsers":false},{"departmentId":26,"departmentName":"盐城市","haveUsers":false},{"departmentId":27,"departmentName":"市辖区","haveUsers":false},{"departmentId":28,"departmentName":"锡山区","haveUsers":false},{"departmentId":29,"departmentName":"贾汪区","haveUsers":false},{"departmentId":30,"departmentName":"铜山县","haveUsers":false},{"departmentId":31,"departmentName":"睢宁县","haveUsers":false},{"departmentId":32,"departmentName":"邳州市","haveUsers":false},{"departmentId":33,"departmentName":"鼓楼区","haveUsers":false},{"departmentId":34,"departmentName":"邗江区","haveUsers":false},{"departmentId":35,"departmentName":"维扬区","haveUsers":false},{"departmentId":36,"departmentName":"润州区","haveUsers":false},{"departmentId":37,"departmentName":"九里区","haveUsers":false},{"departmentId":38,"departmentName":"姜堰市","haveUsers":false},{"departmentId":39,"departmentName":"宿豫区","haveUsers":false},{"departmentId":40,"departmentName":"沭阳县","haveUsers":false},{"departmentId":41,"departmentName":"玄武区","haveUsers":false},{"departmentId":42,"departmentName":"白下区","haveUsers":false},{"departmentId":43,"departmentName":"浦口区","haveUsers":false},{"departmentId":44,"departmentName":"溧水县","haveUsers":false},{"departmentId":45,"departmentName":"栖霞区","haveUsers":false},{"departmentId":46,"departmentName":"雨花台区","haveUsers":false},{"departmentId":47,"departmentName":"北塘区","haveUsers":false},{"departmentId":48,"departmentName":"高淳县","haveUsers":false},{"departmentId":49,"departmentName":"崇安区","haveUsers":false},{"departmentId":50,"departmentName":"南长区","haveUsers":false},{"departmentId":51,"departmentName":"惠山区","haveUsers":false},{"departmentId":52,"departmentName":"滨湖区","haveUsers":false},{"departmentId":53,"departmentName":"江阴市","haveUsers":false},{"departmentId":54,"departmentName":"云龙区","haveUsers":false},{"departmentId":55,"departmentName":"宜兴市","haveUsers":false},{"departmentId":56,"departmentName":"启东市","haveUsers":false},{"departmentId":57,"departmentName":"鼓楼区","haveUsers":false},{"departmentId":58,"departmentName":"丰县","haveUsers":false},{"departmentId":59,"departmentName":"丹徒区","haveUsers":false},{"departmentId":60,"departmentName":"扬中市","haveUsers":false},{"departmentId":61,"departmentName":"泗洪县","haveUsers":false},{"departmentId":62,"departmentName":"沛县","haveUsers":false},{"departmentId":63,"departmentName":"新沂市","haveUsers":false},{"departmentId":64,"departmentName":"钟楼区","haveUsers":false},{"departmentId":65,"departmentName":"金阊区","haveUsers":false},{"departmentId":66,"departmentName":"张家港市","haveUsers":false},{"departmentId":67,"departmentName":"新北区","haveUsers":false},{"departmentId":68,"departmentName":"丹阳市","haveUsers":false},{"departmentId":69,"departmentName":"溧阳市","haveUsers":false},{"departmentId":70,"departmentName":"金坛市","haveUsers":false},{"departmentId":71,"departmentName":"沧浪区","haveUsers":false},{"departmentId":72,"departmentName":"虎丘区","haveUsers":false},{"departmentId":73,"departmentName":"港闸区","haveUsers":false},{"departmentId":74,"departmentName":"相城区","haveUsers":false},{"departmentId":75,"departmentName":"崇川区","haveUsers":false},{"departmentId":76,"departmentName":"海门市","haveUsers":false},{"departmentId":77,"departmentName":"如东县","haveUsers":false},{"departmentId":78,"departmentName":"如皋市","haveUsers":false},{"departmentId":79,"departmentName":"清河区","haveUsers":false},{"departmentId":80,"departmentName":"金湖县","haveUsers":false},{"departmentId":81,"departmentName":"海州区","haveUsers":false},{"departmentId":82,"departmentName":"清浦区","haveUsers":false},{"departmentId":83,"departmentName":"赣榆县","haveUsers":false},{"departmentId":84,"departmentName":"灌南县","haveUsers":false},{"departmentId":85,"departmentName":"淮阴区","haveUsers":false},{"departmentId":86,"departmentName":"洪泽县","haveUsers":false},{"departmentId":87,"departmentName":"广陵区","haveUsers":false},{"departmentId":88,"departmentName":"盱眙县","haveUsers":false},{"departmentId":89,"departmentName":"京口区","haveUsers":false},{"departmentId":90,"departmentName":"亭湖区","haveUsers":false},{"departmentId":91,"departmentName":"盐都区","haveUsers":false},{"departmentId":92,"departmentName":"响水县","haveUsers":false},{"departmentId":93,"departmentName":"阜宁县","haveUsers":false},{"departmentId":94,"departmentName":"建湖县","haveUsers":false},{"departmentId":95,"departmentName":"东台市","haveUsers":false},{"departmentId":96,"departmentName":"大丰市","haveUsers":false},{"departmentId":97,"departmentName":"宝应县","haveUsers":false},{"departmentId":98,"departmentName":"江都市","haveUsers":false},{"departmentId":99,"departmentName":"海陵区","haveUsers":false},{"departmentId":100,"departmentName":"高港区","haveUsers":false},{"departmentId":101,"departmentName":"靖江市","haveUsers":false},{"departmentId":102,"departmentName":"泰兴市","haveUsers":false},{"departmentId":103,"departmentName":"宿城区","haveUsers":false},{"departmentId":104,"departmentName":"泗阳县","haveUsers":false},{"departmentId":105,"departmentName":"戚墅堰区","haveUsers":false},{"departmentId":106,"departmentName":"武进区","haveUsers":false},{"departmentId":107,"departmentName":"平江区","haveUsers":false},{"departmentId":108,"departmentName":"吴中区","haveUsers":false},{"departmentId":109,"departmentName":"海安县","haveUsers":false},{"departmentId":110,"departmentName":"常熟市","haveUsers":false},{"departmentId":111,"departmentName":"昆山市","haveUsers":false},{"departmentId":112,"departmentName":"吴江市","haveUsers":false},{"departmentId":113,"departmentName":"太仓市","haveUsers":false},{"departmentId":114,"departmentName":"秦淮区","haveUsers":false},{"departmentId":115,"departmentName":"通州市","haveUsers":false},{"departmentId":116,"departmentName":"连云区","haveUsers":false},{"departmentId":117,"departmentName":"新浦区","haveUsers":false},{"departmentId":118,"departmentName":"楚州区","haveUsers":false},{"departmentId":119,"departmentName":"建邺区","haveUsers":false},{"departmentId":120,"departmentName":"涟水县","haveUsers":false},{"departmentId":121,"departmentName":"东海县","haveUsers":false},{"departmentId":122,"departmentName":"灌云县","haveUsers":false},{"departmentId":123,"departmentName":"滨海县","haveUsers":false},{"departmentId":124,"departmentName":"射阳县","haveUsers":false},{"departmentId":125,"departmentName":"下关区","haveUsers":false},{"departmentId":126,"departmentName":"六合区","haveUsers":false},{"departmentId":127,"departmentName":"仪征市","haveUsers":false},{"departmentId":128,"departmentName":"高邮市","haveUsers":false},{"departmentId":129,"departmentName":"江宁区","haveUsers":false},{"departmentId":130,"departmentName":"天宁区","haveUsers":false},{"departmentId":131,"departmentName":"句容市","haveUsers":false},{"departmentId":132,"departmentName":"兴化市","haveUsers":false},{"departmentId":133,"departmentName":"泉山区","haveUsers":false}],"departmentId":1,"code":200}}
[2022-03-21 19:08:46,406][keyword_request.py 52][INFO]: resulr.data数据为:True
[2022-03-21 19:08:46,407][keyword_request.py 54][INFO]: 用户登录 ==>> 返回状态码为 >> 200
[2022-03-21 19:08:46,407][keyword_request.py 55][INFO]: json.get方法获取状态码200
[2022-03-21 19:08:46,407][test_login.py 34][INFO]: 状态码 ==>> 期望结果：200， 实际结果：【 200 】
[2022-03-21 19:08:46,407][test_login.py 38][INFO]: except_result数据为：sny
[2022-03-21 19:08:46,407][test_login.py 41][INFO]: *************** 用户登录-结束执行用例 ***************
[2022-03-21 19:08:46,415][test_screen.py 29][INFO]: *************** 获取小麦：温度，湿度，降水，太阳辐射数据-开始执行用例 ***************
[2022-03-21 19:08:46,416][yaml_util1.py 22][INFO]: 读到token ==>>  {'token': 'e835428b9997bd17df200c1aa5d4c99c8551a5992daec228c7c8821c9dacfa972dec7ae6e92edec5c254dee3144f33d4'}
[2022-03-21 19:08:46,417][yaml_util1.py 22][INFO]: 读到token ==>>  {'token': 'e835428b9997bd17df200c1aa5d4c99c8551a5992daec228c7c8821c9dacfa972dec7ae6e92edec5c254dee3144f33d4'}
[2022-03-21 19:08:46,417][all_requests.py 52][INFO]: 接口请求地址 ==>> https://zbapi.gagogroup.cn/api/zhibao/v1/disaster/areas/statistics
[2022-03-21 19:08:46,417][all_requests.py 53][INFO]: 接口请求方式 ==>> get
[2022-03-21 19:08:46,417][all_requests.py 55][INFO]: 接口请求头 ==>> null
[2022-03-21 19:08:46,417][all_requests.py 56][INFO]: 接口请求 params 参数 ==>> null
[2022-03-21 19:08:46,417][all_requests.py 57][INFO]: 接口请求体 data 参数 ==>> {
    "lat": "32.9661343135971",
    "lon": "119.463308431282",
    "disaster_type": "chimei",
    "feature": [
        "tave",
        "rh",
        "apcp",
        "ssrd"
    ]
}
[2022-03-21 19:08:46,417][all_requests.py 58][INFO]: 接口请求体 json 参数 ==>> null
[2022-03-21 19:08:46,418][all_requests.py 59][INFO]: 接口上传附件 files 参数 ==>> None
[2022-03-21 19:08:46,418][all_requests.py 60][INFO]: 接口 cookies 参数 ==>> null
[2022-03-21 19:08:46,619][keyword_request.py 50][INFO]: 请求返回信息 >>> {"data":{"apcp":{"≤50":757.4894613479651,"50~65":4954.830939259358,"65~80":3771.811076230657,"80~95":3622.621059534833,"＞95":2519.770509098235},"rh":{"≤62%":640.5489347417972,"62~64%":4182.788268663884,"64~66%":3221.851491423027,"66~68%":5900.850457383989,"＞68%":1680.4838932522605},"ssrd":{"≤630":1113.5971416482314,"630~645":2819.117949575027,"645~660":3405.0363829832977,"660~675":3664.0216479454,"＞675":4624.74992331684},"tave":{"≤16.5":520.6054485750198,"16.5~17":1509.8429047924603,"17~17.5":2800.3066315025308,"17.5~18":5435.4248630931825,"＞18":5360.34319750734},"code":200}}
[2022-03-21 19:08:46,619][keyword_request.py 52][INFO]: resulr.data数据为:True
[2022-03-21 19:08:46,619][keyword_request.py 54][INFO]: 获取小麦：温度，湿度，降水，太阳辐射数据 ==>> 返回状态码为 >> 200
[2022-03-21 19:08:46,619][keyword_request.py 55][INFO]: json.get方法获取状态码200
[2022-03-21 19:08:46,620][test_screen.py 31][INFO]: 状态码 ==>> 期望结果：200， 实际结果：【 200 】
[2022-03-21 19:08:46,620][test_screen.py 35][INFO]: except_result数据为：5360
[2022-03-21 19:08:46,620][test_screen.py 42][INFO]: *************** 获取小麦：温度，湿度，降水，太阳辐射数据-结束执行用例 ***************
[2022-03-21 19:08:46,630][test_screen.py 57][INFO]: *************** 获取水稻：温度，湿度，降水，太阳辐射数据-开始执行用例 ***************
[2022-03-21 19:08:46,631][yaml_util1.py 22][INFO]: 读到token ==>>  {'token': 'e835428b9997bd17df200c1aa5d4c99c8551a5992daec228c7c8821c9dacfa972dec7ae6e92edec5c254dee3144f33d4'}
[2022-03-21 19:08:46,632][yaml_util1.py 22][INFO]: 读到token ==>>  {'token': 'e835428b9997bd17df200c1aa5d4c99c8551a5992daec228c7c8821c9dacfa972dec7ae6e92edec5c254dee3144f33d4'}
[2022-03-21 19:08:46,632][all_requests.py 52][INFO]: 接口请求地址 ==>> https://zbapi.gagogroup.cn/api/zhibao/v1/disaster/areas/statistics
[2022-03-21 19:08:46,632][all_requests.py 53][INFO]: 接口请求方式 ==>> get
[2022-03-21 19:08:46,633][all_requests.py 55][INFO]: 接口请求头 ==>> null
[2022-03-21 19:08:46,633][all_requests.py 56][INFO]: 接口请求 params 参数 ==>> null
[2022-03-21 19:08:46,633][all_requests.py 57][INFO]: 接口请求体 data 参数 ==>> {
    "lat": "32.9661343135971",
    "lon": "119.463308431282",
    "disaster_type": "daowen",
    "feature": [
        "tave",
        "rh",
        "apcp",
        "ssrd"
    ]
}
[2022-03-21 19:08:46,633][all_requests.py 58][INFO]: 接口请求体 json 参数 ==>> null
[2022-03-21 19:08:46,633][all_requests.py 59][INFO]: 接口上传附件 files 参数 ==>> None
[2022-03-21 19:08:46,634][all_requests.py 60][INFO]: 接口 cookies 参数 ==>> null
[2022-03-21 19:08:46,780][keyword_request.py 50][INFO]: 请求返回信息 >>> {"data":{"apcp":{"≤120":183.88461997294002,"120~140":747.163070671778,"140~160":2941.218034510612,"160~180":6169.508106864578,"＞180":5584.74921345338},"rh":{"≤77%":0,"77~78%":3157.54357350274,"78~79%":3692.3161467567043,"79~80%":3062.1716223783847,"＞80%":5714.49170283337},"ssrd":{"≤700":4409.213315218555,"700~715":4454.524885593127,"715~730":4067.7716017028793,"730~745":1899.1871775984011,"＞745":795.8260653598189},"tave":{"≤24.5":2432.4016794139197,"24.5~25":3287.7064145231643,"25~25.5":2642.252165370867,"25.5~26":2394.9121609123317,"＞26":4869.250625252608},"code":200}}
[2022-03-21 19:08:46,780][keyword_request.py 52][INFO]: resulr.data数据为:True
[2022-03-21 19:08:46,781][keyword_request.py 54][INFO]: 获取水稻：温度，湿度，降水，太阳辐射数据 ==>> 返回状态码为 >> 200
[2022-03-21 19:08:46,781][keyword_request.py 55][INFO]: json.get方法获取状态码200
[2022-03-21 19:08:46,781][test_screen.py 59][INFO]: 状态码 ==>> 期望结果：200， 实际结果：【 200 】
[2022-03-21 19:08:46,781][test_screen.py 63][INFO]: except_result数据为：4869
[2022-03-21 19:08:46,781][test_screen.py 70][INFO]: *************** 获取水稻：温度，湿度，降水，太阳辐射数据-结束执行用例 ***************
[2022-03-21 19:08:46,793][test_recovery_plan.py 25][INFO]: *************** 获取小麦风险分布、指数-开始执行用例 ***************
[2022-03-21 19:08:46,796][yaml_util1.py 22][INFO]: 读到token ==>>  {'token': 'e835428b9997bd17df200c1aa5d4c99c8551a5992daec228c7c8821c9dacfa972dec7ae6e92edec5c254dee3144f33d4'}
[2022-03-21 19:08:46,798][yaml_util1.py 22][INFO]: 读到token ==>>  {'token': 'e835428b9997bd17df200c1aa5d4c99c8551a5992daec228c7c8821c9dacfa972dec7ae6e92edec5c254dee3144f33d4'}
[2022-03-21 19:08:46,798][all_requests.py 52][INFO]: 接口请求地址 ==>> https://zbapi.gagogroup.cn/api/zhibao/v1/disaster/history/risk_map/distributed
[2022-03-21 19:08:46,799][all_requests.py 53][INFO]: 接口请求方式 ==>> get
[2022-03-21 19:08:46,799][all_requests.py 55][INFO]: 接口请求头 ==>> null
[2022-03-21 19:08:46,799][all_requests.py 56][INFO]: 接口请求 params 参数 ==>> null
[2022-03-21 19:08:46,799][all_requests.py 57][INFO]: 接口请求体 data 参数 ==>> {
    "lat": "32.9661343135971",
    "lon": "119.463308431282",
    "crop_type": "wheat"
}
[2022-03-21 19:08:46,799][all_requests.py 58][INFO]: 接口请求体 json 参数 ==>> null
[2022-03-21 19:08:46,799][all_requests.py 59][INFO]: 接口上传附件 files 参数 ==>> None
[2022-03-21 19:08:46,800][all_requests.py 60][INFO]: 接口 cookies 参数 ==>> null
[2022-03-21 19:08:46,958][keyword_request.py 50][INFO]: 请求返回信息 >>> {"data":{"mean":1.29076,"levelOneArea":2138.39401188,"levelTwoArea":13163.5196601,"levelThreeArea":0,"levelFourArea":0,"levelFiveArea":0,"code":200}}
[2022-03-21 19:08:46,958][keyword_request.py 52][INFO]: resulr.data数据为:True
[2022-03-21 19:08:46,959][keyword_request.py 54][INFO]: 获取小麦风险分布、指数 ==>> 返回状态码为 >> 200
[2022-03-21 19:08:46,960][keyword_request.py 55][INFO]: json.get方法获取状态码200
[2022-03-21 19:08:46,960][test_recovery_plan.py 27][INFO]: 状态码 ==>> 期望结果：200， 实际结果：【 200 】
[2022-03-21 19:08:46,960][test_recovery_plan.py 31][INFO]: except_result数据为：2138
[2022-03-21 19:08:46,961][test_recovery_plan.py 36][INFO]: *************** 获取小麦风险分布、指数-结束执行用例 ***************
[2022-03-21 19:08:46,971][test_recovery_plan.py 50][INFO]: *************** 获取水稻风险分布，指数-开始执行用例 ***************
[2022-03-21 19:08:46,972][yaml_util1.py 22][INFO]: 读到token ==>>  {'token': 'e835428b9997bd17df200c1aa5d4c99c8551a5992daec228c7c8821c9dacfa972dec7ae6e92edec5c254dee3144f33d4'}
[2022-03-21 19:08:46,972][yaml_util1.py 22][INFO]: 读到token ==>>  {'token': 'e835428b9997bd17df200c1aa5d4c99c8551a5992daec228c7c8821c9dacfa972dec7ae6e92edec5c254dee3144f33d4'}
[2022-03-21 19:08:46,972][all_requests.py 52][INFO]: 接口请求地址 ==>> https://zbapi.gagogroup.cn/api/zhibao/v1/disaster/history/risk_map/distributed
[2022-03-21 19:08:46,972][all_requests.py 53][INFO]: 接口请求方式 ==>> get
[2022-03-21 19:08:46,972][all_requests.py 55][INFO]: 接口请求头 ==>> null
[2022-03-21 19:08:46,972][all_requests.py 56][INFO]: 接口请求 params 参数 ==>> null
[2022-03-21 19:08:46,973][all_requests.py 57][INFO]: 接口请求体 data 参数 ==>> {
    "lat": "32.9661343135971",
    "lon": "119.463308431282",
    "crop_type": "rice"
}
[2022-03-21 19:08:46,973][all_requests.py 58][INFO]: 接口请求体 json 参数 ==>> null
[2022-03-21 19:08:46,973][all_requests.py 59][INFO]: 接口上传附件 files 参数 ==>> None
[2022-03-21 19:08:46,973][all_requests.py 60][INFO]: 接口 cookies 参数 ==>> null
[2022-03-21 19:08:47,103][keyword_request.py 50][INFO]: 请求返回信息 >>> {"data":{"mean":2.0038,"levelOneArea":0,"levelTwoArea":7251.94490985,"levelThreeArea":8038.34705552,"levelFourArea":11.6217065863,"levelFiveArea":0,"code":200}}
[2022-03-21 19:08:47,103][keyword_request.py 52][INFO]: resulr.data数据为:True
[2022-03-21 19:08:47,104][keyword_request.py 54][INFO]: 获取水稻风险分布，指数 ==>> 返回状态码为 >> 200
[2022-03-21 19:08:47,104][keyword_request.py 55][INFO]: json.get方法获取状态码200
[2022-03-21 19:08:47,104][test_recovery_plan.py 53][INFO]: 状态码 ==>> 期望结果：200， 实际结果：【 200 】
[2022-03-21 19:08:47,104][test_recovery_plan.py 57][INFO]: except_result数据为：7251
[2022-03-21 19:08:47,104][test_recovery_plan.py 61][INFO]: *************** 获取水稻风险分布，指数-结束执行用例 ***************
[2022-03-21 19:08:47,118][test_recovery_plan.py 75][INFO]: *************** 小麦-病害风险最高前十-开始执行用例 ***************
[2022-03-21 19:08:47,119][yaml_util1.py 22][INFO]: 读到token ==>>  {'token': 'e835428b9997bd17df200c1aa5d4c99c8551a5992daec228c7c8821c9dacfa972dec7ae6e92edec5c254dee3144f33d4'}
[2022-03-21 19:08:47,120][yaml_util1.py 22][INFO]: 读到token ==>>  {'token': 'e835428b9997bd17df200c1aa5d4c99c8551a5992daec228c7c8821c9dacfa972dec7ae6e92edec5c254dee3144f33d4'}
[2022-03-21 19:08:47,120][all_requests.py 52][INFO]: 接口请求地址 ==>> https://zbapi.gagogroup.cn/api/zhibao/v1/disaster/history/risk_map/top_ten
[2022-03-21 19:08:47,120][all_requests.py 53][INFO]: 接口请求方式 ==>> get
[2022-03-21 19:08:47,120][all_requests.py 55][INFO]: 接口请求头 ==>> null
[2022-03-21 19:08:47,121][all_requests.py 56][INFO]: 接口请求 params 参数 ==>> null
[2022-03-21 19:08:47,121][all_requests.py 57][INFO]: 接口请求体 data 参数 ==>> {
    "crop_type": "wheat"
}
[2022-03-21 19:08:47,121][all_requests.py 58][INFO]: 接口请求体 json 参数 ==>> null
[2022-03-21 19:08:47,121][all_requests.py 59][INFO]: 接口上传附件 files 参数 ==>> None
[2022-03-21 19:08:47,122][all_requests.py 60][INFO]: 接口 cookies 参数 ==>> null
[2022-03-21 19:08:47,337][keyword_request.py 50][INFO]: 请求返回信息 >>> {"data":{"list":[{"cityName":"南京市","mean":1.6792,"countyName":"六合区"},{"cityName":"扬州市","mean":1.66938,"countyName":"仪征市"},{"cityName":"淮安市","mean":1.63997,"countyName":"盱眙县"},{"cityName":"宿迁市","mean":1.58083,"countyName":"泗洪县"},{"cityName":"南通市","mean":1.53429,"countyName":"如皋市"},{"cityName":"南通市","mean":1.52533,"countyName":"海安县"},{"cityName":"镇江市","mean":1.52349,"countyName":"丹徒区"},{"cityName":"扬州市","mean":1.51803,"countyName":"江都区"},{"cityName":"扬州市","mean":1.48142,"countyName":"高邮市"},{"cityName":"泰州市","mean":1.47393,"countyName":"泰兴市"}],"code":200}}
[2022-03-21 19:08:47,337][keyword_request.py 52][INFO]: resulr.data数据为:True
[2022-03-21 19:08:47,337][keyword_request.py 54][INFO]: 小麦-病害风险最高前十 ==>> 返回状态码为 >> 200
[2022-03-21 19:08:47,337][keyword_request.py 55][INFO]: json.get方法获取状态码200
[2022-03-21 19:08:47,338][test_recovery_plan.py 78][INFO]: 状态码 ==>> 期望结果：200， 实际结果：【 200 】
[2022-03-21 19:08:47,338][test_recovery_plan.py 82][INFO]: except_result数据为：南京市
[2022-03-21 19:08:47,338][test_recovery_plan.py 86][INFO]: *************** 小麦-病害风险最高前十-结束执行用例 ***************
[2022-03-21 19:08:47,346][test_recovery_plan.py 100][INFO]: *************** 水稻=病害风险最高前十-开始执行用例 ***************
[2022-03-21 19:08:47,346][yaml_util1.py 22][INFO]: 读到token ==>>  {'token': 'e835428b9997bd17df200c1aa5d4c99c8551a5992daec228c7c8821c9dacfa972dec7ae6e92edec5c254dee3144f33d4'}
[2022-03-21 19:08:47,347][yaml_util1.py 22][INFO]: 读到token ==>>  {'token': 'e835428b9997bd17df200c1aa5d4c99c8551a5992daec228c7c8821c9dacfa972dec7ae6e92edec5c254dee3144f33d4'}
[2022-03-21 19:08:47,347][all_requests.py 52][INFO]: 接口请求地址 ==>> https://zbapi.gagogroup.cn/api/zhibao/v1/disaster/history/risk_map/top_ten
[2022-03-21 19:08:47,347][all_requests.py 53][INFO]: 接口请求方式 ==>> get
[2022-03-21 19:08:47,347][all_requests.py 55][INFO]: 接口请求头 ==>> null
[2022-03-21 19:08:47,347][all_requests.py 56][INFO]: 接口请求 params 参数 ==>> null
[2022-03-21 19:08:47,347][all_requests.py 57][INFO]: 接口请求体 data 参数 ==>> {
    "crop_type": "rice"
}
[2022-03-21 19:08:47,347][all_requests.py 58][INFO]: 接口请求体 json 参数 ==>> null
[2022-03-21 19:08:47,347][all_requests.py 59][INFO]: 接口上传附件 files 参数 ==>> None
[2022-03-21 19:08:47,348][all_requests.py 60][INFO]: 接口 cookies 参数 ==>> null
[2022-03-21 19:08:47,533][keyword_request.py 50][INFO]: 请求返回信息 >>> {"data":{"list":[{"cityName":"盐城市","mean":2.57974,"countyName":"射阳县"},{"cityName":"盐城市","mean":2.51941,"countyName":"大丰市"},{"cityName":"盐城市","mean":2.50337,"countyName":"滨海县"},{"cityName":"盐城市","mean":2.42456,"countyName":"亭湖区"},{"cityName":"盐城市","mean":2.39769,"countyName":"盐都区"},{"cityName":"盐城市","mean":2.38846,"countyName":"建湖县"},{"cityName":"泰州市","mean":2.32125,"countyName":"兴化市"},{"cityName":"盐城市","mean":2.31968,"countyName":"阜宁县"},{"cityName":"盐城市","mean":2.30921,"countyName":"响水县"},{"cityName":"扬州市","mean":2.2979,"countyName":"宝应县"}],"code":200}}
[2022-03-21 19:08:47,533][keyword_request.py 52][INFO]: resulr.data数据为:True
[2022-03-21 19:08:47,533][keyword_request.py 54][INFO]: 水稻=病害风险最高前十 ==>> 返回状态码为 >> 200
[2022-03-21 19:08:47,534][keyword_request.py 55][INFO]: json.get方法获取状态码200
[2022-03-21 19:08:47,534][test_recovery_plan.py 103][INFO]: 状态码 ==>> 期望结果：200， 实际结果：【 200 】
[2022-03-21 19:08:47,534][test_recovery_plan.py 107][INFO]: except_result数据为：盐城市
[2022-03-21 19:08:47,534][test_recovery_plan.py 111][INFO]: *************** 水稻=病害风险最高前十-结束执行用例 ***************
[2022-03-21 19:08:47,538][conftest.py 28][INFO]: ~~~~~~~~~~在所有请求之后执行一次~~~~~~~~~~~
[2022-03-21 19:23:45,099][yaml_util1.py 49][INFO]: 加载 /Users/chenjiawei/Desktop/automation/github_project/jiangsuzhibao/config/setting.ini 文件......
[2022-03-21 19:23:45,101][yaml_util1.py 26][INFO]: 加载 ==>> /Users/chenjiawei/Desktop/automation/github_project/jiangsuzhibao/data_file/test_case.yaml文件.....
[2022-03-21 19:23:45,111][yaml_util1.py 29][INFO]: 读到数据 ==>>  {'test_01': [['登录', '用户登录', 'post', '/api/author/login', {'username': 'sny', 'password': 'sny123'}, True, 200, 'sny']], 'test_02': [['侵染气象分区', '获取小麦：温度，湿度，降水，太阳辐射数据', 'get', '/api/zhibao/v1/disaster/areas/statistics', {'lat': '32.9661343135971', 'lon': '119.463308431282', 'disaster_type': 'chimei', 'feature': ['tave', 'rh', 'apcp', 'ssrd']}, True, 200, '5360']], 'test_03': [['侵染气象分区', '获取水稻：温度，湿度，降水，太阳辐射数据', 'get', '/api/zhibao/v1/disaster/areas/statistics', {'lat': '32.9661343135971', 'lon': '119.463308431282', 'disaster_type': 'daowen', 'feature': ['tave', 'rh', 'apcp', 'ssrd']}, True, 200, 4869]], 'test_04': [['病害风险地图', '获取小麦风险分布、指数', 'get', '/api/zhibao/v1/disaster/history/risk_map/distributed', {'lat': '32.9661343135971', 'lon': '119.463308431282', 'crop_type': 'wheat'}, True, 200, 2138]], 'test_05': [['病害风险地图', '获取水稻风险分布，指数', 'get', '/api/zhibao/v1/disaster/history/risk_map/distributed', {'lat': '32.9661343135971', 'lon': '119.463308431282', 'crop_type': 'rice'}, True, 200, 7251]], 'test_06': [['病害风险地图', '小麦-病害风险最高前十', 'get', '/api/zhibao/v1/disaster/history/risk_map/top_ten', {'crop_type': 'wheat'}, True, 200, '南京市']], 'test_07': [['病害风险地图', '水稻=病害风险最高前十', 'get', '/api/zhibao/v1/disaster/history/risk_map/top_ten', {'crop_type': 'rice'}, True, 200, '盐城市']], 'test_08': [['病害风险地图', '水稻=病害风险最高前十', 'get', '/api/zhibao/v1/disaster/history/risk_map/top_ten', {'crop_type': 'rice'}, True, 200, '盐城市']]}
[2022-03-21 19:23:45,172][yaml_util1.py 49][INFO]: 加载 /Users/chenjiawei/Desktop/automation/github_project/jiangsuzhibao/config/setting.ini 文件......
[2022-03-21 19:23:45,195][conftest.py 25][INFO]: ~~~~~~~~~~在所有请求之前执行一次~~~~~~~~~~~
[2022-03-21 19:23:45,195][yaml_util1.py 46][INFO]: 重置 /extract_token.yaml文件.......
[2022-03-21 19:23:45,197][test_login.py 32][INFO]: *************** 用户登录-开始执行用例 ***************
[2022-03-21 19:23:45,198][yaml_util1.py 22][INFO]: 读到token ==>>  None
[2022-03-21 19:23:45,198][all_requests.py 52][INFO]: 接口请求地址 ==>> https://zbapi.gagogroup.cn/api/author/login
[2022-03-21 19:23:45,198][all_requests.py 53][INFO]: 接口请求方式 ==>> post
[2022-03-21 19:23:45,198][all_requests.py 55][INFO]: 接口请求头 ==>> null
[2022-03-21 19:23:45,198][all_requests.py 56][INFO]: 接口请求 params 参数 ==>> null
[2022-03-21 19:23:45,198][all_requests.py 57][INFO]: 接口请求体 data 参数 ==>> {
    "username": "sny",
    "password": "sny123"
}
[2022-03-21 19:23:45,198][all_requests.py 58][INFO]: 接口请求体 json 参数 ==>> null
[2022-03-21 19:23:45,198][all_requests.py 59][INFO]: 接口上传附件 files 参数 ==>> None
[2022-03-21 19:23:45,199][all_requests.py 60][INFO]: 接口 cookies 参数 ==>> null
[2022-03-21 19:24:00,738][yaml_util1.py 37][INFO]: 获取token：{'token': 'f39132abd15127149f7ef2e22cda02e5365389841d25a5aedeef81ca9acf840e3970a825da01f6c28144cf792b7647e0'}......
[2022-03-21 19:24:00,738][yaml_util1.py 40][INFO]: 已将{'token': 'f39132abd15127149f7ef2e22cda02e5365389841d25a5aedeef81ca9acf840e3970a825da01f6c28144cf792b7647e0'}写入/extract_token.yaml文件......
[2022-03-21 19:24:00,746][keyword_request.py 50][INFO]: 请求返回信息 >>> {"data":{"token":"f39132abd15127149f7ef2e22cda02e5365389841d25a5aedeef81ca9acf840e3970a825da01f6c28144cf792b7647e0","userId":21,"username":"sny","displayName":"苏农云","role":"admin","enterpriseId":1,"dataAuthorityId":3,"departments":[{"departmentId":1,"departmentName":"江苏省","haveUsers":true},{"departmentId":2,"departmentName":"南京市","haveUsers":false},{"departmentId":3,"departmentName":"市辖区","haveUsers":false},{"departmentId":4,"departmentName":"无锡市","haveUsers":false},{"departmentId":5,"departmentName":"市辖区","haveUsers":false},{"departmentId":6,"departmentName":"徐州市","haveUsers":false},{"departmentId":7,"departmentName":"市辖区","haveUsers":false},{"departmentId":8,"departmentName":"常州市","haveUsers":false},{"departmentId":9,"departmentName":"市辖区","haveUsers":false},{"departmentId":10,"departmentName":"苏州市","haveUsers":false},{"departmentId":11,"departmentName":"市辖区","haveUsers":false},{"departmentId":12,"departmentName":"南通市","haveUsers":false},{"departmentId":13,"departmentName":"市辖区","haveUsers":false},{"departmentId":14,"departmentName":"淮安市","haveUsers":false},{"departmentId":15,"departmentName":"市辖区","haveUsers":false},{"departmentId":16,"departmentName":"扬州市","haveUsers":false},{"departmentId":17,"departmentName":"市辖区","haveUsers":false},{"departmentId":18,"departmentName":"镇江市","haveUsers":false},{"departmentId":19,"departmentName":"市辖区","haveUsers":false},{"departmentId":20,"departmentName":"泰州市","haveUsers":false},{"departmentId":21,"departmentName":"市辖区","haveUsers":false},{"departmentId":22,"departmentName":"宿迁市","haveUsers":false},{"departmentId":23,"departmentName":"市辖区","haveUsers":false},{"departmentId":24,"departmentName":"连云港市","haveUsers":false},{"departmentId":25,"departmentName":"市辖区","haveUsers":false},{"departmentId":26,"departmentName":"盐城市","haveUsers":false},{"departmentId":27,"departmentName":"市辖区","haveUsers":false},{"departmentId":28,"departmentName":"锡山区","haveUsers":false},{"departmentId":29,"departmentName":"贾汪区","haveUsers":false},{"departmentId":30,"departmentName":"铜山县","haveUsers":false},{"departmentId":31,"departmentName":"睢宁县","haveUsers":false},{"departmentId":32,"departmentName":"邳州市","haveUsers":false},{"departmentId":33,"departmentName":"鼓楼区","haveUsers":false},{"departmentId":34,"departmentName":"邗江区","haveUsers":false},{"departmentId":35,"departmentName":"维扬区","haveUsers":false},{"departmentId":36,"departmentName":"润州区","haveUsers":false},{"departmentId":37,"departmentName":"九里区","haveUsers":false},{"departmentId":38,"departmentName":"姜堰市","haveUsers":false},{"departmentId":39,"departmentName":"宿豫区","haveUsers":false},{"departmentId":40,"departmentName":"沭阳县","haveUsers":false},{"departmentId":41,"departmentName":"玄武区","haveUsers":false},{"departmentId":42,"departmentName":"白下区","haveUsers":false},{"departmentId":43,"departmentName":"浦口区","haveUsers":false},{"departmentId":44,"departmentName":"溧水县","haveUsers":false},{"departmentId":45,"departmentName":"栖霞区","haveUsers":false},{"departmentId":46,"departmentName":"雨花台区","haveUsers":false},{"departmentId":47,"departmentName":"北塘区","haveUsers":false},{"departmentId":48,"departmentName":"高淳县","haveUsers":false},{"departmentId":49,"departmentName":"崇安区","haveUsers":false},{"departmentId":50,"departmentName":"南长区","haveUsers":false},{"departmentId":51,"departmentName":"惠山区","haveUsers":false},{"departmentId":52,"departmentName":"滨湖区","haveUsers":false},{"departmentId":53,"departmentName":"江阴市","haveUsers":false},{"departmentId":54,"departmentName":"云龙区","haveUsers":false},{"departmentId":55,"departmentName":"宜兴市","haveUsers":false},{"departmentId":56,"departmentName":"启东市","haveUsers":false},{"departmentId":57,"departmentName":"鼓楼区","haveUsers":false},{"departmentId":58,"departmentName":"丰县","haveUsers":false},{"departmentId":59,"departmentName":"丹徒区","haveUsers":false},{"departmentId":60,"departmentName":"扬中市","haveUsers":false},{"departmentId":61,"departmentName":"泗洪县","haveUsers":false},{"departmentId":62,"departmentName":"沛县","haveUsers":false},{"departmentId":63,"departmentName":"新沂市","haveUsers":false},{"departmentId":64,"departmentName":"钟楼区","haveUsers":false},{"departmentId":65,"departmentName":"金阊区","haveUsers":false},{"departmentId":66,"departmentName":"张家港市","haveUsers":false},{"departmentId":67,"departmentName":"新北区","haveUsers":false},{"departmentId":68,"departmentName":"丹阳市","haveUsers":false},{"departmentId":69,"departmentName":"溧阳市","haveUsers":false},{"departmentId":70,"departmentName":"金坛市","haveUsers":false},{"departmentId":71,"departmentName":"沧浪区","haveUsers":false},{"departmentId":72,"departmentName":"虎丘区","haveUsers":false},{"departmentId":73,"departmentName":"港闸区","haveUsers":false},{"departmentId":74,"departmentName":"相城区","haveUsers":false},{"departmentId":75,"departmentName":"崇川区","haveUsers":false},{"departmentId":76,"departmentName":"海门市","haveUsers":false},{"departmentId":77,"departmentName":"如东县","haveUsers":false},{"departmentId":78,"departmentName":"如皋市","haveUsers":false},{"departmentId":79,"departmentName":"清河区","haveUsers":false},{"departmentId":80,"departmentName":"金湖县","haveUsers":false},{"departmentId":81,"departmentName":"海州区","haveUsers":false},{"departmentId":82,"departmentName":"清浦区","haveUsers":false},{"departmentId":83,"departmentName":"赣榆县","haveUsers":false},{"departmentId":84,"departmentName":"灌南县","haveUsers":false},{"departmentId":85,"departmentName":"淮阴区","haveUsers":false},{"departmentId":86,"departmentName":"洪泽县","haveUsers":false},{"departmentId":87,"departmentName":"广陵区","haveUsers":false},{"departmentId":88,"departmentName":"盱眙县","haveUsers":false},{"departmentId":89,"departmentName":"京口区","haveUsers":false},{"departmentId":90,"departmentName":"亭湖区","haveUsers":false},{"departmentId":91,"departmentName":"盐都区","haveUsers":false},{"departmentId":92,"departmentName":"响水县","haveUsers":false},{"departmentId":93,"departmentName":"阜宁县","haveUsers":false},{"departmentId":94,"departmentName":"建湖县","haveUsers":false},{"departmentId":95,"departmentName":"东台市","haveUsers":false},{"departmentId":96,"departmentName":"大丰市","haveUsers":false},{"departmentId":97,"departmentName":"宝应县","haveUsers":false},{"departmentId":98,"departmentName":"江都市","haveUsers":false},{"departmentId":99,"departmentName":"海陵区","haveUsers":false},{"departmentId":100,"departmentName":"高港区","haveUsers":false},{"departmentId":101,"departmentName":"靖江市","haveUsers":false},{"departmentId":102,"departmentName":"泰兴市","haveUsers":false},{"departmentId":103,"departmentName":"宿城区","haveUsers":false},{"departmentId":104,"departmentName":"泗阳县","haveUsers":false},{"departmentId":105,"departmentName":"戚墅堰区","haveUsers":false},{"departmentId":106,"departmentName":"武进区","haveUsers":false},{"departmentId":107,"departmentName":"平江区","haveUsers":false},{"departmentId":108,"departmentName":"吴中区","haveUsers":false},{"departmentId":109,"departmentName":"海安县","haveUsers":false},{"departmentId":110,"departmentName":"常熟市","haveUsers":false},{"departmentId":111,"departmentName":"昆山市","haveUsers":false},{"departmentId":112,"departmentName":"吴江市","haveUsers":false},{"departmentId":113,"departmentName":"太仓市","haveUsers":false},{"departmentId":114,"departmentName":"秦淮区","haveUsers":false},{"departmentId":115,"departmentName":"通州市","haveUsers":false},{"departmentId":116,"departmentName":"连云区","haveUsers":false},{"departmentId":117,"departmentName":"新浦区","haveUsers":false},{"departmentId":118,"departmentName":"楚州区","haveUsers":false},{"departmentId":119,"departmentName":"建邺区","haveUsers":false},{"departmentId":120,"departmentName":"涟水县","haveUsers":false},{"departmentId":121,"departmentName":"东海县","haveUsers":false},{"departmentId":122,"departmentName":"灌云县","haveUsers":false},{"departmentId":123,"departmentName":"滨海县","haveUsers":false},{"departmentId":124,"departmentName":"射阳县","haveUsers":false},{"departmentId":125,"departmentName":"下关区","haveUsers":false},{"departmentId":126,"departmentName":"六合区","haveUsers":false},{"departmentId":127,"departmentName":"仪征市","haveUsers":false},{"departmentId":128,"departmentName":"高邮市","haveUsers":false},{"departmentId":129,"departmentName":"江宁区","haveUsers":false},{"departmentId":130,"departmentName":"天宁区","haveUsers":false},{"departmentId":131,"departmentName":"句容市","haveUsers":false},{"departmentId":132,"departmentName":"兴化市","haveUsers":false},{"departmentId":133,"departmentName":"泉山区","haveUsers":false}],"departmentId":1,"code":200}}
[2022-03-21 19:24:00,746][keyword_request.py 52][INFO]: resulr.data数据为:True
[2022-03-21 19:24:00,746][keyword_request.py 54][INFO]: 用户登录 ==>> 返回状态码为 >> 200
[2022-03-21 19:24:00,747][keyword_request.py 55][INFO]: json.get方法获取状态码200
[2022-03-21 19:24:00,747][test_login.py 34][INFO]: 状态码 ==>> 期望结果：200， 实际结果：【 200 】
[2022-03-21 19:24:00,747][test_login.py 38][INFO]: except_result数据为：sny
[2022-03-21 19:24:00,748][test_login.py 41][INFO]: *************** 用户登录-结束执行用例 ***************
[2022-03-21 19:24:00,756][test_screen.py 29][INFO]: *************** 获取小麦：温度，湿度，降水，太阳辐射数据-开始执行用例 ***************
[2022-03-21 19:24:00,757][yaml_util1.py 22][INFO]: 读到token ==>>  {'token': 'f39132abd15127149f7ef2e22cda02e5365389841d25a5aedeef81ca9acf840e3970a825da01f6c28144cf792b7647e0'}
[2022-03-21 19:24:00,757][yaml_util1.py 22][INFO]: 读到token ==>>  {'token': 'f39132abd15127149f7ef2e22cda02e5365389841d25a5aedeef81ca9acf840e3970a825da01f6c28144cf792b7647e0'}
[2022-03-21 19:24:00,757][all_requests.py 52][INFO]: 接口请求地址 ==>> https://zbapi.gagogroup.cn/api/zhibao/v1/disaster/areas/statistics
[2022-03-21 19:24:00,757][all_requests.py 53][INFO]: 接口请求方式 ==>> get
[2022-03-21 19:24:00,758][all_requests.py 55][INFO]: 接口请求头 ==>> null
[2022-03-21 19:24:00,758][all_requests.py 56][INFO]: 接口请求 params 参数 ==>> null
[2022-03-21 19:24:00,758][all_requests.py 57][INFO]: 接口请求体 data 参数 ==>> {
    "lat": "32.9661343135971",
    "lon": "119.463308431282",
    "disaster_type": "chimei",
    "feature": [
        "tave",
        "rh",
        "apcp",
        "ssrd"
    ]
}
[2022-03-21 19:24:00,758][all_requests.py 58][INFO]: 接口请求体 json 参数 ==>> null
[2022-03-21 19:24:00,758][all_requests.py 59][INFO]: 接口上传附件 files 参数 ==>> None
[2022-03-21 19:24:00,758][all_requests.py 60][INFO]: 接口 cookies 参数 ==>> null
[2022-03-21 19:24:00,929][keyword_request.py 50][INFO]: 请求返回信息 >>> {"data":{"apcp":{"≤50":757.4894613479651,"50~65":4954.830939259358,"65~80":3771.811076230657,"80~95":3622.621059534833,"＞95":2519.770509098235},"rh":{"≤62%":640.5489347417972,"62~64%":4182.788268663884,"64~66%":3221.851491423027,"66~68%":5900.850457383989,"＞68%":1680.4838932522605},"ssrd":{"≤630":1113.5971416482314,"630~645":2819.117949575027,"645~660":3405.0363829832977,"660~675":3664.0216479454,"＞675":4624.74992331684},"tave":{"≤16.5":520.6054485750198,"16.5~17":1509.8429047924603,"17~17.5":2800.3066315025308,"17.5~18":5435.4248630931825,"＞18":5360.34319750734},"code":200}}
[2022-03-21 19:24:00,929][keyword_request.py 52][INFO]: resulr.data数据为:True
[2022-03-21 19:24:00,929][keyword_request.py 54][INFO]: 获取小麦：温度，湿度，降水，太阳辐射数据 ==>> 返回状态码为 >> 200
[2022-03-21 19:24:00,929][keyword_request.py 55][INFO]: json.get方法获取状态码200
[2022-03-21 19:24:00,930][test_screen.py 31][INFO]: 状态码 ==>> 期望结果：200， 实际结果：【 200 】
[2022-03-21 19:24:00,930][test_screen.py 35][INFO]: except_result数据为：5360
[2022-03-21 19:24:00,930][test_screen.py 42][INFO]: *************** 获取小麦：温度，湿度，降水，太阳辐射数据-结束执行用例 ***************
[2022-03-21 19:24:00,939][test_screen.py 57][INFO]: *************** 获取水稻：温度，湿度，降水，太阳辐射数据-开始执行用例 ***************
[2022-03-21 19:24:00,940][yaml_util1.py 22][INFO]: 读到token ==>>  {'token': 'f39132abd15127149f7ef2e22cda02e5365389841d25a5aedeef81ca9acf840e3970a825da01f6c28144cf792b7647e0'}
[2022-03-21 19:24:00,941][yaml_util1.py 22][INFO]: 读到token ==>>  {'token': 'f39132abd15127149f7ef2e22cda02e5365389841d25a5aedeef81ca9acf840e3970a825da01f6c28144cf792b7647e0'}
[2022-03-21 19:24:00,941][all_requests.py 52][INFO]: 接口请求地址 ==>> https://zbapi.gagogroup.cn/api/zhibao/v1/disaster/areas/statistics
[2022-03-21 19:24:00,942][all_requests.py 53][INFO]: 接口请求方式 ==>> get
[2022-03-21 19:24:00,942][all_requests.py 55][INFO]: 接口请求头 ==>> null
[2022-03-21 19:24:00,942][all_requests.py 56][INFO]: 接口请求 params 参数 ==>> null
[2022-03-21 19:24:00,942][all_requests.py 57][INFO]: 接口请求体 data 参数 ==>> {
    "lat": "32.9661343135971",
    "lon": "119.463308431282",
    "disaster_type": "daowen",
    "feature": [
        "tave",
        "rh",
        "apcp",
        "ssrd"
    ]
}
[2022-03-21 19:24:00,942][all_requests.py 58][INFO]: 接口请求体 json 参数 ==>> null
[2022-03-21 19:24:00,942][all_requests.py 59][INFO]: 接口上传附件 files 参数 ==>> None
[2022-03-21 19:24:00,943][all_requests.py 60][INFO]: 接口 cookies 参数 ==>> null
[2022-03-21 19:24:01,109][keyword_request.py 50][INFO]: 请求返回信息 >>> {"data":{"apcp":{"≤120":183.88461997294002,"120~140":747.163070671778,"140~160":2941.218034510612,"160~180":6169.508106864578,"＞180":5584.74921345338},"rh":{"≤77%":0,"77~78%":3157.54357350274,"78~79%":3692.3161467567043,"79~80%":3062.1716223783847,"＞80%":5714.49170283337},"ssrd":{"≤700":4409.213315218555,"700~715":4454.524885593127,"715~730":4067.7716017028793,"730~745":1899.1871775984011,"＞745":795.8260653598189},"tave":{"≤24.5":2432.4016794139197,"24.5~25":3287.7064145231643,"25~25.5":2642.252165370867,"25.5~26":2394.9121609123317,"＞26":4869.250625252608},"code":200}}
[2022-03-21 19:24:01,109][keyword_request.py 52][INFO]: resulr.data数据为:True
[2022-03-21 19:24:01,110][keyword_request.py 54][INFO]: 获取水稻：温度，湿度，降水，太阳辐射数据 ==>> 返回状态码为 >> 200
[2022-03-21 19:24:01,110][keyword_request.py 55][INFO]: json.get方法获取状态码200
[2022-03-21 19:24:01,110][test_screen.py 59][INFO]: 状态码 ==>> 期望结果：200， 实际结果：【 200 】
[2022-03-21 19:24:01,110][test_screen.py 63][INFO]: except_result数据为：4869
[2022-03-21 19:24:01,110][test_screen.py 70][INFO]: *************** 获取水稻：温度，湿度，降水，太阳辐射数据-结束执行用例 ***************
[2022-03-21 19:24:01,120][test_recovery_plan.py 25][INFO]: *************** 获取小麦风险分布、指数-开始执行用例 ***************
[2022-03-21 19:24:01,121][yaml_util1.py 22][INFO]: 读到token ==>>  {'token': 'f39132abd15127149f7ef2e22cda02e5365389841d25a5aedeef81ca9acf840e3970a825da01f6c28144cf792b7647e0'}
[2022-03-21 19:24:01,123][yaml_util1.py 22][INFO]: 读到token ==>>  {'token': 'f39132abd15127149f7ef2e22cda02e5365389841d25a5aedeef81ca9acf840e3970a825da01f6c28144cf792b7647e0'}
[2022-03-21 19:24:01,123][all_requests.py 52][INFO]: 接口请求地址 ==>> https://zbapi.gagogroup.cn/api/zhibao/v1/disaster/history/risk_map/distributed
[2022-03-21 19:24:01,123][all_requests.py 53][INFO]: 接口请求方式 ==>> get
[2022-03-21 19:24:01,123][all_requests.py 55][INFO]: 接口请求头 ==>> null
[2022-03-21 19:24:01,124][all_requests.py 56][INFO]: 接口请求 params 参数 ==>> null
[2022-03-21 19:24:01,124][all_requests.py 57][INFO]: 接口请求体 data 参数 ==>> {
    "lat": "32.9661343135971",
    "lon": "119.463308431282",
    "crop_type": "wheat"
}
[2022-03-21 19:24:01,125][all_requests.py 58][INFO]: 接口请求体 json 参数 ==>> null
[2022-03-21 19:24:01,125][all_requests.py 59][INFO]: 接口上传附件 files 参数 ==>> None
[2022-03-21 19:24:01,125][all_requests.py 60][INFO]: 接口 cookies 参数 ==>> null
[2022-03-21 19:24:01,349][keyword_request.py 50][INFO]: 请求返回信息 >>> {"data":{"mean":1.29076,"levelOneArea":2138.39401188,"levelTwoArea":13163.5196601,"levelThreeArea":0,"levelFourArea":0,"levelFiveArea":0,"code":200}}
[2022-03-21 19:24:01,349][keyword_request.py 52][INFO]: resulr.data数据为:True
[2022-03-21 19:24:01,349][keyword_request.py 54][INFO]: 获取小麦风险分布、指数 ==>> 返回状态码为 >> 200
[2022-03-21 19:24:01,350][keyword_request.py 55][INFO]: json.get方法获取状态码200
[2022-03-21 19:24:01,350][test_recovery_plan.py 27][INFO]: 状态码 ==>> 期望结果：200， 实际结果：【 200 】
[2022-03-21 19:24:01,350][test_recovery_plan.py 31][INFO]: except_result数据为：2138
[2022-03-21 19:24:01,351][test_recovery_plan.py 36][INFO]: *************** 获取小麦风险分布、指数-结束执行用例 ***************
[2022-03-21 19:24:01,367][test_recovery_plan.py 50][INFO]: *************** 获取水稻风险分布，指数-开始执行用例 ***************
[2022-03-21 19:24:01,371][yaml_util1.py 22][INFO]: 读到token ==>>  {'token': 'f39132abd15127149f7ef2e22cda02e5365389841d25a5aedeef81ca9acf840e3970a825da01f6c28144cf792b7647e0'}
[2022-03-21 19:24:01,373][yaml_util1.py 22][INFO]: 读到token ==>>  {'token': 'f39132abd15127149f7ef2e22cda02e5365389841d25a5aedeef81ca9acf840e3970a825da01f6c28144cf792b7647e0'}
[2022-03-21 19:24:01,375][all_requests.py 52][INFO]: 接口请求地址 ==>> https://zbapi.gagogroup.cn/api/zhibao/v1/disaster/history/risk_map/distributed
[2022-03-21 19:24:01,376][all_requests.py 53][INFO]: 接口请求方式 ==>> get
[2022-03-21 19:24:01,376][all_requests.py 55][INFO]: 接口请求头 ==>> null
[2022-03-21 19:24:01,376][all_requests.py 56][INFO]: 接口请求 params 参数 ==>> null
[2022-03-21 19:24:01,376][all_requests.py 57][INFO]: 接口请求体 data 参数 ==>> {
    "lat": "32.9661343135971",
    "lon": "119.463308431282",
    "crop_type": "rice"
}
[2022-03-21 19:24:01,376][all_requests.py 58][INFO]: 接口请求体 json 参数 ==>> null
[2022-03-21 19:24:01,376][all_requests.py 59][INFO]: 接口上传附件 files 参数 ==>> None
[2022-03-21 19:24:01,376][all_requests.py 60][INFO]: 接口 cookies 参数 ==>> null
[2022-03-21 19:24:01,516][keyword_request.py 50][INFO]: 请求返回信息 >>> {"data":{"mean":2.0038,"levelOneArea":0,"levelTwoArea":7251.94490985,"levelThreeArea":8038.34705552,"levelFourArea":11.6217065863,"levelFiveArea":0,"code":200}}
[2022-03-21 19:24:01,516][keyword_request.py 52][INFO]: resulr.data数据为:True
[2022-03-21 19:24:01,516][keyword_request.py 54][INFO]: 获取水稻风险分布，指数 ==>> 返回状态码为 >> 200
[2022-03-21 19:24:01,516][keyword_request.py 55][INFO]: json.get方法获取状态码200
[2022-03-21 19:24:01,516][test_recovery_plan.py 53][INFO]: 状态码 ==>> 期望结果：200， 实际结果：【 200 】
[2022-03-21 19:24:01,516][test_recovery_plan.py 57][INFO]: except_result数据为：7251
[2022-03-21 19:24:01,517][test_recovery_plan.py 61][INFO]: *************** 获取水稻风险分布，指数-结束执行用例 ***************
[2022-03-21 19:24:01,525][test_recovery_plan.py 75][INFO]: *************** 小麦-病害风险最高前十-开始执行用例 ***************
[2022-03-21 19:24:01,526][yaml_util1.py 22][INFO]: 读到token ==>>  {'token': 'f39132abd15127149f7ef2e22cda02e5365389841d25a5aedeef81ca9acf840e3970a825da01f6c28144cf792b7647e0'}
[2022-03-21 19:24:01,526][yaml_util1.py 22][INFO]: 读到token ==>>  {'token': 'f39132abd15127149f7ef2e22cda02e5365389841d25a5aedeef81ca9acf840e3970a825da01f6c28144cf792b7647e0'}
[2022-03-21 19:24:01,527][all_requests.py 52][INFO]: 接口请求地址 ==>> https://zbapi.gagogroup.cn/api/zhibao/v1/disaster/history/risk_map/top_ten
[2022-03-21 19:24:01,527][all_requests.py 53][INFO]: 接口请求方式 ==>> get
[2022-03-21 19:24:01,527][all_requests.py 55][INFO]: 接口请求头 ==>> null
[2022-03-21 19:24:01,527][all_requests.py 56][INFO]: 接口请求 params 参数 ==>> null
[2022-03-21 19:24:01,527][all_requests.py 57][INFO]: 接口请求体 data 参数 ==>> {
    "crop_type": "wheat"
}
[2022-03-21 19:24:01,527][all_requests.py 58][INFO]: 接口请求体 json 参数 ==>> null
[2022-03-21 19:24:01,527][all_requests.py 59][INFO]: 接口上传附件 files 参数 ==>> None
[2022-03-21 19:24:01,527][all_requests.py 60][INFO]: 接口 cookies 参数 ==>> null
[2022-03-21 19:24:01,680][keyword_request.py 50][INFO]: 请求返回信息 >>> {"data":{"list":[{"cityName":"南京市","mean":1.6792,"countyName":"六合区"},{"cityName":"扬州市","mean":1.66938,"countyName":"仪征市"},{"cityName":"淮安市","mean":1.63997,"countyName":"盱眙县"},{"cityName":"宿迁市","mean":1.58083,"countyName":"泗洪县"},{"cityName":"南通市","mean":1.53429,"countyName":"如皋市"},{"cityName":"南通市","mean":1.52533,"countyName":"海安县"},{"cityName":"镇江市","mean":1.52349,"countyName":"丹徒区"},{"cityName":"扬州市","mean":1.51803,"countyName":"江都区"},{"cityName":"扬州市","mean":1.48142,"countyName":"高邮市"},{"cityName":"泰州市","mean":1.47393,"countyName":"泰兴市"}],"code":200}}
[2022-03-21 19:24:01,681][keyword_request.py 52][INFO]: resulr.data数据为:True
[2022-03-21 19:24:01,681][keyword_request.py 54][INFO]: 小麦-病害风险最高前十 ==>> 返回状态码为 >> 200
[2022-03-21 19:24:01,681][keyword_request.py 55][INFO]: json.get方法获取状态码200
[2022-03-21 19:24:01,681][test_recovery_plan.py 78][INFO]: 状态码 ==>> 期望结果：200， 实际结果：【 200 】
[2022-03-21 19:24:01,681][test_recovery_plan.py 82][INFO]: except_result数据为：南京市
[2022-03-21 19:24:01,681][test_recovery_plan.py 86][INFO]: *************** 小麦-病害风险最高前十-结束执行用例 ***************
[2022-03-21 19:24:01,689][test_recovery_plan.py 100][INFO]: *************** 水稻=病害风险最高前十-开始执行用例 ***************
[2022-03-21 19:24:01,690][yaml_util1.py 22][INFO]: 读到token ==>>  {'token': 'f39132abd15127149f7ef2e22cda02e5365389841d25a5aedeef81ca9acf840e3970a825da01f6c28144cf792b7647e0'}
[2022-03-21 19:24:01,691][yaml_util1.py 22][INFO]: 读到token ==>>  {'token': 'f39132abd15127149f7ef2e22cda02e5365389841d25a5aedeef81ca9acf840e3970a825da01f6c28144cf792b7647e0'}
[2022-03-21 19:24:01,691][all_requests.py 52][INFO]: 接口请求地址 ==>> https://zbapi.gagogroup.cn/api/zhibao/v1/disaster/history/risk_map/top_ten
[2022-03-21 19:24:01,691][all_requests.py 53][INFO]: 接口请求方式 ==>> get
[2022-03-21 19:24:01,691][all_requests.py 55][INFO]: 接口请求头 ==>> null
[2022-03-21 19:24:01,692][all_requests.py 56][INFO]: 接口请求 params 参数 ==>> null
[2022-03-21 19:24:01,692][all_requests.py 57][INFO]: 接口请求体 data 参数 ==>> {
    "crop_type": "rice"
}
[2022-03-21 19:24:01,692][all_requests.py 58][INFO]: 接口请求体 json 参数 ==>> null
[2022-03-21 19:24:01,692][all_requests.py 59][INFO]: 接口上传附件 files 参数 ==>> None
[2022-03-21 19:24:01,692][all_requests.py 60][INFO]: 接口 cookies 参数 ==>> null
[2022-03-21 19:24:01,794][keyword_request.py 50][INFO]: 请求返回信息 >>> {"data":{"list":[{"cityName":"盐城市","mean":2.57974,"countyName":"射阳县"},{"cityName":"盐城市","mean":2.51941,"countyName":"大丰市"},{"cityName":"盐城市","mean":2.50337,"countyName":"滨海县"},{"cityName":"盐城市","mean":2.42456,"countyName":"亭湖区"},{"cityName":"盐城市","mean":2.39769,"countyName":"盐都区"},{"cityName":"盐城市","mean":2.38846,"countyName":"建湖县"},{"cityName":"泰州市","mean":2.32125,"countyName":"兴化市"},{"cityName":"盐城市","mean":2.31968,"countyName":"阜宁县"},{"cityName":"盐城市","mean":2.30921,"countyName":"响水县"},{"cityName":"扬州市","mean":2.2979,"countyName":"宝应县"}],"code":200}}
[2022-03-21 19:24:01,794][keyword_request.py 52][INFO]: resulr.data数据为:True
[2022-03-21 19:24:01,794][keyword_request.py 54][INFO]: 水稻=病害风险最高前十 ==>> 返回状态码为 >> 200
[2022-03-21 19:24:01,794][keyword_request.py 55][INFO]: json.get方法获取状态码200
[2022-03-21 19:24:01,794][test_recovery_plan.py 103][INFO]: 状态码 ==>> 期望结果：200， 实际结果：【 200 】
[2022-03-21 19:24:01,794][test_recovery_plan.py 107][INFO]: except_result数据为：盐城市
[2022-03-21 19:24:01,795][test_recovery_plan.py 111][INFO]: *************** 水稻=病害风险最高前十-结束执行用例 ***************
[2022-03-21 19:24:01,799][conftest.py 28][INFO]: ~~~~~~~~~~在所有请求之后执行一次~~~~~~~~~~~
[2022-03-21 19:24:45,144][yaml_util1.py 49][INFO]: 加载 /Users/chenjiawei/Desktop/automation/github_project/jiangsuzhibao/config/setting.ini 文件......
[2022-03-21 19:24:45,145][yaml_util1.py 26][INFO]: 加载 ==>> /Users/chenjiawei/Desktop/automation/github_project/jiangsuzhibao/data_file/test_case.yaml文件.....
[2022-03-21 19:24:45,155][yaml_util1.py 29][INFO]: 读到数据 ==>>  {'test_01': [['登录', '用户登录', 'post', '/api/author/login', {'username': 'sny', 'password': 'sny123'}, True, 200, 'sny']], 'test_02': [['侵染气象分区', '获取小麦：温度，湿度，降水，太阳辐射数据', 'get', '/api/zhibao/v1/disaster/areas/statistics', {'lat': '32.9661343135971', 'lon': '119.463308431282', 'disaster_type': 'chimei', 'feature': ['tave', 'rh', 'apcp', 'ssrd']}, True, 200, '5360']], 'test_03': [['侵染气象分区', '获取水稻：温度，湿度，降水，太阳辐射数据', 'get', '/api/zhibao/v1/disaster/areas/statistics', {'lat': '32.9661343135971', 'lon': '119.463308431282', 'disaster_type': 'daowen', 'feature': ['tave', 'rh', 'apcp', 'ssrd']}, True, 200, 4869]], 'test_04': [['病害风险地图', '获取小麦风险分布、指数', 'get', '/api/zhibao/v1/disaster/history/risk_map/distributed', {'lat': '32.9661343135971', 'lon': '119.463308431282', 'crop_type': 'wheat'}, True, 200, 2138]], 'test_05': [['病害风险地图', '获取水稻风险分布，指数', 'get', '/api/zhibao/v1/disaster/history/risk_map/distributed', {'lat': '32.9661343135971', 'lon': '119.463308431282', 'crop_type': 'rice'}, True, 200, 7251]], 'test_06': [['病害风险地图', '小麦-病害风险最高前十', 'get', '/api/zhibao/v1/disaster/history/risk_map/top_ten', {'crop_type': 'wheat'}, True, 200, '南京市']], 'test_07': [['病害风险地图', '水稻=病害风险最高前十', 'get', '/api/zhibao/v1/disaster/history/risk_map/top_ten', {'crop_type': 'rice'}, True, 200, '盐城市']], 'test_08': [['病害风险地图', '水稻=病害风险最高前十', 'get', '/api/zhibao/v1/disaster/history/risk_map/top_ten', {'crop_type': 'rice'}, True, 200, '盐城市']]}
[2022-03-21 19:24:45,205][yaml_util1.py 49][INFO]: 加载 /Users/chenjiawei/Desktop/automation/github_project/jiangsuzhibao/config/setting.ini 文件......
[2022-03-21 19:24:45,220][conftest.py 25][INFO]: ~~~~~~~~~~在所有请求之前执行一次~~~~~~~~~~~
[2022-03-21 19:24:45,223][yaml_util1.py 46][INFO]: 重置 /extract_token.yaml文件.......
[2022-03-21 19:24:45,225][test_login.py 32][INFO]: *************** 用户登录-开始执行用例 ***************
[2022-03-21 19:24:45,225][yaml_util1.py 22][INFO]: 读到token ==>>  None
[2022-03-21 19:24:45,225][all_requests.py 52][INFO]: 接口请求地址 ==>> https://zbapi.gagogroup.cn/api/author/login
[2022-03-21 19:24:45,226][all_requests.py 53][INFO]: 接口请求方式 ==>> post
[2022-03-21 19:24:45,226][all_requests.py 55][INFO]: 接口请求头 ==>> null
[2022-03-21 19:24:45,226][all_requests.py 56][INFO]: 接口请求 params 参数 ==>> null
[2022-03-21 19:24:45,226][all_requests.py 57][INFO]: 接口请求体 data 参数 ==>> {
    "username": "sny",
    "password": "sny123"
}
[2022-03-21 19:24:45,226][all_requests.py 58][INFO]: 接口请求体 json 参数 ==>> null
[2022-03-21 19:24:45,226][all_requests.py 59][INFO]: 接口上传附件 files 参数 ==>> None
[2022-03-21 19:24:45,226][all_requests.py 60][INFO]: 接口 cookies 参数 ==>> null
[2022-03-21 19:24:45,690][yaml_util1.py 37][INFO]: 获取token：{'token': 'c0f2a1b2439b5b630c832f789374777831ab4582e09c708eff5aa7039966da6a357a36ee472f6ca109254ffad1af72f8'}......
[2022-03-21 19:24:45,691][yaml_util1.py 40][INFO]: 已将{'token': 'c0f2a1b2439b5b630c832f789374777831ab4582e09c708eff5aa7039966da6a357a36ee472f6ca109254ffad1af72f8'}写入/extract_token.yaml文件......
[2022-03-21 19:24:45,697][keyword_request.py 50][INFO]: 请求返回信息 >>> {"data":{"token":"c0f2a1b2439b5b630c832f789374777831ab4582e09c708eff5aa7039966da6a357a36ee472f6ca109254ffad1af72f8","userId":21,"username":"sny","displayName":"苏农云","role":"admin","enterpriseId":1,"dataAuthorityId":3,"departments":[{"departmentId":1,"departmentName":"江苏省","haveUsers":true},{"departmentId":2,"departmentName":"南京市","haveUsers":false},{"departmentId":3,"departmentName":"市辖区","haveUsers":false},{"departmentId":4,"departmentName":"无锡市","haveUsers":false},{"departmentId":5,"departmentName":"市辖区","haveUsers":false},{"departmentId":6,"departmentName":"徐州市","haveUsers":false},{"departmentId":7,"departmentName":"市辖区","haveUsers":false},{"departmentId":8,"departmentName":"常州市","haveUsers":false},{"departmentId":9,"departmentName":"市辖区","haveUsers":false},{"departmentId":10,"departmentName":"苏州市","haveUsers":false},{"departmentId":11,"departmentName":"市辖区","haveUsers":false},{"departmentId":12,"departmentName":"南通市","haveUsers":false},{"departmentId":13,"departmentName":"市辖区","haveUsers":false},{"departmentId":14,"departmentName":"淮安市","haveUsers":false},{"departmentId":15,"departmentName":"市辖区","haveUsers":false},{"departmentId":16,"departmentName":"扬州市","haveUsers":false},{"departmentId":17,"departmentName":"市辖区","haveUsers":false},{"departmentId":18,"departmentName":"镇江市","haveUsers":false},{"departmentId":19,"departmentName":"市辖区","haveUsers":false},{"departmentId":20,"departmentName":"泰州市","haveUsers":false},{"departmentId":21,"departmentName":"市辖区","haveUsers":false},{"departmentId":22,"departmentName":"宿迁市","haveUsers":false},{"departmentId":23,"departmentName":"市辖区","haveUsers":false},{"departmentId":24,"departmentName":"连云港市","haveUsers":false},{"departmentId":25,"departmentName":"市辖区","haveUsers":false},{"departmentId":26,"departmentName":"盐城市","haveUsers":false},{"departmentId":27,"departmentName":"市辖区","haveUsers":false},{"departmentId":28,"departmentName":"锡山区","haveUsers":false},{"departmentId":29,"departmentName":"贾汪区","haveUsers":false},{"departmentId":30,"departmentName":"铜山县","haveUsers":false},{"departmentId":31,"departmentName":"睢宁县","haveUsers":false},{"departmentId":32,"departmentName":"邳州市","haveUsers":false},{"departmentId":33,"departmentName":"鼓楼区","haveUsers":false},{"departmentId":34,"departmentName":"邗江区","haveUsers":false},{"departmentId":35,"departmentName":"维扬区","haveUsers":false},{"departmentId":36,"departmentName":"润州区","haveUsers":false},{"departmentId":37,"departmentName":"九里区","haveUsers":false},{"departmentId":38,"departmentName":"姜堰市","haveUsers":false},{"departmentId":39,"departmentName":"宿豫区","haveUsers":false},{"departmentId":40,"departmentName":"沭阳县","haveUsers":false},{"departmentId":41,"departmentName":"玄武区","haveUsers":false},{"departmentId":42,"departmentName":"白下区","haveUsers":false},{"departmentId":43,"departmentName":"浦口区","haveUsers":false},{"departmentId":44,"departmentName":"溧水县","haveUsers":false},{"departmentId":45,"departmentName":"栖霞区","haveUsers":false},{"departmentId":46,"departmentName":"雨花台区","haveUsers":false},{"departmentId":47,"departmentName":"北塘区","haveUsers":false},{"departmentId":48,"departmentName":"高淳县","haveUsers":false},{"departmentId":49,"departmentName":"崇安区","haveUsers":false},{"departmentId":50,"departmentName":"南长区","haveUsers":false},{"departmentId":51,"departmentName":"惠山区","haveUsers":false},{"departmentId":52,"departmentName":"滨湖区","haveUsers":false},{"departmentId":53,"departmentName":"江阴市","haveUsers":false},{"departmentId":54,"departmentName":"云龙区","haveUsers":false},{"departmentId":55,"departmentName":"宜兴市","haveUsers":false},{"departmentId":56,"departmentName":"启东市","haveUsers":false},{"departmentId":57,"departmentName":"鼓楼区","haveUsers":false},{"departmentId":58,"departmentName":"丰县","haveUsers":false},{"departmentId":59,"departmentName":"丹徒区","haveUsers":false},{"departmentId":60,"departmentName":"扬中市","haveUsers":false},{"departmentId":61,"departmentName":"泗洪县","haveUsers":false},{"departmentId":62,"departmentName":"沛县","haveUsers":false},{"departmentId":63,"departmentName":"新沂市","haveUsers":false},{"departmentId":64,"departmentName":"钟楼区","haveUsers":false},{"departmentId":65,"departmentName":"金阊区","haveUsers":false},{"departmentId":66,"departmentName":"张家港市","haveUsers":false},{"departmentId":67,"departmentName":"新北区","haveUsers":false},{"departmentId":68,"departmentName":"丹阳市","haveUsers":false},{"departmentId":69,"departmentName":"溧阳市","haveUsers":false},{"departmentId":70,"departmentName":"金坛市","haveUsers":false},{"departmentId":71,"departmentName":"沧浪区","haveUsers":false},{"departmentId":72,"departmentName":"虎丘区","haveUsers":false},{"departmentId":73,"departmentName":"港闸区","haveUsers":false},{"departmentId":74,"departmentName":"相城区","haveUsers":false},{"departmentId":75,"departmentName":"崇川区","haveUsers":false},{"departmentId":76,"departmentName":"海门市","haveUsers":false},{"departmentId":77,"departmentName":"如东县","haveUsers":false},{"departmentId":78,"departmentName":"如皋市","haveUsers":false},{"departmentId":79,"departmentName":"清河区","haveUsers":false},{"departmentId":80,"departmentName":"金湖县","haveUsers":false},{"departmentId":81,"departmentName":"海州区","haveUsers":false},{"departmentId":82,"departmentName":"清浦区","haveUsers":false},{"departmentId":83,"departmentName":"赣榆县","haveUsers":false},{"departmentId":84,"departmentName":"灌南县","haveUsers":false},{"departmentId":85,"departmentName":"淮阴区","haveUsers":false},{"departmentId":86,"departmentName":"洪泽县","haveUsers":false},{"departmentId":87,"departmentName":"广陵区","haveUsers":false},{"departmentId":88,"departmentName":"盱眙县","haveUsers":false},{"departmentId":89,"departmentName":"京口区","haveUsers":false},{"departmentId":90,"departmentName":"亭湖区","haveUsers":false},{"departmentId":91,"departmentName":"盐都区","haveUsers":false},{"departmentId":92,"departmentName":"响水县","haveUsers":false},{"departmentId":93,"departmentName":"阜宁县","haveUsers":false},{"departmentId":94,"departmentName":"建湖县","haveUsers":false},{"departmentId":95,"departmentName":"东台市","haveUsers":false},{"departmentId":96,"departmentName":"大丰市","haveUsers":false},{"departmentId":97,"departmentName":"宝应县","haveUsers":false},{"departmentId":98,"departmentName":"江都市","haveUsers":false},{"departmentId":99,"departmentName":"海陵区","haveUsers":false},{"departmentId":100,"departmentName":"高港区","haveUsers":false},{"departmentId":101,"departmentName":"靖江市","haveUsers":false},{"departmentId":102,"departmentName":"泰兴市","haveUsers":false},{"departmentId":103,"departmentName":"宿城区","haveUsers":false},{"departmentId":104,"departmentName":"泗阳县","haveUsers":false},{"departmentId":105,"departmentName":"戚墅堰区","haveUsers":false},{"departmentId":106,"departmentName":"武进区","haveUsers":false},{"departmentId":107,"departmentName":"平江区","haveUsers":false},{"departmentId":108,"departmentName":"吴中区","haveUsers":false},{"departmentId":109,"departmentName":"海安县","haveUsers":false},{"departmentId":110,"departmentName":"常熟市","haveUsers":false},{"departmentId":111,"departmentName":"昆山市","haveUsers":false},{"departmentId":112,"departmentName":"吴江市","haveUsers":false},{"departmentId":113,"departmentName":"太仓市","haveUsers":false},{"departmentId":114,"departmentName":"秦淮区","haveUsers":false},{"departmentId":115,"departmentName":"通州市","haveUsers":false},{"departmentId":116,"departmentName":"连云区","haveUsers":false},{"departmentId":117,"departmentName":"新浦区","haveUsers":false},{"departmentId":118,"departmentName":"楚州区","haveUsers":false},{"departmentId":119,"departmentName":"建邺区","haveUsers":false},{"departmentId":120,"departmentName":"涟水县","haveUsers":false},{"departmentId":121,"departmentName":"东海县","haveUsers":false},{"departmentId":122,"departmentName":"灌云县","haveUsers":false},{"departmentId":123,"departmentName":"滨海县","haveUsers":false},{"departmentId":124,"departmentName":"射阳县","haveUsers":false},{"departmentId":125,"departmentName":"下关区","haveUsers":false},{"departmentId":126,"departmentName":"六合区","haveUsers":false},{"departmentId":127,"departmentName":"仪征市","haveUsers":false},{"departmentId":128,"departmentName":"高邮市","haveUsers":false},{"departmentId":129,"departmentName":"江宁区","haveUsers":false},{"departmentId":130,"departmentName":"天宁区","haveUsers":false},{"departmentId":131,"departmentName":"句容市","haveUsers":false},{"departmentId":132,"departmentName":"兴化市","haveUsers":false},{"departmentId":133,"departmentName":"泉山区","haveUsers":false}],"departmentId":1,"code":200}}
[2022-03-21 19:24:45,698][keyword_request.py 52][INFO]: resulr.data数据为:True
[2022-03-21 19:24:45,698][keyword_request.py 54][INFO]: 用户登录 ==>> 返回状态码为 >> 200
[2022-03-21 19:24:45,698][keyword_request.py 55][INFO]: json.get方法获取状态码200
[2022-03-21 19:24:45,699][test_login.py 34][INFO]: 状态码 ==>> 期望结果：200， 实际结果：【 200 】
[2022-03-21 19:24:45,699][test_login.py 38][INFO]: except_result数据为：sny
[2022-03-21 19:24:45,699][test_login.py 41][INFO]: *************** 用户登录-结束执行用例 ***************
[2022-03-21 19:24:45,707][test_screen.py 29][INFO]: *************** 获取小麦：温度，湿度，降水，太阳辐射数据-开始执行用例 ***************
[2022-03-21 19:24:45,708][yaml_util1.py 22][INFO]: 读到token ==>>  {'token': 'c0f2a1b2439b5b630c832f789374777831ab4582e09c708eff5aa7039966da6a357a36ee472f6ca109254ffad1af72f8'}
[2022-03-21 19:24:45,709][yaml_util1.py 22][INFO]: 读到token ==>>  {'token': 'c0f2a1b2439b5b630c832f789374777831ab4582e09c708eff5aa7039966da6a357a36ee472f6ca109254ffad1af72f8'}
[2022-03-21 19:24:45,709][all_requests.py 52][INFO]: 接口请求地址 ==>> https://zbapi.gagogroup.cn/api/zhibao/v1/disaster/areas/statistics
[2022-03-21 19:24:45,709][all_requests.py 53][INFO]: 接口请求方式 ==>> get
[2022-03-21 19:24:45,709][all_requests.py 55][INFO]: 接口请求头 ==>> null
[2022-03-21 19:24:45,709][all_requests.py 56][INFO]: 接口请求 params 参数 ==>> null
[2022-03-21 19:24:45,709][all_requests.py 57][INFO]: 接口请求体 data 参数 ==>> {
    "lat": "32.9661343135971",
    "lon": "119.463308431282",
    "disaster_type": "chimei",
    "feature": [
        "tave",
        "rh",
        "apcp",
        "ssrd"
    ]
}
[2022-03-21 19:24:45,709][all_requests.py 58][INFO]: 接口请求体 json 参数 ==>> null
[2022-03-21 19:24:45,710][all_requests.py 59][INFO]: 接口上传附件 files 参数 ==>> None
[2022-03-21 19:24:45,710][all_requests.py 60][INFO]: 接口 cookies 参数 ==>> null
[2022-03-21 19:24:45,874][keyword_request.py 50][INFO]: 请求返回信息 >>> {"data":{"apcp":{"≤50":757.4894613479651,"50~65":4954.830939259358,"65~80":3771.811076230657,"80~95":3622.621059534833,"＞95":2519.770509098235},"rh":{"≤62%":640.5489347417972,"62~64%":4182.788268663884,"64~66%":3221.851491423027,"66~68%":5900.850457383989,"＞68%":1680.4838932522605},"ssrd":{"≤630":1113.5971416482314,"630~645":2819.117949575027,"645~660":3405.0363829832977,"660~675":3664.0216479454,"＞675":4624.74992331684},"tave":{"≤16.5":520.6054485750198,"16.5~17":1509.8429047924603,"17~17.5":2800.3066315025308,"17.5~18":5435.4248630931825,"＞18":5360.34319750734},"code":200}}
[2022-03-21 19:24:45,874][keyword_request.py 52][INFO]: resulr.data数据为:True
[2022-03-21 19:24:45,874][keyword_request.py 54][INFO]: 获取小麦：温度，湿度，降水，太阳辐射数据 ==>> 返回状态码为 >> 200
[2022-03-21 19:24:45,874][keyword_request.py 55][INFO]: json.get方法获取状态码200
[2022-03-21 19:24:45,875][test_screen.py 31][INFO]: 状态码 ==>> 期望结果：200， 实际结果：【 200 】
[2022-03-21 19:24:45,875][test_screen.py 35][INFO]: except_result数据为：5360
[2022-03-21 19:24:45,875][test_screen.py 42][INFO]: *************** 获取小麦：温度，湿度，降水，太阳辐射数据-结束执行用例 ***************
[2022-03-21 19:24:45,884][test_screen.py 57][INFO]: *************** 获取水稻：温度，湿度，降水，太阳辐射数据-开始执行用例 ***************
[2022-03-21 19:24:45,885][yaml_util1.py 22][INFO]: 读到token ==>>  {'token': 'c0f2a1b2439b5b630c832f789374777831ab4582e09c708eff5aa7039966da6a357a36ee472f6ca109254ffad1af72f8'}
[2022-03-21 19:24:45,886][yaml_util1.py 22][INFO]: 读到token ==>>  {'token': 'c0f2a1b2439b5b630c832f789374777831ab4582e09c708eff5aa7039966da6a357a36ee472f6ca109254ffad1af72f8'}
[2022-03-21 19:24:45,886][all_requests.py 52][INFO]: 接口请求地址 ==>> https://zbapi.gagogroup.cn/api/zhibao/v1/disaster/areas/statistics
[2022-03-21 19:24:45,887][all_requests.py 53][INFO]: 接口请求方式 ==>> get
[2022-03-21 19:24:45,887][all_requests.py 55][INFO]: 接口请求头 ==>> null
[2022-03-21 19:24:45,887][all_requests.py 56][INFO]: 接口请求 params 参数 ==>> null
[2022-03-21 19:24:45,887][all_requests.py 57][INFO]: 接口请求体 data 参数 ==>> {
    "lat": "32.9661343135971",
    "lon": "119.463308431282",
    "disaster_type": "daowen",
    "feature": [
        "tave",
        "rh",
        "apcp",
        "ssrd"
    ]
}
[2022-03-21 19:24:45,887][all_requests.py 58][INFO]: 接口请求体 json 参数 ==>> null
[2022-03-21 19:24:45,888][all_requests.py 59][INFO]: 接口上传附件 files 参数 ==>> None
[2022-03-21 19:24:45,888][all_requests.py 60][INFO]: 接口 cookies 参数 ==>> null
[2022-03-21 19:24:46,030][keyword_request.py 50][INFO]: 请求返回信息 >>> {"data":{"apcp":{"≤120":183.88461997294002,"120~140":747.163070671778,"140~160":2941.218034510612,"160~180":6169.508106864578,"＞180":5584.74921345338},"rh":{"≤77%":0,"77~78%":3157.54357350274,"78~79%":3692.3161467567043,"79~80%":3062.1716223783847,"＞80%":5714.49170283337},"ssrd":{"≤700":4409.213315218555,"700~715":4454.524885593127,"715~730":4067.7716017028793,"730~745":1899.1871775984011,"＞745":795.8260653598189},"tave":{"≤24.5":2432.4016794139197,"24.5~25":3287.7064145231643,"25~25.5":2642.252165370867,"25.5~26":2394.9121609123317,"＞26":4869.250625252608},"code":200}}
[2022-03-21 19:24:46,030][keyword_request.py 52][INFO]: resulr.data数据为:True
[2022-03-21 19:24:46,030][keyword_request.py 54][INFO]: 获取水稻：温度，湿度，降水，太阳辐射数据 ==>> 返回状态码为 >> 200
[2022-03-21 19:24:46,030][keyword_request.py 55][INFO]: json.get方法获取状态码200
[2022-03-21 19:24:46,030][test_screen.py 59][INFO]: 状态码 ==>> 期望结果：200， 实际结果：【 200 】
[2022-03-21 19:24:46,031][test_screen.py 63][INFO]: except_result数据为：4869
[2022-03-21 19:24:46,031][test_screen.py 70][INFO]: *************** 获取水稻：温度，湿度，降水，太阳辐射数据-结束执行用例 ***************
[2022-03-21 19:24:46,040][test_recovery_plan.py 25][INFO]: *************** 获取小麦风险分布、指数-开始执行用例 ***************
[2022-03-21 19:24:46,041][yaml_util1.py 22][INFO]: 读到token ==>>  {'token': 'c0f2a1b2439b5b630c832f789374777831ab4582e09c708eff5aa7039966da6a357a36ee472f6ca109254ffad1af72f8'}
[2022-03-21 19:24:46,042][yaml_util1.py 22][INFO]: 读到token ==>>  {'token': 'c0f2a1b2439b5b630c832f789374777831ab4582e09c708eff5aa7039966da6a357a36ee472f6ca109254ffad1af72f8'}
[2022-03-21 19:24:46,042][all_requests.py 52][INFO]: 接口请求地址 ==>> https://zbapi.gagogroup.cn/api/zhibao/v1/disaster/history/risk_map/distributed
[2022-03-21 19:24:46,042][all_requests.py 53][INFO]: 接口请求方式 ==>> get
[2022-03-21 19:24:46,042][all_requests.py 55][INFO]: 接口请求头 ==>> null
[2022-03-21 19:24:46,043][all_requests.py 56][INFO]: 接口请求 params 参数 ==>> null
[2022-03-21 19:24:46,043][all_requests.py 57][INFO]: 接口请求体 data 参数 ==>> {
    "lat": "32.9661343135971",
    "lon": "119.463308431282",
    "crop_type": "wheat"
}
[2022-03-21 19:24:46,043][all_requests.py 58][INFO]: 接口请求体 json 参数 ==>> null
[2022-03-21 19:24:46,043][all_requests.py 59][INFO]: 接口上传附件 files 参数 ==>> None
[2022-03-21 19:24:46,043][all_requests.py 60][INFO]: 接口 cookies 参数 ==>> null
[2022-03-21 19:24:46,232][keyword_request.py 50][INFO]: 请求返回信息 >>> {"data":{"mean":1.29076,"levelOneArea":2138.39401188,"levelTwoArea":13163.5196601,"levelThreeArea":0,"levelFourArea":0,"levelFiveArea":0,"code":200}}
[2022-03-21 19:24:46,232][keyword_request.py 52][INFO]: resulr.data数据为:True
[2022-03-21 19:24:46,232][keyword_request.py 54][INFO]: 获取小麦风险分布、指数 ==>> 返回状态码为 >> 200
[2022-03-21 19:24:46,233][keyword_request.py 55][INFO]: json.get方法获取状态码200
[2022-03-21 19:24:46,233][test_recovery_plan.py 27][INFO]: 状态码 ==>> 期望结果：200， 实际结果：【 200 】
[2022-03-21 19:24:46,233][test_recovery_plan.py 31][INFO]: except_result数据为：2138
[2022-03-21 19:24:46,233][test_recovery_plan.py 36][INFO]: *************** 获取小麦风险分布、指数-结束执行用例 ***************
[2022-03-21 19:24:46,243][test_recovery_plan.py 50][INFO]: *************** 获取水稻风险分布，指数-开始执行用例 ***************
[2022-03-21 19:24:46,244][yaml_util1.py 22][INFO]: 读到token ==>>  {'token': 'c0f2a1b2439b5b630c832f789374777831ab4582e09c708eff5aa7039966da6a357a36ee472f6ca109254ffad1af72f8'}
[2022-03-21 19:24:46,245][yaml_util1.py 22][INFO]: 读到token ==>>  {'token': 'c0f2a1b2439b5b630c832f789374777831ab4582e09c708eff5aa7039966da6a357a36ee472f6ca109254ffad1af72f8'}
[2022-03-21 19:24:46,245][all_requests.py 52][INFO]: 接口请求地址 ==>> https://zbapi.gagogroup.cn/api/zhibao/v1/disaster/history/risk_map/distributed
[2022-03-21 19:24:46,245][all_requests.py 53][INFO]: 接口请求方式 ==>> get
[2022-03-21 19:24:46,245][all_requests.py 55][INFO]: 接口请求头 ==>> null
[2022-03-21 19:24:46,246][all_requests.py 56][INFO]: 接口请求 params 参数 ==>> null
[2022-03-21 19:24:46,246][all_requests.py 57][INFO]: 接口请求体 data 参数 ==>> {
    "lat": "32.9661343135971",
    "lon": "119.463308431282",
    "crop_type": "rice"
}
[2022-03-21 19:24:46,247][all_requests.py 58][INFO]: 接口请求体 json 参数 ==>> null
[2022-03-21 19:24:46,248][all_requests.py 59][INFO]: 接口上传附件 files 参数 ==>> None
[2022-03-21 19:24:46,249][all_requests.py 60][INFO]: 接口 cookies 参数 ==>> null
[2022-03-21 19:24:46,377][keyword_request.py 50][INFO]: 请求返回信息 >>> {"data":{"mean":2.0038,"levelOneArea":0,"levelTwoArea":7251.94490985,"levelThreeArea":8038.34705552,"levelFourArea":11.6217065863,"levelFiveArea":0,"code":200}}
[2022-03-21 19:24:46,377][keyword_request.py 52][INFO]: resulr.data数据为:True
[2022-03-21 19:24:46,378][keyword_request.py 54][INFO]: 获取水稻风险分布，指数 ==>> 返回状态码为 >> 200
[2022-03-21 19:24:46,378][keyword_request.py 55][INFO]: json.get方法获取状态码200
[2022-03-21 19:24:46,378][test_recovery_plan.py 53][INFO]: 状态码 ==>> 期望结果：200， 实际结果：【 200 】
[2022-03-21 19:24:46,378][test_recovery_plan.py 57][INFO]: except_result数据为：7251
[2022-03-21 19:24:46,378][test_recovery_plan.py 61][INFO]: *************** 获取水稻风险分布，指数-结束执行用例 ***************
[2022-03-21 19:24:46,387][test_recovery_plan.py 75][INFO]: *************** 小麦-病害风险最高前十-开始执行用例 ***************
[2022-03-21 19:24:46,388][yaml_util1.py 22][INFO]: 读到token ==>>  {'token': 'c0f2a1b2439b5b630c832f789374777831ab4582e09c708eff5aa7039966da6a357a36ee472f6ca109254ffad1af72f8'}
[2022-03-21 19:24:46,389][yaml_util1.py 22][INFO]: 读到token ==>>  {'token': 'c0f2a1b2439b5b630c832f789374777831ab4582e09c708eff5aa7039966da6a357a36ee472f6ca109254ffad1af72f8'}
[2022-03-21 19:24:46,389][all_requests.py 52][INFO]: 接口请求地址 ==>> https://zbapi.gagogroup.cn/api/zhibao/v1/disaster/history/risk_map/top_ten
[2022-03-21 19:24:46,389][all_requests.py 53][INFO]: 接口请求方式 ==>> get
[2022-03-21 19:24:46,389][all_requests.py 55][INFO]: 接口请求头 ==>> null
[2022-03-21 19:24:46,389][all_requests.py 56][INFO]: 接口请求 params 参数 ==>> null
[2022-03-21 19:24:46,389][all_requests.py 57][INFO]: 接口请求体 data 参数 ==>> {
    "crop_type": "wheat"
}
[2022-03-21 19:24:46,389][all_requests.py 58][INFO]: 接口请求体 json 参数 ==>> null
[2022-03-21 19:24:46,390][all_requests.py 59][INFO]: 接口上传附件 files 参数 ==>> None
[2022-03-21 19:24:46,390][all_requests.py 60][INFO]: 接口 cookies 参数 ==>> null
[2022-03-21 19:24:46,501][keyword_request.py 50][INFO]: 请求返回信息 >>> {"data":{"list":[{"cityName":"南京市","mean":1.6792,"countyName":"六合区"},{"cityName":"扬州市","mean":1.66938,"countyName":"仪征市"},{"cityName":"淮安市","mean":1.63997,"countyName":"盱眙县"},{"cityName":"宿迁市","mean":1.58083,"countyName":"泗洪县"},{"cityName":"南通市","mean":1.53429,"countyName":"如皋市"},{"cityName":"南通市","mean":1.52533,"countyName":"海安县"},{"cityName":"镇江市","mean":1.52349,"countyName":"丹徒区"},{"cityName":"扬州市","mean":1.51803,"countyName":"江都区"},{"cityName":"扬州市","mean":1.48142,"countyName":"高邮市"},{"cityName":"泰州市","mean":1.47393,"countyName":"泰兴市"}],"code":200}}
[2022-03-21 19:24:46,501][keyword_request.py 52][INFO]: resulr.data数据为:True
[2022-03-21 19:24:46,501][keyword_request.py 54][INFO]: 小麦-病害风险最高前十 ==>> 返回状态码为 >> 200
[2022-03-21 19:24:46,501][keyword_request.py 55][INFO]: json.get方法获取状态码200
[2022-03-21 19:24:46,502][test_recovery_plan.py 78][INFO]: 状态码 ==>> 期望结果：200， 实际结果：【 200 】
[2022-03-21 19:24:46,502][test_recovery_plan.py 82][INFO]: except_result数据为：南京市
[2022-03-21 19:24:46,502][test_recovery_plan.py 86][INFO]: *************** 小麦-病害风险最高前十-结束执行用例 ***************
[2022-03-21 19:24:46,513][test_recovery_plan.py 100][INFO]: *************** 水稻=病害风险最高前十-开始执行用例 ***************
[2022-03-21 19:24:46,514][yaml_util1.py 22][INFO]: 读到token ==>>  {'token': 'c0f2a1b2439b5b630c832f789374777831ab4582e09c708eff5aa7039966da6a357a36ee472f6ca109254ffad1af72f8'}
[2022-03-21 19:24:46,516][yaml_util1.py 22][INFO]: 读到token ==>>  {'token': 'c0f2a1b2439b5b630c832f789374777831ab4582e09c708eff5aa7039966da6a357a36ee472f6ca109254ffad1af72f8'}
[2022-03-21 19:24:46,516][all_requests.py 52][INFO]: 接口请求地址 ==>> https://zbapi.gagogroup.cn/api/zhibao/v1/disaster/history/risk_map/top_ten
[2022-03-21 19:24:46,516][all_requests.py 53][INFO]: 接口请求方式 ==>> get
[2022-03-21 19:24:46,516][all_requests.py 55][INFO]: 接口请求头 ==>> null
[2022-03-21 19:24:46,516][all_requests.py 56][INFO]: 接口请求 params 参数 ==>> null
[2022-03-21 19:24:46,517][all_requests.py 57][INFO]: 接口请求体 data 参数 ==>> {
    "crop_type": "rice"
}
[2022-03-21 19:24:46,517][all_requests.py 58][INFO]: 接口请求体 json 参数 ==>> null
[2022-03-21 19:24:46,517][all_requests.py 59][INFO]: 接口上传附件 files 参数 ==>> None
[2022-03-21 19:24:46,517][all_requests.py 60][INFO]: 接口 cookies 参数 ==>> null
[2022-03-21 19:24:46,643][keyword_request.py 50][INFO]: 请求返回信息 >>> {"data":{"list":[{"cityName":"盐城市","mean":2.57974,"countyName":"射阳县"},{"cityName":"盐城市","mean":2.51941,"countyName":"大丰市"},{"cityName":"盐城市","mean":2.50337,"countyName":"滨海县"},{"cityName":"盐城市","mean":2.42456,"countyName":"亭湖区"},{"cityName":"盐城市","mean":2.39769,"countyName":"盐都区"},{"cityName":"盐城市","mean":2.38846,"countyName":"建湖县"},{"cityName":"泰州市","mean":2.32125,"countyName":"兴化市"},{"cityName":"盐城市","mean":2.31968,"countyName":"阜宁县"},{"cityName":"盐城市","mean":2.30921,"countyName":"响水县"},{"cityName":"扬州市","mean":2.2979,"countyName":"宝应县"}],"code":200}}
[2022-03-21 19:24:46,644][keyword_request.py 52][INFO]: resulr.data数据为:True
[2022-03-21 19:24:46,644][keyword_request.py 54][INFO]: 水稻=病害风险最高前十 ==>> 返回状态码为 >> 200
[2022-03-21 19:24:46,644][keyword_request.py 55][INFO]: json.get方法获取状态码200
[2022-03-21 19:24:46,644][test_recovery_plan.py 103][INFO]: 状态码 ==>> 期望结果：200， 实际结果：【 200 】
[2022-03-21 19:24:46,644][test_recovery_plan.py 107][INFO]: except_result数据为：盐城市
[2022-03-21 19:24:46,644][test_recovery_plan.py 111][INFO]: *************** 水稻=病害风险最高前十-结束执行用例 ***************
[2022-03-21 19:24:46,648][conftest.py 28][INFO]: ~~~~~~~~~~在所有请求之后执行一次~~~~~~~~~~~
