[2022-02-14 23:43:51,729][all_requests.py 84][INFO]: 接口请求地址 ==>> http://lvfulong-server.fm-dev.gagogroup.cn:30449/api/v1/user/login
[2022-02-14 23:43:51,729][all_requests.py 85][INFO]: 接口请求方式 ==>> post
[2022-02-14 23:43:51,729][all_requests.py 87][INFO]: 接口请求头 ==>> null
[2022-02-14 23:43:51,730][all_requests.py 88][INFO]: 接口请求 params 参数 ==>> null
[2022-02-14 23:43:51,730][all_requests.py 89][INFO]: 接口请求体 data 参数 ==>> {
    "password": "lvfulong2021",
    "username": "admin"
}
[2022-02-14 23:43:51,730][all_requests.py 90][INFO]: 接口请求体 json 参数 ==>> null
[2022-02-14 23:43:51,730][all_requests.py 91][INFO]: 接口上传附件 files 参数 ==>> None
[2022-02-14 23:43:51,730][all_requests.py 92][INFO]: 接口 cookies 参数 ==>> null
[2022-02-14 23:47:46,137][all_requests.py 84][INFO]: 接口请求地址 ==>> http://lvfulong-server.fm-dev.gagogroup.cn:30449/api/v1/user/login
[2022-02-14 23:47:46,137][all_requests.py 85][INFO]: 接口请求方式 ==>> post
[2022-02-14 23:47:46,137][all_requests.py 87][INFO]: 接口请求头 ==>> null
[2022-02-14 23:47:46,137][all_requests.py 88][INFO]: 接口请求 params 参数 ==>> null
[2022-02-14 23:47:46,138][all_requests.py 89][INFO]: 接口请求体 data 参数 ==>> {
    "password": "lvfulong2021",
    "username": "admin"
}
[2022-02-14 23:47:46,138][all_requests.py 90][INFO]: 接口请求体 json 参数 ==>> null
[2022-02-14 23:47:46,138][all_requests.py 91][INFO]: 接口上传附件 files 参数 ==>> None
[2022-02-14 23:47:46,138][all_requests.py 92][INFO]: 接口 cookies 参数 ==>> null
[2022-02-14 23:48:50,811][all_requests.py 84][INFO]: 接口请求地址 ==>> http://lvfulong-server.fm-dev.gagogroup.cn:30449/api/v1/user/login
[2022-02-14 23:48:50,811][all_requests.py 85][INFO]: 接口请求方式 ==>> post
[2022-02-14 23:48:50,811][all_requests.py 87][INFO]: 接口请求头 ==>> null
[2022-02-14 23:48:50,811][all_requests.py 88][INFO]: 接口请求 params 参数 ==>> null
[2022-02-14 23:48:50,811][all_requests.py 89][INFO]: 接口请求体 data 参数 ==>> {
    "password": "lvfulong2021",
    "username": "admin"
}
[2022-02-14 23:48:50,812][all_requests.py 90][INFO]: 接口请求体 json 参数 ==>> null
[2022-02-14 23:48:50,812][all_requests.py 91][INFO]: 接口上传附件 files 参数 ==>> None
[2022-02-14 23:48:50,812][all_requests.py 92][INFO]: 接口 cookies 参数 ==>> null
[2022-02-14 23:48:59,678][all_requests.py 84][INFO]: 接口请求地址 ==>> http://lvfulong-server.fm-dev.gagogroup.cn:30449/api/v1/user/login
[2022-02-14 23:48:59,678][all_requests.py 85][INFO]: 接口请求方式 ==>> post
[2022-02-14 23:48:59,678][all_requests.py 87][INFO]: 接口请求头 ==>> null
[2022-02-14 23:48:59,679][all_requests.py 88][INFO]: 接口请求 params 参数 ==>> null
[2022-02-14 23:48:59,679][all_requests.py 89][INFO]: 接口请求体 data 参数 ==>> {
    "password": "lvfulong2021",
    "username": "admin"
}
[2022-02-14 23:48:59,679][all_requests.py 90][INFO]: 接口请求体 json 参数 ==>> null
[2022-02-14 23:48:59,679][all_requests.py 91][INFO]: 接口上传附件 files 参数 ==>> None
[2022-02-14 23:48:59,679][all_requests.py 92][INFO]: 接口 cookies 参数 ==>> null
[2022-02-14 23:54:30,140][all_requests.py 84][INFO]: 接口请求地址 ==>> http://lvfulong-server.fm-dev.gagogroup.cn:30449/api/v1/user/login
[2022-02-14 23:54:30,140][all_requests.py 85][INFO]: 接口请求方式 ==>> post
[2022-02-14 23:54:30,140][all_requests.py 87][INFO]: 接口请求头 ==>> null
[2022-02-14 23:54:30,140][all_requests.py 88][INFO]: 接口请求 params 参数 ==>> null
[2022-02-14 23:54:30,140][all_requests.py 89][INFO]: 接口请求体 data 参数 ==>> {
    "password": "lvfulong2021",
    "username": "admin"
}
[2022-02-14 23:54:30,140][all_requests.py 90][INFO]: 接口请求体 json 参数 ==>> null
[2022-02-14 23:54:30,140][all_requests.py 91][INFO]: 接口上传附件 files 参数 ==>> None
[2022-02-14 23:54:30,140][all_requests.py 92][INFO]: 接口 cookies 参数 ==>> null
[2022-02-14 23:54:47,400][all_requests.py 84][INFO]: 接口请求地址 ==>> http://lvfulong-server.fm-dev.gagogroup.cn:30449/api/v1/user/login
[2022-02-14 23:54:47,400][all_requests.py 85][INFO]: 接口请求方式 ==>> post
[2022-02-14 23:54:47,400][all_requests.py 87][INFO]: 接口请求头 ==>> null
[2022-02-14 23:54:47,401][all_requests.py 88][INFO]: 接口请求 params 参数 ==>> null
[2022-02-14 23:54:47,401][all_requests.py 89][INFO]: 接口请求体 data 参数 ==>> {
    "password": "lvfulong2021",
    "username": "admin"
}
[2022-02-14 23:54:47,401][all_requests.py 90][INFO]: 接口请求体 json 参数 ==>> null
[2022-02-14 23:54:47,401][all_requests.py 91][INFO]: 接口上传附件 files 参数 ==>> None
[2022-02-14 23:54:47,401][all_requests.py 92][INFO]: 接口 cookies 参数 ==>> null
