[2022-02-28 10:30:53,720][yaml_util1.py 48][INFO]: 加载 /Users/chenjiawei/Desktop/automation/github/pytestdemo/config/setting.ini 文件......
[2022-02-28 10:30:53,722][yaml_util1.py 25][INFO]: 加载 ==>> /Users/chenjiawei/Desktop/automation/github/pytestdemo/data_file/test_case.yaml文件.....
[2022-02-28 10:30:53,735][yaml_util1.py 28][INFO]: 读到数据 ==>>  {'test_01': [['登录', '用户登录', 'post', '/api/v1/user/login', {'password': 'lvfulong2021', 'username': 'admin'}, True, 200, 'admin']], 'test_02': [['采收计划管理', '获取采收计划', 'get', '/api/v1/harvest_plan/list', {'year': '', 'page': 1, 'size': 15, 'product_name': '', 'sow_start_data': '', 'sow_end_data': '', 'house_type': '01'}, True, 200, '连栋温室']], 'test_03': [['大屏', '大屏地图上方数据', 'get', '/api/v1/control_pannel/area_count', '', True, 200, 500]], 'test_04': [['大屏', '大屏气象数据', 'get', '/api/v1/control_pannel/weather', '', True, 200, '延庆']]}
[2022-02-28 10:30:53,898][yaml_util1.py 48][INFO]: 加载 /Users/chenjiawei/Desktop/automation/github/pytestdemo/config/setting.ini 文件......
[2022-02-28 10:30:53,928][conftest.py 25][INFO]: ~~~~~~~~~~在所有请求之前执行一次~~~~~~~~~~~
[2022-02-28 10:30:53,928][yaml_util1.py 45][INFO]: 重置 /extract_token.yaml文件.......
[2022-02-28 10:30:53,932][test_login.py 32][INFO]: *************** 用户登录-开始执行用例 ***************
[2022-02-28 10:30:53,933][all_requests.py 52][INFO]: 接口请求地址 ==>> http://lvfulong-server.fm-dev.gagogroup.cn:30449/api/v1/user/login
[2022-02-28 10:30:53,934][all_requests.py 53][INFO]: 接口请求方式 ==>> post
[2022-02-28 10:30:53,934][all_requests.py 55][INFO]: 接口请求头 ==>> null
[2022-02-28 10:30:53,934][all_requests.py 56][INFO]: 接口请求 params 参数 ==>> null
[2022-02-28 10:30:53,935][all_requests.py 57][INFO]: 接口请求体 data 参数 ==>> {
    "password": "lvfulong2021",
    "username": "admin"
}
[2022-02-28 10:30:53,935][all_requests.py 58][INFO]: 接口请求体 json 参数 ==>> null
[2022-02-28 10:30:53,936][all_requests.py 59][INFO]: 接口上传附件 files 参数 ==>> None
[2022-02-28 10:30:53,936][all_requests.py 60][INFO]: 接口 cookies 参数 ==>> null
[2022-02-28 10:31:08,393][yaml_util1.py 36][INFO]: 获取token：{'token': 'c148a908-065b-4ad0-bd70-8891799621d7'}......
[2022-02-28 10:31:08,394][yaml_util1.py 39][INFO]: 已将{'token': 'c148a908-065b-4ad0-bd70-8891799621d7'}写入/extract_token.yaml文件......
[2022-02-28 10:31:08,395][keyword_request.py 41][INFO]: resulr.data数据为:True
[2022-02-28 10:31:08,395][keyword_request.py 43][INFO]: 用户登录 ==>> 返回状态码为 >> 200
[2022-02-28 10:31:08,395][test_login.py 34][INFO]: 状态码 ==>> 期望结果：200， 实际结果：【 200 】
[2022-02-28 10:31:08,395][test_login.py 38][INFO]: except_result数据为：admin
[2022-02-28 10:31:08,395][test_login.py 41][INFO]: *************** 用户登录-结束执行用例 ***************
[2022-02-28 10:31:08,407][test_screen.py 29][INFO]: *************** 获取采收计划-开始执行用例 ***************
[2022-02-28 10:31:08,409][all_requests.py 52][INFO]: 接口请求地址 ==>> http://lvfulong-server.fm-dev.gagogroup.cn:30449/api/v1/harvest_plan/list
[2022-02-28 10:31:08,409][all_requests.py 53][INFO]: 接口请求方式 ==>> get
[2022-02-28 10:31:08,409][all_requests.py 55][INFO]: 接口请求头 ==>> null
[2022-02-28 10:31:08,409][all_requests.py 56][INFO]: 接口请求 params 参数 ==>> null
[2022-02-28 10:31:08,409][all_requests.py 57][INFO]: 接口请求体 data 参数 ==>> {
    "year": "",
    "page": 1,
    "size": 15,
    "product_name": "",
    "sow_start_data": "",
    "sow_end_data": "",
    "house_type": "01"
}
[2022-02-28 10:31:08,410][all_requests.py 58][INFO]: 接口请求体 json 参数 ==>> null
[2022-02-28 10:31:08,410][all_requests.py 59][INFO]: 接口上传附件 files 参数 ==>> None
[2022-02-28 10:31:08,410][all_requests.py 60][INFO]: 接口 cookies 参数 ==>> null
[2022-02-28 10:31:08,559][keyword_request.py 41][INFO]: resulr.data数据为:True
[2022-02-28 10:31:08,560][keyword_request.py 43][INFO]: 获取采收计划 ==>> 返回状态码为 >> 200
[2022-02-28 10:31:08,560][test_screen.py 31][INFO]: 状态码 ==>> 期望结果：200， 实际结果：【 200 】
[2022-02-28 10:31:08,560][test_screen.py 35][INFO]: except_result数据为：连栋温室
[2022-02-28 10:31:08,560][test_screen.py 38][INFO]: *************** 获取采收计划-结束执行用例 ***************
[2022-02-28 10:31:08,571][test_recovery_plan.py 25][INFO]: *************** 大屏气象数据-开始执行用例 ***************
[2022-02-28 10:31:08,573][all_requests.py 52][INFO]: 接口请求地址 ==>> http://lvfulong-server.fm-dev.gagogroup.cn:30449/api/v1/control_pannel/weather
[2022-02-28 10:31:08,573][all_requests.py 53][INFO]: 接口请求方式 ==>> get
[2022-02-28 10:31:08,573][all_requests.py 55][INFO]: 接口请求头 ==>> null
[2022-02-28 10:31:08,573][all_requests.py 56][INFO]: 接口请求 params 参数 ==>> null
[2022-02-28 10:31:08,573][all_requests.py 57][INFO]: 接口请求体 data 参数 ==>> ""
[2022-02-28 10:31:08,573][all_requests.py 58][INFO]: 接口请求体 json 参数 ==>> null
[2022-02-28 10:31:08,573][all_requests.py 59][INFO]: 接口上传附件 files 参数 ==>> None
[2022-02-28 10:31:08,574][all_requests.py 60][INFO]: 接口 cookies 参数 ==>> null
[2022-02-28 10:31:20,879][keyword_request.py 41][INFO]: resulr.data数据为:True
[2022-02-28 10:31:20,887][keyword_request.py 43][INFO]: 大屏气象数据 ==>> 返回状态码为 >> 200
[2022-02-28 10:31:20,887][test_recovery_plan.py 27][INFO]: 状态码 ==>> 期望结果：200， 实际结果：【 200 】
[2022-02-28 10:31:20,887][test_recovery_plan.py 31][INFO]: except_result数据为：延庆
[2022-02-28 10:31:20,888][test_recovery_plan.py 34][INFO]: *************** 大屏气象数据-结束执行用例 ***************
[2022-02-28 10:31:20,900][conftest.py 28][INFO]: ~~~~~~~~~~在所有请求之后执行一次~~~~~~~~~~~
[2022-02-28 10:32:12,367][yaml_util1.py 48][INFO]: 加载 /Users/chenjiawei/Desktop/automation/github/pytestdemo/config/setting.ini 文件......
[2022-02-28 10:32:12,369][yaml_util1.py 25][INFO]: 加载 ==>> /Users/chenjiawei/Desktop/automation/github/pytestdemo/data_file/test_case.yaml文件.....
[2022-02-28 10:32:12,374][yaml_util1.py 28][INFO]: 读到数据 ==>>  {'test_01': [['登录', '用户登录', 'post', '/api/v1/user/login', {'password': 'lvfulong2021', 'username': 'admin'}, True, 200, 'admin']], 'test_02': [['采收计划管理', '获取采收计划', 'get', '/api/v1/harvest_plan/list', {'year': '', 'page': 1, 'size': 15, 'product_name': '', 'sow_start_data': '', 'sow_end_data': '', 'house_type': '01'}, True, 200, '连栋温室']], 'test_03': [['大屏', '大屏地图上方数据', 'get', '/api/v1/control_pannel/area_count', '', True, 200, 500]], 'test_04': [['大屏', '大屏气象数据', 'get', '/api/v1/control_pannel/weather', '', True, 20, '延庆']]}
[2022-02-28 10:32:12,445][yaml_util1.py 48][INFO]: 加载 /Users/chenjiawei/Desktop/automation/github/pytestdemo/config/setting.ini 文件......
[2022-02-28 10:32:12,463][conftest.py 25][INFO]: ~~~~~~~~~~在所有请求之前执行一次~~~~~~~~~~~
[2022-02-28 10:32:12,463][yaml_util1.py 45][INFO]: 重置 /extract_token.yaml文件.......
[2022-02-28 10:32:12,465][test_login.py 32][INFO]: *************** 用户登录-开始执行用例 ***************
[2022-02-28 10:32:12,466][all_requests.py 52][INFO]: 接口请求地址 ==>> http://lvfulong-server.fm-dev.gagogroup.cn:30449/api/v1/user/login
[2022-02-28 10:32:12,466][all_requests.py 53][INFO]: 接口请求方式 ==>> post
[2022-02-28 10:32:12,466][all_requests.py 55][INFO]: 接口请求头 ==>> null
[2022-02-28 10:32:12,466][all_requests.py 56][INFO]: 接口请求 params 参数 ==>> null
[2022-02-28 10:32:12,466][all_requests.py 57][INFO]: 接口请求体 data 参数 ==>> {
    "password": "lvfulong2021",
    "username": "admin"
}
[2022-02-28 10:32:12,467][all_requests.py 58][INFO]: 接口请求体 json 参数 ==>> null
[2022-02-28 10:32:12,467][all_requests.py 59][INFO]: 接口上传附件 files 参数 ==>> None
[2022-02-28 10:32:12,467][all_requests.py 60][INFO]: 接口 cookies 参数 ==>> null
[2022-02-28 10:32:18,222][yaml_util1.py 36][INFO]: 获取token：{'token': 'e9481a2e-d1b5-44c1-beb4-3a681406cb58'}......
[2022-02-28 10:32:18,223][yaml_util1.py 39][INFO]: 已将{'token': 'e9481a2e-d1b5-44c1-beb4-3a681406cb58'}写入/extract_token.yaml文件......
[2022-02-28 10:32:18,223][keyword_request.py 41][INFO]: resulr.data数据为:True
[2022-02-28 10:32:18,223][keyword_request.py 43][INFO]: 用户登录 ==>> 返回状态码为 >> 200
[2022-02-28 10:32:18,223][test_login.py 34][INFO]: 状态码 ==>> 期望结果：200， 实际结果：【 200 】
[2022-02-28 10:32:18,223][test_login.py 38][INFO]: except_result数据为：admin
[2022-02-28 10:32:18,224][test_login.py 41][INFO]: *************** 用户登录-结束执行用例 ***************
[2022-02-28 10:32:18,233][test_screen.py 29][INFO]: *************** 获取采收计划-开始执行用例 ***************
[2022-02-28 10:32:18,234][all_requests.py 52][INFO]: 接口请求地址 ==>> http://lvfulong-server.fm-dev.gagogroup.cn:30449/api/v1/harvest_plan/list
[2022-02-28 10:32:18,234][all_requests.py 53][INFO]: 接口请求方式 ==>> get
[2022-02-28 10:32:18,235][all_requests.py 55][INFO]: 接口请求头 ==>> null
[2022-02-28 10:32:18,235][all_requests.py 56][INFO]: 接口请求 params 参数 ==>> null
[2022-02-28 10:32:18,235][all_requests.py 57][INFO]: 接口请求体 data 参数 ==>> {
    "year": "",
    "page": 1,
    "size": 15,
    "product_name": "",
    "sow_start_data": "",
    "sow_end_data": "",
    "house_type": "01"
}
[2022-02-28 10:32:18,235][all_requests.py 58][INFO]: 接口请求体 json 参数 ==>> null
[2022-02-28 10:32:18,235][all_requests.py 59][INFO]: 接口上传附件 files 参数 ==>> None
[2022-02-28 10:32:18,235][all_requests.py 60][INFO]: 接口 cookies 参数 ==>> null
[2022-02-28 10:32:18,383][keyword_request.py 41][INFO]: resulr.data数据为:True
[2022-02-28 10:32:18,383][keyword_request.py 43][INFO]: 获取采收计划 ==>> 返回状态码为 >> 200
[2022-02-28 10:32:18,384][test_screen.py 31][INFO]: 状态码 ==>> 期望结果：200， 实际结果：【 200 】
[2022-02-28 10:32:18,384][test_screen.py 35][INFO]: except_result数据为：连栋温室
[2022-02-28 10:32:18,384][test_screen.py 38][INFO]: *************** 获取采收计划-结束执行用例 ***************
[2022-02-28 10:32:18,416][test_recovery_plan.py 25][INFO]: *************** 大屏气象数据-开始执行用例 ***************
[2022-02-28 10:32:18,418][all_requests.py 52][INFO]: 接口请求地址 ==>> http://lvfulong-server.fm-dev.gagogroup.cn:30449/api/v1/control_pannel/weather
[2022-02-28 10:32:18,418][all_requests.py 53][INFO]: 接口请求方式 ==>> get
[2022-02-28 10:32:18,419][all_requests.py 55][INFO]: 接口请求头 ==>> null
[2022-02-28 10:32:18,419][all_requests.py 56][INFO]: 接口请求 params 参数 ==>> null
[2022-02-28 10:32:18,419][all_requests.py 57][INFO]: 接口请求体 data 参数 ==>> ""
[2022-02-28 10:32:18,421][all_requests.py 58][INFO]: 接口请求体 json 参数 ==>> null
[2022-02-28 10:32:18,422][all_requests.py 59][INFO]: 接口上传附件 files 参数 ==>> None
[2022-02-28 10:32:18,423][all_requests.py 60][INFO]: 接口 cookies 参数 ==>> null
[2022-02-28 10:32:18,616][keyword_request.py 41][INFO]: resulr.data数据为:True
[2022-02-28 10:32:18,616][keyword_request.py 43][INFO]: 大屏气象数据 ==>> 返回状态码为 >> 200
[2022-02-28 10:32:18,617][test_recovery_plan.py 27][INFO]: 状态码 ==>> 期望结果：20， 实际结果：【 200 】
[2022-02-28 10:32:18,617][test_recovery_plan.py 29][INFO]: 断言失败，except_code返回为：20
[2022-02-28 10:32:18,680][conftest.py 28][INFO]: ~~~~~~~~~~在所有请求之后执行一次~~~~~~~~~~~
[2022-02-28 14:36:45,314][yaml_util1.py 48][INFO]: 加载 /Users/chenjiawei/Desktop/automation/github1/pytestdemo/config/setting.ini 文件......
[2022-02-28 14:36:45,317][yaml_util1.py 25][INFO]: 加载 ==>> /Users/chenjiawei/Desktop/automation/github1/pytestdemo/data_file/test_case.yaml文件.....
[2022-02-28 14:36:45,324][yaml_util1.py 28][INFO]: 读到数据 ==>>  {'test_01': [['登录', '用户登录', 'post', '/api/v1/user/login', {'password': 'lvfulong2021', 'username': 'admin'}, True, 200, 'admin']], 'test_02': [['采收计划管理', '获取采收计划', 'get', '/api/v1/harvest_plan/list', {'year': '', 'page': 1, 'size': 15, 'product_name': '', 'sow_start_data': '', 'sow_end_data': '', 'house_type': '01'}, True, 200, '连栋温室']], 'test_03': [['大屏', '大屏地图上方数据', 'get', '/api/v1/control_pannel/area_count', '', True, 200, 500]], 'test_04': [['大屏', '大屏气象数据', 'get', '/api/v1/control_pannel/weather', '', True, 20, '延庆']]}
[2022-02-28 14:36:45,405][yaml_util1.py 48][INFO]: 加载 /Users/chenjiawei/Desktop/automation/github1/pytestdemo/config/setting.ini 文件......
[2022-02-28 14:36:45,424][conftest.py 25][INFO]: ~~~~~~~~~~在所有请求之前执行一次~~~~~~~~~~~
[2022-02-28 14:36:45,425][yaml_util1.py 45][INFO]: 重置 /extract_token.yaml文件.......
[2022-02-28 14:36:45,429][test_login.py 32][INFO]: *************** 用户登录-开始执行用例 ***************
[2022-02-28 14:36:45,430][all_requests.py 52][INFO]: 接口请求地址 ==>> http://lvfulong-server.fm-dev.gagogroup.cn:30449/api/v1/user/login
[2022-02-28 14:36:45,430][all_requests.py 53][INFO]: 接口请求方式 ==>> post
[2022-02-28 14:36:45,430][all_requests.py 55][INFO]: 接口请求头 ==>> null
[2022-02-28 14:36:45,431][all_requests.py 56][INFO]: 接口请求 params 参数 ==>> null
[2022-02-28 14:36:45,431][all_requests.py 57][INFO]: 接口请求体 data 参数 ==>> {
    "password": "lvfulong2021",
    "username": "admin"
}
[2022-02-28 14:36:45,431][all_requests.py 58][INFO]: 接口请求体 json 参数 ==>> null
[2022-02-28 14:36:45,431][all_requests.py 59][INFO]: 接口上传附件 files 参数 ==>> None
[2022-02-28 14:36:45,431][all_requests.py 60][INFO]: 接口 cookies 参数 ==>> null
[2022-02-28 14:36:48,325][yaml_util1.py 36][INFO]: 获取token：{'token': '71ec77af-0edc-46d7-9381-85f1c888d19e'}......
[2022-02-28 14:36:48,326][yaml_util1.py 39][INFO]: 已将{'token': '71ec77af-0edc-46d7-9381-85f1c888d19e'}写入/extract_token.yaml文件......
[2022-02-28 14:36:48,326][keyword_request.py 41][INFO]: resulr.data数据为:True
[2022-02-28 14:36:48,327][keyword_request.py 43][INFO]: 用户登录 ==>> 返回状态码为 >> 200
[2022-02-28 14:36:48,327][test_login.py 34][INFO]: 状态码 ==>> 期望结果：200， 实际结果：【 200 】
[2022-02-28 14:36:48,327][test_login.py 38][INFO]: except_result数据为：admin
[2022-02-28 14:36:48,327][test_login.py 41][INFO]: *************** 用户登录-结束执行用例 ***************
[2022-02-28 14:36:48,338][test_screen.py 29][INFO]: *************** 获取采收计划-开始执行用例 ***************
[2022-02-28 14:36:48,339][all_requests.py 52][INFO]: 接口请求地址 ==>> http://lvfulong-server.fm-dev.gagogroup.cn:30449/api/v1/harvest_plan/list
[2022-02-28 14:36:48,340][all_requests.py 53][INFO]: 接口请求方式 ==>> get
[2022-02-28 14:36:48,340][all_requests.py 55][INFO]: 接口请求头 ==>> null
[2022-02-28 14:36:48,340][all_requests.py 56][INFO]: 接口请求 params 参数 ==>> null
[2022-02-28 14:36:48,340][all_requests.py 57][INFO]: 接口请求体 data 参数 ==>> {
    "year": "",
    "page": 1,
    "size": 15,
    "product_name": "",
    "sow_start_data": "",
    "sow_end_data": "",
    "house_type": "01"
}
[2022-02-28 14:36:48,341][all_requests.py 58][INFO]: 接口请求体 json 参数 ==>> null
[2022-02-28 14:36:48,341][all_requests.py 59][INFO]: 接口上传附件 files 参数 ==>> None
[2022-02-28 14:36:48,341][all_requests.py 60][INFO]: 接口 cookies 参数 ==>> null
[2022-02-28 14:36:48,497][keyword_request.py 41][INFO]: resulr.data数据为:True
[2022-02-28 14:36:48,497][keyword_request.py 43][INFO]: 获取采收计划 ==>> 返回状态码为 >> 200
[2022-02-28 14:36:48,498][test_screen.py 31][INFO]: 状态码 ==>> 期望结果：200， 实际结果：【 200 】
[2022-02-28 14:36:48,498][test_screen.py 35][INFO]: except_result数据为：连栋温室
[2022-02-28 14:36:48,498][test_screen.py 38][INFO]: *************** 获取采收计划-结束执行用例 ***************
[2022-02-28 14:36:48,513][test_recovery_plan.py 25][INFO]: *************** 大屏气象数据-开始执行用例 ***************
[2022-02-28 14:36:48,514][all_requests.py 52][INFO]: 接口请求地址 ==>> http://lvfulong-server.fm-dev.gagogroup.cn:30449/api/v1/control_pannel/weather
[2022-02-28 14:36:48,514][all_requests.py 53][INFO]: 接口请求方式 ==>> get
[2022-02-28 14:36:48,515][all_requests.py 55][INFO]: 接口请求头 ==>> null
[2022-02-28 14:36:48,515][all_requests.py 56][INFO]: 接口请求 params 参数 ==>> null
[2022-02-28 14:36:48,515][all_requests.py 57][INFO]: 接口请求体 data 参数 ==>> ""
[2022-02-28 14:36:48,515][all_requests.py 58][INFO]: 接口请求体 json 参数 ==>> null
[2022-02-28 14:36:48,515][all_requests.py 59][INFO]: 接口上传附件 files 参数 ==>> None
[2022-02-28 14:36:48,515][all_requests.py 60][INFO]: 接口 cookies 参数 ==>> null
[2022-02-28 14:36:54,252][keyword_request.py 41][INFO]: resulr.data数据为:True
[2022-02-28 14:36:54,252][keyword_request.py 43][INFO]: 大屏气象数据 ==>> 返回状态码为 >> 200
[2022-02-28 14:36:54,253][test_recovery_plan.py 27][INFO]: 状态码 ==>> 期望结果：20， 实际结果：【 200 】
[2022-02-28 14:36:54,253][test_recovery_plan.py 29][INFO]: 断言失败，except_code返回为：20
[2022-02-28 14:36:54,263][conftest.py 28][INFO]: ~~~~~~~~~~在所有请求之后执行一次~~~~~~~~~~~
[2022-02-28 19:09:50,319][yaml_util1.py 48][INFO]: 加载 /Users/chenjiawei/Desktop/automation/github_project/jiangsuzhibao/config/setting.ini 文件......
[2022-02-28 19:09:50,322][yaml_util1.py 25][INFO]: 加载 ==>> /Users/chenjiawei/Desktop/automation/github_project/jiangsuzhibao/data_file/test_case.yaml文件.....
[2022-02-28 19:09:50,331][yaml_util1.py 28][INFO]: 读到数据 ==>>  {'test_01': [['登录', '用户登录', 'post', '/api/v1/user/login', {'password': 'lvfulong2021', 'username': 'admin'}, True, 200, 'admin']], 'test_02': [['采收计划管理', '获取采收计划', 'get', '/api/v1/harvest_plan/list', {'year': '', 'page': 1, 'size': 15, 'product_name': '', 'sow_start_data': '', 'sow_end_data': '', 'house_type': '01'}, True, 200, '连栋温室']], 'test_03': [['大屏', '大屏地图上方数据', 'get', '/api/v1/control_pannel/area_count', '', True, 200, 500]], 'test_04': [['大屏', '大屏气象数据', 'get', '/api/v1/control_pannel/weather', '', True, 20, '延庆']]}
[2022-02-28 19:09:50,808][yaml_util1.py 48][INFO]: 加载 /Users/chenjiawei/Desktop/automation/github_project/jiangsuzhibao/config/setting.ini 文件......
[2022-02-28 19:10:24,667][yaml_util1.py 48][INFO]: 加载 /Users/chenjiawei/Desktop/automation/github_project/jiangsuzhibao/config/setting.ini 文件......
[2022-02-28 19:10:24,668][yaml_util1.py 25][INFO]: 加载 ==>> /Users/chenjiawei/Desktop/automation/github_project/jiangsuzhibao/data_file/test_case.yaml文件.....
[2022-02-28 19:10:24,674][yaml_util1.py 28][INFO]: 读到数据 ==>>  {'test_01': [['登录', '用户登录', 'post', '/api/v1/user/login', {'password': 'lvfulong2021', 'username': 'admin'}, True, 200, 'admin']], 'test_02': [['采收计划管理', '获取采收计划', 'get', '/api/v1/harvest_plan/list', {'year': '', 'page': 1, 'size': 15, 'product_name': '', 'sow_start_data': '', 'sow_end_data': '', 'house_type': '01'}, True, 200, '连栋温室']], 'test_03': [['大屏', '大屏地图上方数据', 'get', '/api/v1/control_pannel/area_count', '', True, 200, 500]], 'test_04': [['大屏', '大屏气象数据', 'get', '/api/v1/control_pannel/weather', '', True, 20, '延庆']]}
[2022-02-28 19:10:24,740][yaml_util1.py 48][INFO]: 加载 /Users/chenjiawei/Desktop/automation/github_project/jiangsuzhibao/config/setting.ini 文件......
[2022-02-28 19:10:24,757][conftest.py 25][INFO]: ~~~~~~~~~~在所有请求之前执行一次~~~~~~~~~~~
[2022-02-28 19:10:24,757][yaml_util1.py 45][INFO]: 重置 /extract_token.yaml文件.......
[2022-02-28 19:10:24,760][test_login.py 32][INFO]: *************** 用户登录-开始执行用例 ***************
[2022-02-28 19:10:24,761][all_requests.py 52][INFO]: 接口请求地址 ==>> http://lvfulong-server.fm-dev.gagogroup.cn:30449/api/v1/user/login
[2022-02-28 19:10:24,761][all_requests.py 53][INFO]: 接口请求方式 ==>> post
[2022-02-28 19:10:24,761][all_requests.py 55][INFO]: 接口请求头 ==>> null
[2022-02-28 19:10:24,761][all_requests.py 56][INFO]: 接口请求 params 参数 ==>> null
[2022-02-28 19:10:24,761][all_requests.py 57][INFO]: 接口请求体 data 参数 ==>> {
    "password": "lvfulong2021",
    "username": "admin"
}
[2022-02-28 19:10:24,761][all_requests.py 58][INFO]: 接口请求体 json 参数 ==>> null
[2022-02-28 19:10:24,761][all_requests.py 59][INFO]: 接口上传附件 files 参数 ==>> None
[2022-02-28 19:10:24,762][all_requests.py 60][INFO]: 接口 cookies 参数 ==>> null
[2022-02-28 19:10:26,927][yaml_util1.py 36][INFO]: 获取token：{'token': '33809495-e205-485b-81dd-c9d16efa61a1'}......
[2022-02-28 19:10:26,928][yaml_util1.py 39][INFO]: 已将{'token': '33809495-e205-485b-81dd-c9d16efa61a1'}写入/extract_token.yaml文件......
[2022-02-28 19:10:26,929][keyword_request.py 41][INFO]: resulr.data数据为:True
[2022-02-28 19:10:26,929][keyword_request.py 43][INFO]: 用户登录 ==>> 返回状态码为 >> 200
[2022-02-28 19:10:26,929][test_login.py 34][INFO]: 状态码 ==>> 期望结果：200， 实际结果：【 200 】
[2022-02-28 19:10:26,929][test_login.py 38][INFO]: except_result数据为：admin
[2022-02-28 19:10:26,929][test_login.py 41][INFO]: *************** 用户登录-结束执行用例 ***************
[2022-02-28 19:10:26,939][test_screen.py 29][INFO]: *************** 获取采收计划-开始执行用例 ***************
[2022-02-28 19:10:26,940][all_requests.py 52][INFO]: 接口请求地址 ==>> http://lvfulong-server.fm-dev.gagogroup.cn:30449/api/v1/harvest_plan/list
[2022-02-28 19:10:26,940][all_requests.py 53][INFO]: 接口请求方式 ==>> get
[2022-02-28 19:10:26,940][all_requests.py 55][INFO]: 接口请求头 ==>> null
[2022-02-28 19:10:26,941][all_requests.py 56][INFO]: 接口请求 params 参数 ==>> null
[2022-02-28 19:10:26,941][all_requests.py 57][INFO]: 接口请求体 data 参数 ==>> {
    "year": "",
    "page": 1,
    "size": 15,
    "product_name": "",
    "sow_start_data": "",
    "sow_end_data": "",
    "house_type": "01"
}
[2022-02-28 19:10:26,941][all_requests.py 58][INFO]: 接口请求体 json 参数 ==>> null
[2022-02-28 19:10:26,941][all_requests.py 59][INFO]: 接口上传附件 files 参数 ==>> None
[2022-02-28 19:10:26,942][all_requests.py 60][INFO]: 接口 cookies 参数 ==>> null
[2022-02-28 19:10:27,080][keyword_request.py 41][INFO]: resulr.data数据为:True
[2022-02-28 19:10:27,080][keyword_request.py 43][INFO]: 获取采收计划 ==>> 返回状态码为 >> 200
[2022-02-28 19:10:27,082][test_screen.py 31][INFO]: 状态码 ==>> 期望结果：200， 实际结果：【 200 】
[2022-02-28 19:10:27,083][test_screen.py 35][INFO]: except_result数据为：连栋温室
[2022-02-28 19:10:27,083][test_screen.py 38][INFO]: *************** 获取采收计划-结束执行用例 ***************
[2022-02-28 19:10:27,104][test_recovery_plan.py 25][INFO]: *************** 大屏气象数据-开始执行用例 ***************
[2022-02-28 19:10:27,107][all_requests.py 52][INFO]: 接口请求地址 ==>> http://lvfulong-server.fm-dev.gagogroup.cn:30449/api/v1/control_pannel/weather
[2022-02-28 19:10:27,107][all_requests.py 53][INFO]: 接口请求方式 ==>> get
[2022-02-28 19:10:27,107][all_requests.py 55][INFO]: 接口请求头 ==>> null
[2022-02-28 19:10:27,107][all_requests.py 56][INFO]: 接口请求 params 参数 ==>> null
[2022-02-28 19:10:27,108][all_requests.py 57][INFO]: 接口请求体 data 参数 ==>> ""
[2022-02-28 19:10:27,108][all_requests.py 58][INFO]: 接口请求体 json 参数 ==>> null
[2022-02-28 19:10:27,108][all_requests.py 59][INFO]: 接口上传附件 files 参数 ==>> None
[2022-02-28 19:10:27,108][all_requests.py 60][INFO]: 接口 cookies 参数 ==>> null
[2022-02-28 19:10:27,747][keyword_request.py 41][INFO]: resulr.data数据为:True
[2022-02-28 19:10:27,747][keyword_request.py 43][INFO]: 大屏气象数据 ==>> 返回状态码为 >> 200
[2022-02-28 19:10:27,747][test_recovery_plan.py 27][INFO]: 状态码 ==>> 期望结果：20， 实际结果：【 200 】
[2022-02-28 19:10:27,747][test_recovery_plan.py 29][INFO]: 断言失败，except_code返回为：20
[2022-02-28 19:10:27,757][conftest.py 28][INFO]: ~~~~~~~~~~在所有请求之后执行一次~~~~~~~~~~~
